2003.07.28 12:13 B C:\Documents and Settings\Administrator\My Documents\WorkPrograms\MatlabFiles\MeshPaperFiles\OpticLobe\BuildUpFigsMesh.m --> rsunx.crn.cogs.susx.ac.uk /rsunx/home/andrewop/TempLap/MatlabFiles/MeshPaperFiles/OpticLobe BuildUpFigsMesh.m
2003.07.28 12:13 B C:\Documents and Settings\Administrator\My Documents\WorkPrograms\MatlabFiles\MeshPaperFiles\OpticLobe\CheckAccFig2.m --> rsunx.crn.cogs.susx.ac.uk /rsunx/home/andrewop/TempLap/MatlabFiles/MeshPaperFiles/OpticLobe CheckAccFig2.m
2003.07.28 12:13 B C:\Documents and Settings\Administrator\My Documents\WorkPrograms\MatlabFiles\MeshPaperFiles\OpticLobe\CheckFin2Inf.m --> rsunx.crn.cogs.susx.ac.uk /rsunx/home/andrewop/TempLap/MatlabFiles/MeshPaperFiles/OpticLobe CheckFin2Inf.m
2003.07.28 12:13 B C:\Documents and Settings\Administrator\My Documents\WorkPrograms\MatlabFiles\MeshPaperFiles\OpticLobe\CheckMinMaxLobe.m --> rsunx.crn.cogs.susx.ac.uk /rsunx/home/andrewop/TempLap/MatlabFiles/MeshPaperFiles/OpticLobe CheckMinMaxLobe.m
2003.07.28 12:13 B C:\Documents and Settings\Administrator\My Documents\WorkPrograms\MatlabFiles\MeshPaperFiles\OpticLobe\CheckSpaceStep.m --> rsunx.crn.cogs.susx.ac.uk /rsunx/home/andrewop/TempLap/MatlabFiles/MeshPaperFiles/OpticLobe CheckSpaceStep.m
2003.07.28 12:13 B C:\Documents and Settings\Administrator\My Documents\WorkPrograms\MatlabFiles\MeshPaperFiles\OpticLobe\CheckTStep.m --> rsunx.crn.cogs.susx.ac.uk /rsunx/home/andrewop/TempLap/MatlabFiles/MeshPaperFiles/OpticLobe CheckTStep.m
2003.07.28 12:13 B C:\Documents and Settings\Administrator\My Documents\WorkPrograms\MatlabFiles\MeshPaperFiles\OpticLobe\d3dperp.m --> rsunx.crn.cogs.susx.ac.uk /rsunx/home/andrewop/TempLap/MatlabFiles/MeshPaperFiles/OpticLobe d3dperp.m
2003.07.28 12:13 B C:\Documents and Settings\Administrator\My Documents\WorkPrograms\MatlabFiles\MeshPaperFiles\OpticLobe\dmmp.m --> rsunx.crn.cogs.susx.ac.uk /rsunx/home/andrewop/TempLap/MatlabFiles/MeshPaperFiles/OpticLobe dmmp.m
2003.07.28 12:13 B C:\Documents and Settings\Administrator\My Documents\WorkPrograms\MatlabFiles\MeshPaperFiles\OpticLobe\ErrorsZ200.mat --> rsunx.crn.cogs.susx.ac.uk /rsunx/home/andrewop/TempLap/MatlabFiles/MeshPaperFiles/OpticLobe ErrorsZ200.mat
2003.07.28 12:13 B C:\Documents and Settings\Administrator\My Documents\WorkPrograms\MatlabFiles\MeshPaperFiles\OpticLobe\ErrorsZ250.mat --> rsunx.crn.cogs.susx.ac.uk /rsunx/home/andrewop/TempLap/MatlabFiles/MeshPaperFiles/OpticLobe ErrorsZ250.mat
2003.07.28 12:13 B C:\Documents and Settings\Administrator\My Documents\WorkPrograms\MatlabFiles\MeshPaperFiles\OpticLobe\Fig3Pic.m --> rsunx.crn.cogs.susx.ac.uk /rsunx/home/andrewop/TempLap/MatlabFiles/MeshPaperFiles/OpticLobe Fig3Pic.m
2003.07.28 12:13 B C:\Documents and Settings\Administrator\My Documents\WorkPrograms\MatlabFiles\MeshPaperFiles\OpticLobe\Fig3PicV1.m --> rsunx.crn.cogs.susx.ac.uk /rsunx/home/andrewop/TempLap/MatlabFiles/MeshPaperFiles/OpticLobe Fig3PicV1.m
2003.07.28 12:13 B C:\Documents and Settings\Administrator\My Documents\WorkPrograms\MatlabFiles\MeshPaperFiles\OpticLobe\Fig3PicV3.m --> rsunx.crn.cogs.susx.ac.uk /rsunx/home/andrewop/TempLap/MatlabFiles/MeshPaperFiles/OpticLobe Fig3PicV3.m
2003.07.28 12:13 B C:\Documents and Settings\Administrator\My Documents\WorkPrograms\MatlabFiles\MeshPaperFiles\OpticLobe\Fig3PicV4.m --> rsunx.crn.cogs.susx.ac.uk /rsunx/home/andrewop/TempLap/MatlabFiles/MeshPaperFiles/OpticLobe Fig3PicV4.m
2003.07.28 12:13 B C:\Documents and Settings\Administrator\My Documents\WorkPrograms\MatlabFiles\MeshPaperFiles\OpticLobe\Fig4OutlineData.mat --> rsunx.crn.cogs.susx.ac.uk /rsunx/home/andrewop/TempLap/MatlabFiles/MeshPaperFiles/OpticLobe Fig4OutlineData.mat
2003.07.28 12:13 B C:\Documents and Settings\Administrator\My Documents\WorkPrograms\MatlabFiles\MeshPaperFiles\OpticLobe\Fig4PaperVShortData.mat --> rsunx.crn.cogs.susx.ac.uk /rsunx/home/andrewop/TempLap/MatlabFiles/MeshPaperFiles/OpticLobe Fig4PaperVShortData.mat
2003.07.28 12:13 B C:\Documents and Settings\Administrator\My Documents\WorkPrograms\MatlabFiles\MeshPaperFiles\OpticLobe\Fig4Pic.m --> rsunx.crn.cogs.susx.ac.uk /rsunx/home/andrewop/TempLap/MatlabFiles/MeshPaperFiles/OpticLobe Fig4Pic.m
2003.07.28 12:13 B C:\Documents and Settings\Administrator\My Documents\WorkPrograms\MatlabFiles\MeshPaperFiles\OpticLobe\Fig4PicV1.m --> rsunx.crn.cogs.susx.ac.uk /rsunx/home/andrewop/TempLap/MatlabFiles/MeshPaperFiles/OpticLobe Fig4PicV1.m
2003.07.28 12:13 B C:\Documents and Settings\Administrator\My Documents\WorkPrograms\MatlabFiles\MeshPaperFiles\OpticLobe\Fig4PicV2.m --> rsunx.crn.cogs.susx.ac.uk /rsunx/home/andrewop/TempLap/MatlabFiles/MeshPaperFiles/OpticLobe Fig4PicV2.m
2003.07.28 12:13 B C:\Documents and Settings\Administrator\My Documents\WorkPrograms\MatlabFiles\MeshPaperFiles\OpticLobe\Fig4PicVNatNeuro.m --> rsunx.crn.cogs.susx.ac.uk /rsunx/home/andrewop/TempLap/MatlabFiles/MeshPaperFiles/OpticLobe Fig4PicVNatNeuro.m
2003.07.28 12:13 B C:\Documents and Settings\Administrator\My Documents\WorkPrograms\MatlabFiles\MeshPaperFiles\OpticLobe\Fig4PicVShort.m --> rsunx.crn.cogs.susx.ac.uk /rsunx/home/andrewop/TempLap/MatlabFiles/MeshPaperFiles/OpticLobe Fig4PicVShort.m
2003.07.28 12:13 B C:\Documents and Settings\Administrator\My Documents\WorkPrograms\MatlabFiles\MeshPaperFiles\OpticLobe\LobeX1_36B1.m --> rsunx.crn.cogs.susx.ac.uk /rsunx/home/andrewop/TempLap/MatlabFiles/MeshPaperFiles/OpticLobe LobeX1_36B1.m
2003.07.28 12:13 B C:\Documents and Settings\Administrator\My Documents\WorkPrograms\MatlabFiles\MeshPaperFiles\OpticLobe\SingVsDispersedPics.m --> rsunx.crn.cogs.susx.ac.uk /rsunx/home/andrewop/TempLap/MatlabFiles/MeshPaperFiles/OpticLobe SingVsDispersedPics.m
2003.07.28 12:13 B C:\Documents and Settings\Administrator\My Documents\WorkPrograms\MatlabFiles\MeshPaperFiles\OpticLobe\tempDiffs.m --> rsunx.crn.cogs.susx.ac.uk /rsunx/home/andrewop/TempLap/MatlabFiles/MeshPaperFiles/OpticLobe tempDiffs.m
2003.07.28 12:13 B C:\Documents and Settings\Administrator\My Documents\WorkPrograms\MatlabFiles\MeshPaperFiles\OpticLobe\templobe.m --> rsunx.crn.cogs.susx.ac.uk /rsunx/home/andrewop/TempLap/MatlabFiles/MeshPaperFiles/OpticLobe templobe.m
2003.07.28 12:13 B C:\Documents and Settings\Administrator\My Documents\WorkPrograms\MatlabFiles\MeshPaperFiles\OpticLobe\TempPatPic.m --> rsunx.crn.cogs.susx.ac.uk /rsunx/home/andrewop/TempLap/MatlabFiles/MeshPaperFiles/OpticLobe TempPatPic.m
2003.07.28 12:13 B C:\Documents and Settings\Administrator\My Documents\WorkPrograms\MatlabFiles\MeshPaperFiles\OpticLobe\TubeAnVsDE.m --> rsunx.crn.cogs.susx.ac.uk /rsunx/home/andrewop/TempLap/MatlabFiles/MeshPaperFiles/OpticLobe TubeAnVsDE.m
2003.07.28 12:13 B C:\Documents and Settings\Administrator\My Documents\WorkPrograms\MatlabFiles\MeshPaperFiles\OpticLobe\TubeAnVsDEAllTimes.m --> rsunx.crn.cogs.susx.ac.uk /rsunx/home/andrewop/TempLap/MatlabFiles/MeshPaperFiles/OpticLobe TubeAnVsDEAllTimes.m
2003.07.28 12:13 B C:\Documents and Settings\Administrator\My Documents\WorkPrograms\MatlabFiles\MeshPaperFiles\OpticLobe\TubeAnVsDEAllTimesV2.m --> rsunx.crn.cogs.susx.ac.uk /rsunx/home/andrewop/TempLap/MatlabFiles/MeshPaperFiles/OpticLobe TubeAnVsDEAllTimesV2.m
2003.07.28 12:13 B C:\Documents and Settings\Administrator\My Documents\WorkPrograms\MatlabFiles\MeshPaperFiles\OpticLobe\TubeAnVsDEData.m --> rsunx.crn.cogs.susx.ac.uk /rsunx/home/andrewop/TempLap/MatlabFiles/MeshPaperFiles/OpticLobe TubeAnVsDEData.m
2004.03.08 13:41 B C:\Documents and Settings\Administrator\My Documents\WorkPrograms\MatlabFiles\MeshPaperFiles\OpticLobe\CheckAccFig2.m --> rsunx.crn.cogs.susx.ac.uk /rsunx/home/andrewop/TempLap/MatlabFiles/MeshPaperFiles/OpticLobe CheckAccFig2.m
2004.03.08 13:41 B C:\Documents and Settings\Administrator\My Documents\WorkPrograms\MatlabFiles\MeshPaperFiles\OpticLobe\CheckFin2Inf.m --> rsunx.crn.cogs.susx.ac.uk /rsunx/home/andrewop/TempLap/MatlabFiles/MeshPaperFiles/OpticLobe CheckFin2Inf.m
2004.03.08 13:41 B C:\Documents and Settings\Administrator\My Documents\WorkPrograms\MatlabFiles\MeshPaperFiles\OpticLobe\CheckMinMaxLobe.m --> rsunx.crn.cogs.susx.ac.uk /rsunx/home/andrewop/TempLap/MatlabFiles/MeshPaperFiles/OpticLobe CheckMinMaxLobe.m
2004.03.08 13:41 B C:\Documents and Settings\Administrator\My Documents\WorkPrograms\MatlabFiles\MeshPaperFiles\OpticLobe\CheckSpaceStep.m --> rsunx.crn.cogs.susx.ac.uk /rsunx/home/andrewop/TempLap/MatlabFiles/MeshPaperFiles/OpticLobe CheckSpaceStep.m
2004.03.08 13:41 B C:\Documents and Settings\Administrator\My Documents\WorkPrograms\MatlabFiles\MeshPaperFiles\OpticLobe\CheckTStep.m --> rsunx.crn.cogs.susx.ac.uk /rsunx/home/andrewop/TempLap/MatlabFiles/MeshPaperFiles/OpticLobe CheckTStep.m
2004.03.08 13:41 B C:\Documents and Settings\Administrator\My Documents\WorkPrograms\MatlabFiles\MeshPaperFiles\OpticLobe\d3dperp.m --> rsunx.crn.cogs.susx.ac.uk /rsunx/home/andrewop/TempLap/MatlabFiles/MeshPaperFiles/OpticLobe d3dperp.m
2004.03.08 13:41 B C:\Documents and Settings\Administrator\My Documents\WorkPrograms\MatlabFiles\MeshPaperFiles\OpticLobe\dmmp.m --> rsunx.crn.cogs.susx.ac.uk /rsunx/home/andrewop/TempLap/MatlabFiles/MeshPaperFiles/OpticLobe dmmp.m
2004.03.08 13:41 B C:\Documents and Settings\Administrator\My Documents\WorkPrograms\MatlabFiles\MeshPaperFiles\OpticLobe\ErrorsZ200.mat --> rsunx.crn.cogs.susx.ac.uk /rsunx/home/andrewop/TempLap/MatlabFiles/MeshPaperFiles/OpticLobe ErrorsZ200.mat
2004.03.08 13:41 B C:\Documents and Settings\Administrator\My Documents\WorkPrograms\MatlabFiles\MeshPaperFiles\OpticLobe\ErrorsZ250.mat --> rsunx.crn.cogs.susx.ac.uk /rsunx/home/andrewop/TempLap/MatlabFiles/MeshPaperFiles/OpticLobe ErrorsZ250.mat
2004.03.08 13:41 B C:\Documents and Settings\Administrator\My Documents\WorkPrograms\MatlabFiles\MeshPaperFiles\OpticLobe\Fig3Pic.m --> rsunx.crn.cogs.susx.ac.uk /rsunx/home/andrewop/TempLap/MatlabFiles/MeshPaperFiles/OpticLobe Fig3Pic.m
2004.03.08 13:41 B C:\Documents and Settings\Administrator\My Documents\WorkPrograms\MatlabFiles\MeshPaperFiles\OpticLobe\Fig3PicV1.m --> rsunx.crn.cogs.susx.ac.uk /rsunx/home/andrewop/TempLap/MatlabFiles/MeshPaperFiles/OpticLobe Fig3PicV1.m
2004.03.08 13:41 B C:\Documents and Settings\Administrator\My Documents\WorkPrograms\MatlabFiles\MeshPaperFiles\OpticLobe\Fig3PicV3.m --> rsunx.crn.cogs.susx.ac.uk /rsunx/home/andrewop/TempLap/MatlabFiles/MeshPaperFiles/OpticLobe Fig3PicV3.m
2004.03.08 13:41 B C:\Documents and Settings\Administrator\My Documents\WorkPrograms\MatlabFiles\MeshPaperFiles\OpticLobe\Fig3PicV4.m --> rsunx.crn.cogs.susx.ac.uk /rsunx/home/andrewop/TempLap/MatlabFiles/MeshPaperFiles/OpticLobe Fig3PicV4.m
2004.03.08 13:41 B C:\Documents and Settings\Administrator\My Documents\WorkPrograms\MatlabFiles\MeshPaperFiles\OpticLobe\Fig4OutlineData.mat --> rsunx.crn.cogs.susx.ac.uk /rsunx/home/andrewop/TempLap/MatlabFiles/MeshPaperFiles/OpticLobe Fig4OutlineData.mat
2004.03.08 13:41 B C:\Documents and Settings\Administrator\My Documents\WorkPrograms\MatlabFiles\MeshPaperFiles\OpticLobe\Fig4PaperVShortData.mat --> rsunx.crn.cogs.susx.ac.uk /rsunx/home/andrewop/TempLap/MatlabFiles/MeshPaperFiles/OpticLobe Fig4PaperVShortData.mat
2004.03.08 13:41 B C:\Documents and Settings\Administrator\My Documents\WorkPrograms\MatlabFiles\MeshPaperFiles\OpticLobe\Fig4PicV1.m --> rsunx.crn.cogs.susx.ac.uk /rsunx/home/andrewop/TempLap/MatlabFiles/MeshPaperFiles/OpticLobe Fig4PicV1.m
2004.03.08 13:41 B C:\Documents and Settings\Administrator\My Documents\WorkPrograms\MatlabFiles\MeshPaperFiles\OpticLobe\Fig4PicV2.m --> rsunx.crn.cogs.susx.ac.uk /rsunx/home/andrewop/TempLap/MatlabFiles/MeshPaperFiles/OpticLobe Fig4PicV2.m
2004.03.08 13:41 B C:\Documents and Settings\Administrator\My Documents\WorkPrograms\MatlabFiles\MeshPaperFiles\OpticLobe\Fig4PicVNatNeuro.m --> rsunx.crn.cogs.susx.ac.uk /rsunx/home/andrewop/TempLap/MatlabFiles/MeshPaperFiles/OpticLobe Fig4PicVNatNeuro.m
2004.03.08 13:41 B C:\Documents and Settings\Administrator\My Documents\WorkPrograms\MatlabFiles\MeshPaperFiles\OpticLobe\SingVsDispersedPics.m --> rsunx.crn.cogs.susx.ac.uk /rsunx/home/andrewop/TempLap/MatlabFiles/MeshPaperFiles/OpticLobe SingVsDispersedPics.m
2004.03.08 13:41 B C:\Documents and Settings\Administrator\My Documents\WorkPrograms\MatlabFiles\MeshPaperFiles\OpticLobe\tempDiffs.m --> rsunx.crn.cogs.susx.ac.uk /rsunx/home/andrewop/TempLap/MatlabFiles/MeshPaperFiles/OpticLobe tempDiffs.m
2004.03.08 13:41 B C:\Documents and Settings\Administrator\My Documents\WorkPrograms\MatlabFiles\MeshPaperFiles\OpticLobe\templobe.m --> rsunx.crn.cogs.susx.ac.uk /rsunx/home/andrewop/TempLap/MatlabFiles/MeshPaperFiles/OpticLobe templobe.m
2004.03.08 13:41 B C:\Documents and Settings\Administrator\My Documents\WorkPrograms\MatlabFiles\MeshPaperFiles\OpticLobe\TempPatPic.m --> rsunx.crn.cogs.susx.ac.uk /rsunx/home/andrewop/TempLap/MatlabFiles/MeshPaperFiles/OpticLobe TempPatPic.m
2004.03.08 13:41 B C:\Documents and Settings\Administrator\My Documents\WorkPrograms\MatlabFiles\MeshPaperFiles\OpticLobe\TubeAnVsDE.m --> rsunx.crn.cogs.susx.ac.uk /rsunx/home/andrewop/TempLap/MatlabFiles/MeshPaperFiles/OpticLobe TubeAnVsDE.m
2004.03.08 13:41 B C:\Documents and Settings\Administrator\My Documents\WorkPrograms\MatlabFiles\MeshPaperFiles\OpticLobe\TubeAnVsDEAllTimes.m --> rsunx.crn.cogs.susx.ac.uk /rsunx/home/andrewop/TempLap/MatlabFiles/MeshPaperFiles/OpticLobe TubeAnVsDEAllTimes.m
2004.03.08 13:41 B C:\Documents and Settings\Administrator\My Documents\WorkPrograms\MatlabFiles\MeshPaperFiles\OpticLobe\TubeAnVsDEAllTimesV2.m --> rsunx.crn.cogs.susx.ac.uk /rsunx/home/andrewop/TempLap/MatlabFiles/MeshPaperFiles/OpticLobe TubeAnVsDEAllTimesV2.m
2004.03.08 13:41 B C:\Documents and Settings\Administrator\My Documents\WorkPrograms\MatlabFiles\MeshPaperFiles\OpticLobe\TubeAnVsDEData.m --> rsunx.crn.cogs.susx.ac.uk /rsunx/home/andrewop/TempLap/MatlabFiles/MeshPaperFiles/OpticLobe TubeAnVsDEData.m
2004.03.08 13:41 B C:\Documents and Settings\Administrator\My Documents\WorkPrograms\MatlabFiles\MeshPaperFiles\OpticLobe\WS_FTP.LOG --> rsunx.crn.cogs.susx.ac.uk /rsunx/home/andrewop/TempLap/MatlabFiles/MeshPaperFiles/OpticLobe WS_FTP.LOG
