2003.07.28 12:18 B C:\Documents and Settings\Administrator\My Documents\WorkPrograms\MatlabFiles\TubeFiles\AllLims.m --> rsunx.crn.cogs.susx.ac.uk /rsunx/home/andrewop/TempLap/MatlabFiles/TubeFiles AllLims.m
2003.07.28 12:18 B C:\Documents and Settings\Administrator\My Documents\WorkPrograms\MatlabFiles\TubeFiles\AllSurfaceConcs.m --> rsunx.crn.cogs.susx.ac.uk /rsunx/home/andrewop/TempLap/MatlabFiles/TubeFiles AllSurfaceConcs.m
2003.07.28 12:18 B C:\Documents and Settings\Administrator\My Documents\WorkPrograms\MatlabFiles\TubeFiles\CheckLims.m --> rsunx.crn.cogs.susx.ac.uk /rsunx/home/andrewop/TempLap/MatlabFiles/TubeFiles CheckLims.m
2003.07.28 12:18 B C:\Documents and Settings\Administrator\My Documents\WorkPrograms\MatlabFiles\TubeFiles\DiffStrengthPics.m --> rsunx.crn.cogs.susx.ac.uk /rsunx/home/andrewop/TempLap/MatlabFiles/TubeFiles DiffStrengthPics.m
2003.07.28 12:18 B C:\Documents and Settings\Administrator\My Documents\WorkPrograms\MatlabFiles\TubeFiles\dtube.m --> rsunx.crn.cogs.susx.ac.uk /rsunx/home/andrewop/TempLap/MatlabFiles/TubeFiles dtube.m
2003.07.28 12:18 B C:\Documents and Settings\Administrator\My Documents\WorkPrograms\MatlabFiles\TubeFiles\GetAnTubeConcs.m --> rsunx.crn.cogs.susx.ac.uk /rsunx/home/andrewop/TempLap/MatlabFiles/TubeFiles GetAnTubeConcs.m
2003.07.28 12:18 B C:\Documents and Settings\Administrator\My Documents\WorkPrograms\MatlabFiles\TubeFiles\GetTubeMaxConcs.m --> rsunx.crn.cogs.susx.ac.uk /rsunx/home/andrewop/TempLap/MatlabFiles/TubeFiles GetTubeMaxConcs.m
2003.07.28 12:18 B C:\Documents and Settings\Administrator\My Documents\WorkPrograms\MatlabFiles\TubeFiles\HollowTubePics.m --> rsunx.crn.cogs.susx.ac.uk /rsunx/home/andrewop/TempLap/MatlabFiles/TubeFiles HollowTubePics.m
2003.07.28 12:18 B C:\Documents and Settings\Administrator\My Documents\WorkPrograms\MatlabFiles\TubeFiles\InstRing.m --> rsunx.crn.cogs.susx.ac.uk /rsunx/home/andrewop/TempLap/MatlabFiles/TubeFiles InstRing.m
2003.07.28 12:18 B C:\Documents and Settings\Administrator\My Documents\WorkPrograms\MatlabFiles\TubeFiles\InstTube.m --> rsunx.crn.cogs.susx.ac.uk /rsunx/home/andrewop/TempLap/MatlabFiles/TubeFiles InstTube.m
2003.07.28 12:18 B C:\Documents and Settings\Administrator\My Documents\WorkPrograms\MatlabFiles\TubeFiles\ManyTubeTimes.m --> rsunx.crn.cogs.susx.ac.uk /rsunx/home/andrewop/TempLap/MatlabFiles/TubeFiles ManyTubeTimes.m
2003.07.28 12:18 B C:\Documents and Settings\Administrator\My Documents\WorkPrograms\MatlabFiles\TubeFiles\SurfaceConcEnd.m --> rsunx.crn.cogs.susx.ac.uk /rsunx/home/andrewop/TempLap/MatlabFiles/TubeFiles SurfaceConcEnd.m
2003.07.28 12:18 B C:\Documents and Settings\Administrator\My Documents\WorkPrograms\MatlabFiles\TubeFiles\SurfaceConcs.m --> rsunx.crn.cogs.susx.ac.uk /rsunx/home/andrewop/TempLap/MatlabFiles/TubeFiles SurfaceConcs.m
2003.07.28 12:18 B C:\Documents and Settings\Administrator\My Documents\WorkPrograms\MatlabFiles\TubeFiles\temp.m --> rsunx.crn.cogs.susx.ac.uk /rsunx/home/andrewop/TempLap/MatlabFiles/TubeFiles temp.m
2003.07.28 12:18 B C:\Documents and Settings\Administrator\My Documents\WorkPrograms\MatlabFiles\TubeFiles\TestTube.m --> rsunx.crn.cogs.susx.ac.uk /rsunx/home/andrewop/TempLap/MatlabFiles/TubeFiles TestTube.m
2003.07.28 12:18 B C:\Documents and Settings\Administrator\My Documents\WorkPrograms\MatlabFiles\TubeFiles\TestTubeDist.m --> rsunx.crn.cogs.susx.ac.uk /rsunx/home/andrewop/TempLap/MatlabFiles/TubeFiles TestTubeDist.m
2003.07.28 12:18 B C:\Documents and Settings\Administrator\My Documents\WorkPrograms\MatlabFiles\TubeFiles\TestTubeTime.m --> rsunx.crn.cogs.susx.ac.uk /rsunx/home/andrewop/TempLap/MatlabFiles/TubeFiles TestTubeTime.m
2003.07.28 12:18 B C:\Documents and Settings\Administrator\My Documents\WorkPrograms\MatlabFiles\TubeFiles\ThreshTube.m --> rsunx.crn.cogs.susx.ac.uk /rsunx/home/andrewop/TempLap/MatlabFiles/TubeFiles ThreshTube.m
2003.07.28 12:18 B C:\Documents and Settings\Administrator\My Documents\WorkPrograms\MatlabFiles\TubeFiles\ThreshTubeTrapInt.m --> rsunx.crn.cogs.susx.ac.uk /rsunx/home/andrewop/TempLap/MatlabFiles/TubeFiles ThreshTubeTrapInt.m
2003.07.28 12:18 B C:\Documents and Settings\Administrator\My Documents\WorkPrograms\MatlabFiles\TubeFiles\TrapInt.m --> rsunx.crn.cogs.susx.ac.uk /rsunx/home/andrewop/TempLap/MatlabFiles/TubeFiles TrapInt.m
2003.07.28 12:18 B C:\Documents and Settings\Administrator\My Documents\WorkPrograms\MatlabFiles\TubeFiles\TrapIntRing.m --> rsunx.crn.cogs.susx.ac.uk /rsunx/home/andrewop/TempLap/MatlabFiles/TubeFiles TrapIntRing.m
2003.07.28 12:18 B C:\Documents and Settings\Administrator\My Documents\WorkPrograms\MatlabFiles\TubeFiles\Tube.m --> rsunx.crn.cogs.susx.ac.uk /rsunx/home/andrewop/TempLap/MatlabFiles/TubeFiles Tube.m
2003.07.28 12:18 B C:\Documents and Settings\Administrator\My Documents\WorkPrograms\MatlabFiles\TubeFiles\Tube_tmax.m --> rsunx.crn.cogs.susx.ac.uk /rsunx/home/andrewop/TempLap/MatlabFiles/TubeFiles Tube_tmax.m
2003.07.28 12:18 B C:\Documents and Settings\Administrator\My Documents\WorkPrograms\MatlabFiles\TubeFiles\TubeBurst.m --> rsunx.crn.cogs.susx.ac.uk /rsunx/home/andrewop/TempLap/MatlabFiles/TubeFiles TubeBurst.m
2003.07.28 12:18 B C:\Documents and Settings\Administrator\My Documents\WorkPrograms\MatlabFiles\TubeFiles\TubeFindLim.m --> rsunx.crn.cogs.susx.ac.uk /rsunx/home/andrewop/TempLap/MatlabFiles/TubeFiles TubeFindLim.m
2003.07.28 12:18 B C:\Documents and Settings\Administrator\My Documents\WorkPrograms\MatlabFiles\TubeFiles\TubeOverThresh.m --> rsunx.crn.cogs.susx.ac.uk /rsunx/home/andrewop/TempLap/MatlabFiles/TubeFiles TubeOverThresh.m
2003.07.28 12:18 B C:\Documents and Settings\Administrator\My Documents\WorkPrograms\MatlabFiles\TubeFiles\TubeTemp.m --> rsunx.crn.cogs.susx.ac.uk /rsunx/home/andrewop/TempLap/MatlabFiles/TubeFiles TubeTemp.m
2004.03.08 13:46 B C:\Documents and Settings\Administrator\My Documents\WorkPrograms\MatlabFiles\TubeFiles\AllLims.m --> rsunx.crn.cogs.susx.ac.uk /rsunx/home/andrewop/TempLap/MatlabFiles/TubeFiles AllLims.m
2004.03.08 13:46 B C:\Documents and Settings\Administrator\My Documents\WorkPrograms\MatlabFiles\TubeFiles\AllSurfaceConcs.m --> rsunx.crn.cogs.susx.ac.uk /rsunx/home/andrewop/TempLap/MatlabFiles/TubeFiles AllSurfaceConcs.m
2004.03.08 13:46 B C:\Documents and Settings\Administrator\My Documents\WorkPrograms\MatlabFiles\TubeFiles\CheckLims.m --> rsunx.crn.cogs.susx.ac.uk /rsunx/home/andrewop/TempLap/MatlabFiles/TubeFiles CheckLims.m
2004.03.08 13:46 B C:\Documents and Settings\Administrator\My Documents\WorkPrograms\MatlabFiles\TubeFiles\ConcBurstEnd.m --> rsunx.crn.cogs.susx.ac.uk /rsunx/home/andrewop/TempLap/MatlabFiles/TubeFiles ConcBurstEnd.m
2004.03.08 13:47 B C:\Documents and Settings\Administrator\My Documents\WorkPrograms\MatlabFiles\TubeFiles\ConcsVsDiams.m --> rsunx.crn.cogs.susx.ac.uk /rsunx/home/andrewop/TempLap/MatlabFiles/TubeFiles ConcsVsDiams.m
2004.03.08 13:47 B C:\Documents and Settings\Administrator\My Documents\WorkPrograms\MatlabFiles\TubeFiles\DiffStrengthPics.m --> rsunx.crn.cogs.susx.ac.uk /rsunx/home/andrewop/TempLap/MatlabFiles/TubeFiles DiffStrengthPics.m
2004.03.08 13:47 B C:\Documents and Settings\Administrator\My Documents\WorkPrograms\MatlabFiles\TubeFiles\dtube.m --> rsunx.crn.cogs.susx.ac.uk /rsunx/home/andrewop/TempLap/MatlabFiles/TubeFiles dtube.m
2004.03.08 13:47 B C:\Documents and Settings\Administrator\My Documents\WorkPrograms\MatlabFiles\TubeFiles\FindLimits.m --> rsunx.crn.cogs.susx.ac.uk /rsunx/home/andrewop/TempLap/MatlabFiles/TubeFiles FindLimits.m
2004.03.08 13:47 B C:\Documents and Settings\Administrator\My Documents\WorkPrograms\MatlabFiles\TubeFiles\GetAnTubeConcs.m --> rsunx.crn.cogs.susx.ac.uk /rsunx/home/andrewop/TempLap/MatlabFiles/TubeFiles GetAnTubeConcs.m
2004.03.08 13:47 B C:\Documents and Settings\Administrator\My Documents\WorkPrograms\MatlabFiles\TubeFiles\GetConcVsDiamRelationship.m --> rsunx.crn.cogs.susx.ac.uk /rsunx/home/andrewop/TempLap/MatlabFiles/TubeFiles GetConcVsDiamRelationship.m
2004.03.08 13:47 B C:\Documents and Settings\Administrator\My Documents\WorkPrograms\MatlabFiles\TubeFiles\GetTubeMaxConcs.m --> rsunx.crn.cogs.susx.ac.uk /rsunx/home/andrewop/TempLap/MatlabFiles/TubeFiles GetTubeMaxConcs.m
2004.03.08 13:47 B C:\Documents and Settings\Administrator\My Documents\WorkPrograms\MatlabFiles\TubeFiles\Group10TimeFile.m --> rsunx.crn.cogs.susx.ac.uk /rsunx/home/andrewop/TempLap/MatlabFiles/TubeFiles Group10TimeFile.m
2004.03.08 13:47 B C:\Documents and Settings\Administrator\My Documents\WorkPrograms\MatlabFiles\TubeFiles\Group2TimeFile.m --> rsunx.crn.cogs.susx.ac.uk /rsunx/home/andrewop/TempLap/MatlabFiles/TubeFiles Group2TimeFile.m
2004.03.08 13:47 B C:\Documents and Settings\Administrator\My Documents\WorkPrograms\MatlabFiles\TubeFiles\HollowTubePics.m --> rsunx.crn.cogs.susx.ac.uk /rsunx/home/andrewop/TempLap/MatlabFiles/TubeFiles HollowTubePics.m
2004.03.08 13:47 B C:\Documents and Settings\Administrator\My Documents\WorkPrograms\MatlabFiles\TubeFiles\HspFindLim.m --> rsunx.crn.cogs.susx.ac.uk /rsunx/home/andrewop/TempLap/MatlabFiles/TubeFiles HspFindLim.m
2004.03.08 13:47 B C:\Documents and Settings\Administrator\My Documents\WorkPrograms\MatlabFiles\TubeFiles\InstRing.m --> rsunx.crn.cogs.susx.ac.uk /rsunx/home/andrewop/TempLap/MatlabFiles/TubeFiles InstRing.m
2004.03.08 13:47 B C:\Documents and Settings\Administrator\My Documents\WorkPrograms\MatlabFiles\TubeFiles\InstTube.m --> rsunx.crn.cogs.susx.ac.uk /rsunx/home/andrewop/TempLap/MatlabFiles/TubeFiles InstTube.m
2004.03.08 13:47 B C:\Documents and Settings\Administrator\My Documents\WorkPrograms\MatlabFiles\TubeFiles\ManyTubeTimes.m --> rsunx.crn.cogs.susx.ac.uk /rsunx/home/andrewop/TempLap/MatlabFiles/TubeFiles ManyTubeTimes.m
2004.03.08 13:47 B C:\Documents and Settings\Administrator\My Documents\WorkPrograms\MatlabFiles\TubeFiles\SurfaceConcEnd.m --> rsunx.crn.cogs.susx.ac.uk /rsunx/home/andrewop/TempLap/MatlabFiles/TubeFiles SurfaceConcEnd.m
2004.03.08 13:47 B C:\Documents and Settings\Administrator\My Documents\WorkPrograms\MatlabFiles\TubeFiles\SurfaceConcs.m --> rsunx.crn.cogs.susx.ac.uk /rsunx/home/andrewop/TempLap/MatlabFiles/TubeFiles SurfaceConcs.m
2004.03.08 13:47 B C:\Documents and Settings\Administrator\My Documents\WorkPrograms\MatlabFiles\TubeFiles\TestTube.m --> rsunx.crn.cogs.susx.ac.uk /rsunx/home/andrewop/TempLap/MatlabFiles/TubeFiles TestTube.m
2004.03.08 13:47 B C:\Documents and Settings\Administrator\My Documents\WorkPrograms\MatlabFiles\TubeFiles\TestTubeDist.m --> rsunx.crn.cogs.susx.ac.uk /rsunx/home/andrewop/TempLap/MatlabFiles/TubeFiles TestTubeDist.m
2004.03.08 13:47 B C:\Documents and Settings\Administrator\My Documents\WorkPrograms\MatlabFiles\TubeFiles\TestTubeTime.m --> rsunx.crn.cogs.susx.ac.uk /rsunx/home/andrewop/TempLap/MatlabFiles/TubeFiles TestTubeTime.m
2004.03.08 13:47 B C:\Documents and Settings\Administrator\My Documents\WorkPrograms\MatlabFiles\TubeFiles\ThreshTube.m --> rsunx.crn.cogs.susx.ac.uk /rsunx/home/andrewop/TempLap/MatlabFiles/TubeFiles ThreshTube.m
2004.03.08 13:47 B C:\Documents and Settings\Administrator\My Documents\WorkPrograms\MatlabFiles\TubeFiles\ThreshTubeTrapInt.m --> rsunx.crn.cogs.susx.ac.uk /rsunx/home/andrewop/TempLap/MatlabFiles/TubeFiles ThreshTubeTrapInt.m
2004.03.08 13:47 B C:\Documents and Settings\Administrator\My Documents\WorkPrograms\MatlabFiles\TubeFiles\TrapInt.m --> rsunx.crn.cogs.susx.ac.uk /rsunx/home/andrewop/TempLap/MatlabFiles/TubeFiles TrapInt.m
2004.03.08 13:47 B C:\Documents and Settings\Administrator\My Documents\WorkPrograms\MatlabFiles\TubeFiles\TrapIntRing.m --> rsunx.crn.cogs.susx.ac.uk /rsunx/home/andrewop/TempLap/MatlabFiles/TubeFiles TrapIntRing.m
2004.03.08 13:47 B C:\Documents and Settings\Administrator\My Documents\WorkPrograms\MatlabFiles\TubeFiles\Tube.m --> rsunx.crn.cogs.susx.ac.uk /rsunx/home/andrewop/TempLap/MatlabFiles/TubeFiles Tube.m
2004.03.08 13:47 B C:\Documents and Settings\Administrator\My Documents\WorkPrograms\MatlabFiles\TubeFiles\Tube_tmax.m --> rsunx.crn.cogs.susx.ac.uk /rsunx/home/andrewop/TempLap/MatlabFiles/TubeFiles Tube_tmax.m
2004.03.08 13:47 B C:\Documents and Settings\Administrator\My Documents\WorkPrograms\MatlabFiles\TubeFiles\TubeBurst.m --> rsunx.crn.cogs.susx.ac.uk /rsunx/home/andrewop/TempLap/MatlabFiles/TubeFiles TubeBurst.m
2004.03.08 13:47 B C:\Documents and Settings\Administrator\My Documents\WorkPrograms\MatlabFiles\TubeFiles\TubeFindLim.m --> rsunx.crn.cogs.susx.ac.uk /rsunx/home/andrewop/TempLap/MatlabFiles/TubeFiles TubeFindLim.m
2004.03.08 13:47 B C:\Documents and Settings\Administrator\My Documents\WorkPrograms\MatlabFiles\TubeFiles\TubeOverThresh.m --> rsunx.crn.cogs.susx.ac.uk /rsunx/home/andrewop/TempLap/MatlabFiles/TubeFiles TubeOverThresh.m
2004.03.08 13:47 B C:\Documents and Settings\Administrator\My Documents\WorkPrograms\MatlabFiles\TubeFiles\TubeTemp.m --> rsunx.crn.cogs.susx.ac.uk /rsunx/home/andrewop/TempLap/MatlabFiles/TubeFiles TubeTemp.m
2004.03.08 13:47 B C:\Documents and Settings\Administrator\My Documents\WorkPrograms\MatlabFiles\TubeFiles\WS_FTP.LOG --> rsunx.crn.cogs.susx.ac.uk /rsunx/home/andrewop/TempLap/MatlabFiles/TubeFiles WS_FTP.LOG
