2003.07.28 12:12 B C:\Documents and Settings\Administrator\My Documents\WorkPrograms\MatlabFiles\MatlabGuis\dgui.m --> rsunx.crn.cogs.susx.ac.uk /rsunx/home/andrewop/TempLap/MatlabFiles/MatlabGuis dgui.m
2003.07.28 12:12 B C:\Documents and Settings\Administrator\My Documents\WorkPrograms\MatlabFiles\MatlabGuis\dummy.mat --> rsunx.crn.cogs.susx.ac.uk /rsunx/home/andrewop/TempLap/MatlabFiles/MatlabGuis dummy.mat
2003.07.28 12:12 B C:\Documents and Settings\Administrator\My Documents\WorkPrograms\MatlabFiles\MatlabGuis\FigA.m --> rsunx.crn.cogs.susx.ac.uk /rsunx/home/andrewop/TempLap/MatlabFiles/MatlabGuis FigA.m
2003.07.28 12:12 B C:\Documents and Settings\Administrator\My Documents\WorkPrograms\MatlabFiles\MatlabGuis\FigA.mat --> rsunx.crn.cogs.susx.ac.uk /rsunx/home/andrewop/TempLap/MatlabFiles/MatlabGuis FigA.mat
2003.07.28 12:12 B C:\Documents and Settings\Administrator\My Documents\WorkPrograms\MatlabFiles\MatlabGuis\FigA2.m --> rsunx.crn.cogs.susx.ac.uk /rsunx/home/andrewop/TempLap/MatlabFiles/MatlabGuis FigA2.m
2003.07.28 12:12 B C:\Documents and Settings\Administrator\My Documents\WorkPrograms\MatlabFiles\MatlabGuis\FigAcode.m --> rsunx.crn.cogs.susx.ac.uk /rsunx/home/andrewop/TempLap/MatlabFiles/MatlabGuis FigAcode.m
2003.07.28 12:12 B C:\Documents and Settings\Administrator\My Documents\WorkPrograms\MatlabFiles\MatlabGuis\FigAcode2.m --> rsunx.crn.cogs.susx.ac.uk /rsunx/home/andrewop/TempLap/MatlabFiles/MatlabGuis FigAcode2.m
2003.07.28 12:12 B C:\Documents and Settings\Administrator\My Documents\WorkPrograms\MatlabFiles\MatlabGuis\ICA1calls.m --> rsunx.crn.cogs.susx.ac.uk /rsunx/home/andrewop/TempLap/MatlabFiles/MatlabGuis ICA1calls.m
2003.07.28 12:12 B C:\Documents and Settings\Administrator\My Documents\WorkPrograms\MatlabFiles\MatlabGuis\icagui1.m --> rsunx.crn.cogs.susx.ac.uk /rsunx/home/andrewop/TempLap/MatlabFiles/MatlabGuis icagui1.m
2003.07.28 12:12 B C:\Documents and Settings\Administrator\My Documents\WorkPrograms\MatlabFiles\MatlabGuis\LoadDataFile.m --> rsunx.crn.cogs.susx.ac.uk /rsunx/home/andrewop/TempLap/MatlabFiles/MatlabGuis LoadDataFile.m
2003.07.28 12:12 B C:\Documents and Settings\Administrator\My Documents\WorkPrograms\MatlabFiles\MatlabGuis\OutputsFig.m --> rsunx.crn.cogs.susx.ac.uk /rsunx/home/andrewop/TempLap/MatlabFiles/MatlabGuis OutputsFig.m
2003.07.28 12:12 B C:\Documents and Settings\Administrator\My Documents\WorkPrograms\MatlabFiles\MatlabGuis\OutputsFigCode.m --> rsunx.crn.cogs.susx.ac.uk /rsunx/home/andrewop/TempLap/MatlabFiles/MatlabGuis OutputsFigCode.m
2003.07.28 12:12 B C:\Documents and Settings\Administrator\My Documents\WorkPrograms\MatlabFiles\MatlabGuis\OutputsFigPreCalc.m --> rsunx.crn.cogs.susx.ac.uk /rsunx/home/andrewop/TempLap/MatlabFiles/MatlabGuis OutputsFigPreCalc.m
2004.03.08 13:40 B C:\Documents and Settings\Administrator\My Documents\WorkPrograms\MatlabFiles\MatlabGuis\dgui.m --> rsunx.crn.cogs.susx.ac.uk /rsunx/home/andrewop/TempLap/MatlabFiles/MatlabGuis dgui.m
2004.03.08 13:40 B C:\Documents and Settings\Administrator\My Documents\WorkPrograms\MatlabFiles\MatlabGuis\dummy.mat --> rsunx.crn.cogs.susx.ac.uk /rsunx/home/andrewop/TempLap/MatlabFiles/MatlabGuis dummy.mat
2004.03.08 13:40 B C:\Documents and Settings\Administrator\My Documents\WorkPrograms\MatlabFiles\MatlabGuis\FigA.m --> rsunx.crn.cogs.susx.ac.uk /rsunx/home/andrewop/TempLap/MatlabFiles/MatlabGuis FigA.m
2004.03.08 13:40 B C:\Documents and Settings\Administrator\My Documents\WorkPrograms\MatlabFiles\MatlabGuis\FigA.mat --> rsunx.crn.cogs.susx.ac.uk /rsunx/home/andrewop/TempLap/MatlabFiles/MatlabGuis FigA.mat
2004.03.08 13:40 B C:\Documents and Settings\Administrator\My Documents\WorkPrograms\MatlabFiles\MatlabGuis\FigA2.m --> rsunx.crn.cogs.susx.ac.uk /rsunx/home/andrewop/TempLap/MatlabFiles/MatlabGuis FigA2.m
2004.03.08 13:40 B C:\Documents and Settings\Administrator\My Documents\WorkPrograms\MatlabFiles\MatlabGuis\FigAcode.m --> rsunx.crn.cogs.susx.ac.uk /rsunx/home/andrewop/TempLap/MatlabFiles/MatlabGuis FigAcode.m
2004.03.08 13:40 B C:\Documents and Settings\Administrator\My Documents\WorkPrograms\MatlabFiles\MatlabGuis\FigAcode2.m --> rsunx.crn.cogs.susx.ac.uk /rsunx/home/andrewop/TempLap/MatlabFiles/MatlabGuis FigAcode2.m
2004.03.08 13:40 B C:\Documents and Settings\Administrator\My Documents\WorkPrograms\MatlabFiles\MatlabGuis\ICA1calls.m --> rsunx.crn.cogs.susx.ac.uk /rsunx/home/andrewop/TempLap/MatlabFiles/MatlabGuis ICA1calls.m
2004.03.08 13:40 B C:\Documents and Settings\Administrator\My Documents\WorkPrograms\MatlabFiles\MatlabGuis\icagui1.m --> rsunx.crn.cogs.susx.ac.uk /rsunx/home/andrewop/TempLap/MatlabFiles/MatlabGuis icagui1.m
2004.03.08 13:40 B C:\Documents and Settings\Administrator\My Documents\WorkPrograms\MatlabFiles\MatlabGuis\LoadDataFile.m --> rsunx.crn.cogs.susx.ac.uk /rsunx/home/andrewop/TempLap/MatlabFiles/MatlabGuis LoadDataFile.m
2004.03.08 13:40 B C:\Documents and Settings\Administrator\My Documents\WorkPrograms\MatlabFiles\MatlabGuis\OutputsFig.m --> rsunx.crn.cogs.susx.ac.uk /rsunx/home/andrewop/TempLap/MatlabFiles/MatlabGuis OutputsFig.m
2004.03.08 13:40 B C:\Documents and Settings\Administrator\My Documents\WorkPrograms\MatlabFiles\MatlabGuis\OutputsFigCode.m --> rsunx.crn.cogs.susx.ac.uk /rsunx/home/andrewop/TempLap/MatlabFiles/MatlabGuis OutputsFigCode.m
2004.03.08 13:40 B C:\Documents and Settings\Administrator\My Documents\WorkPrograms\MatlabFiles\MatlabGuis\OutputsFigPreCalc.m --> rsunx.crn.cogs.susx.ac.uk /rsunx/home/andrewop/TempLap/MatlabFiles/MatlabGuis OutputsFigPreCalc.m
2004.03.08 13:40 B C:\Documents and Settings\Administrator\My Documents\WorkPrograms\MatlabFiles\MatlabGuis\WS_FTP.LOG --> rsunx.crn.cogs.susx.ac.uk /rsunx/home/andrewop/TempLap/MatlabFiles/MatlabGuis WS_FTP.LOG
