2003.07.28 12:12 B C:\Documents and Settings\Administrator\My Documents\WorkPrograms\MatlabFiles\DrugFiles\CleanData.m --> rsunx.crn.cogs.susx.ac.uk /rsunx/home/andrewop/TempLap/MatlabFiles/DrugFiles CleanData.m
2003.07.28 12:12 B C:\Documents and Settings\Administrator\My Documents\WorkPrograms\MatlabFiles\DrugFiles\ddrug.m --> rsunx.crn.cogs.susx.ac.uk /rsunx/home/andrewop/TempLap/MatlabFiles/DrugFiles ddrug.m
2003.07.28 12:12 B C:\Documents and Settings\Administrator\My Documents\WorkPrograms\MatlabFiles\DrugFiles\DrugAllGA.m --> rsunx.crn.cogs.susx.ac.uk /rsunx/home/andrewop/TempLap/MatlabFiles/DrugFiles DrugAllGA.m
2003.07.28 12:12 B C:\Documents and Settings\Administrator\My Documents\WorkPrograms\MatlabFiles\DrugFiles\DrugAllGA_Min.m --> rsunx.crn.cogs.susx.ac.uk /rsunx/home/andrewop/TempLap/MatlabFiles/DrugFiles DrugAllGA_Min.m
2003.07.28 12:12 B C:\Documents and Settings\Administrator\My Documents\WorkPrograms\MatlabFiles\DrugFiles\DrugAllGA_X.m --> rsunx.crn.cogs.susx.ac.uk /rsunx/home/andrewop/TempLap/MatlabFiles/DrugFiles DrugAllGA_X.m
2003.07.28 12:12 B C:\Documents and Settings\Administrator\My Documents\WorkPrograms\MatlabFiles\DrugFiles\DrugAllGA_X2.m --> rsunx.crn.cogs.susx.ac.uk /rsunx/home/andrewop/TempLap/MatlabFiles/DrugFiles DrugAllGA_X2.m
2003.07.28 12:12 B C:\Documents and Settings\Administrator\My Documents\WorkPrograms\MatlabFiles\DrugFiles\DrugGA.m --> rsunx.crn.cogs.susx.ac.uk /rsunx/home/andrewop/TempLap/MatlabFiles/DrugFiles DrugGA.m
2003.07.28 12:12 B C:\Documents and Settings\Administrator\My Documents\WorkPrograms\MatlabFiles\DrugFiles\DrugGAGo.m --> rsunx.crn.cogs.susx.ac.uk /rsunx/home/andrewop/TempLap/MatlabFiles/DrugFiles DrugGAGo.m
2003.07.28 12:12 B C:\Documents and Settings\Administrator\My Documents\WorkPrograms\MatlabFiles\DrugFiles\GetChData.m --> rsunx.crn.cogs.susx.ac.uk /rsunx/home/andrewop/TempLap/MatlabFiles/DrugFiles GetChData.m
2003.07.28 12:12 B C:\Documents and Settings\Administrator\My Documents\WorkPrograms\MatlabFiles\DrugFiles\GetCleanDataSets.m --> rsunx.crn.cogs.susx.ac.uk /rsunx/home/andrewop/TempLap/MatlabFiles/DrugFiles GetCleanDataSets.m
2003.07.28 12:12 B C:\Documents and Settings\Administrator\My Documents\WorkPrograms\MatlabFiles\DrugFiles\GetDataSets.m --> rsunx.crn.cogs.susx.ac.uk /rsunx/home/andrewop/TempLap/MatlabFiles/DrugFiles GetDataSets.m
2003.07.28 12:12 B C:\Documents and Settings\Administrator\My Documents\WorkPrograms\MatlabFiles\DrugFiles\GetFVals.m --> rsunx.crn.cogs.susx.ac.uk /rsunx/home/andrewop/TempLap/MatlabFiles/DrugFiles GetFVals.m
2003.07.28 12:12 B C:\Documents and Settings\Administrator\My Documents\WorkPrograms\MatlabFiles\DrugFiles\GetLabels.m --> rsunx.crn.cogs.susx.ac.uk /rsunx/home/andrewop/TempLap/MatlabFiles/DrugFiles GetLabels.m
2003.07.28 12:12 B C:\Documents and Settings\Administrator\My Documents\WorkPrograms\MatlabFiles\DrugFiles\GetLabelsEq.m --> rsunx.crn.cogs.susx.ac.uk /rsunx/home/andrewop/TempLap/MatlabFiles/DrugFiles GetLabelsEq.m
2003.07.28 12:12 B C:\Documents and Settings\Administrator\My Documents\WorkPrograms\MatlabFiles\DrugFiles\GetLHDataSets.m --> rsunx.crn.cogs.susx.ac.uk /rsunx/home/andrewop/TempLap/MatlabFiles/DrugFiles GetLHDataSets.m
2003.07.28 12:12 B C:\Documents and Settings\Administrator\My Documents\WorkPrograms\MatlabFiles\DrugFiles\GetLowHighDataSets.m --> rsunx.crn.cogs.susx.ac.uk /rsunx/home/andrewop/TempLap/MatlabFiles/DrugFiles GetLowHighDataSets.m
2003.07.28 12:12 B C:\Documents and Settings\Administrator\My Documents\WorkPrograms\MatlabFiles\DrugFiles\GetMeanCleanData.m --> rsunx.crn.cogs.susx.ac.uk /rsunx/home/andrewop/TempLap/MatlabFiles/DrugFiles GetMeanCleanData.m
2003.07.28 12:12 B C:\Documents and Settings\Administrator\My Documents\WorkPrograms\MatlabFiles\DrugFiles\GetNCIMeanData.m --> rsunx.crn.cogs.susx.ac.uk /rsunx/home/andrewop/TempLap/MatlabFiles/DrugFiles GetNCIMeanData.m
2003.07.28 12:12 B C:\Documents and Settings\Administrator\My Documents\WorkPrograms\MatlabFiles\DrugFiles\GetNEDataSets.m --> rsunx.crn.cogs.susx.ac.uk /rsunx/home/andrewop/TempLap/MatlabFiles/DrugFiles GetNEDataSets.m
2003.07.28 12:12 B C:\Documents and Settings\Administrator\My Documents\WorkPrograms\MatlabFiles\DrugFiles\GetNumCentres.m --> rsunx.crn.cogs.susx.ac.uk /rsunx/home/andrewop/TempLap/MatlabFiles/DrugFiles GetNumCentres.m
2003.07.28 12:12 B C:\Documents and Settings\Administrator\My Documents\WorkPrograms\MatlabFiles\DrugFiles\GetValData.m --> rsunx.crn.cogs.susx.ac.uk /rsunx/home/andrewop/TempLap/MatlabFiles/DrugFiles GetValData.m
2003.07.28 12:12 B C:\Documents and Settings\Administrator\My Documents\WorkPrograms\MatlabFiles\DrugFiles\GetValDataEq.m --> rsunx.crn.cogs.susx.ac.uk /rsunx/home/andrewop/TempLap/MatlabFiles/DrugFiles GetValDataEq.m
2003.07.28 12:12 B C:\Documents and Settings\Administrator\My Documents\WorkPrograms\MatlabFiles\DrugFiles\KNNDrugs.m --> rsunx.crn.cogs.susx.ac.uk /rsunx/home/andrewop/TempLap/MatlabFiles/DrugFiles KNNDrugs.m
2003.07.28 12:12 B C:\Documents and Settings\Administrator\My Documents\WorkPrograms\MatlabFiles\DrugFiles\MetaDrugAllGA.m --> rsunx.crn.cogs.susx.ac.uk /rsunx/home/andrewop/TempLap/MatlabFiles/DrugFiles MetaDrugAllGA.m
2003.07.28 12:12 B C:\Documents and Settings\Administrator\My Documents\WorkPrograms\MatlabFiles\DrugFiles\MetaDrugGA.m --> rsunx.crn.cogs.susx.ac.uk /rsunx/home/andrewop/TempLap/MatlabFiles/DrugFiles MetaDrugGA.m
2003.07.28 12:12 B C:\Documents and Settings\Administrator\My Documents\WorkPrograms\MatlabFiles\DrugFiles\MetaRBFSVM.m --> rsunx.crn.cogs.susx.ac.uk /rsunx/home/andrewop/TempLap/MatlabFiles/DrugFiles MetaRBFSVM.m
2003.07.28 12:12 B C:\Documents and Settings\Administrator\My Documents\WorkPrograms\MatlabFiles\DrugFiles\MkDataBinary.m --> rsunx.crn.cogs.susx.ac.uk /rsunx/home/andrewop/TempLap/MatlabFiles/DrugFiles MkDataBinary.m
2003.07.28 12:12 B C:\Documents and Settings\Administrator\My Documents\WorkPrograms\MatlabFiles\DrugFiles\MyKnn.m --> rsunx.crn.cogs.susx.ac.uk /rsunx/home/andrewop/TempLap/MatlabFiles/DrugFiles MyKnn.m
2003.07.28 12:12 B C:\Documents and Settings\Administrator\My Documents\WorkPrograms\MatlabFiles\DrugFiles\MyLinSVM.m --> rsunx.crn.cogs.susx.ac.uk /rsunx/home/andrewop/TempLap/MatlabFiles/DrugFiles MyLinSVM.m
2003.07.28 12:12 B C:\Documents and Settings\Administrator\My Documents\WorkPrograms\MatlabFiles\DrugFiles\MyMlpSVM.m --> rsunx.crn.cogs.susx.ac.uk /rsunx/home/andrewop/TempLap/MatlabFiles/DrugFiles MyMlpSVM.m
2003.07.28 12:12 B C:\Documents and Settings\Administrator\My Documents\WorkPrograms\MatlabFiles\DrugFiles\MyOneRbfSVM.m --> rsunx.crn.cogs.susx.ac.uk /rsunx/home/andrewop/TempLap/MatlabFiles/DrugFiles MyOneRbfSVM.m
2003.07.28 12:12 B C:\Documents and Settings\Administrator\My Documents\WorkPrograms\MatlabFiles\DrugFiles\MyPolySVM.m --> rsunx.crn.cogs.susx.ac.uk /rsunx/home/andrewop/TempLap/MatlabFiles/DrugFiles MyPolySVM.m
2003.07.28 12:12 B C:\Documents and Settings\Administrator\My Documents\WorkPrograms\MatlabFiles\DrugFiles\MyRbfSVM.m --> rsunx.crn.cogs.susx.ac.uk /rsunx/home/andrewop/TempLap/MatlabFiles/DrugFiles MyRbfSVM.m
2003.07.28 12:12 B C:\Documents and Settings\Administrator\My Documents\WorkPrograms\MatlabFiles\DrugFiles\OneNN.m --> rsunx.crn.cogs.susx.ac.uk /rsunx/home/andrewop/TempLap/MatlabFiles/DrugFiles OneNN.m
2003.07.28 12:12 B C:\Documents and Settings\Administrator\My Documents\WorkPrograms\MatlabFiles\DrugFiles\RBFDrugs.m --> rsunx.crn.cogs.susx.ac.uk /rsunx/home/andrewop/TempLap/MatlabFiles/DrugFiles RBFDrugs.m
2003.07.28 12:12 B C:\Documents and Settings\Administrator\My Documents\WorkPrograms\MatlabFiles\DrugFiles\RbfSVCnt.m --> rsunx.crn.cogs.susx.ac.uk /rsunx/home/andrewop/TempLap/MatlabFiles/DrugFiles RbfSVCnt.m
2003.07.28 12:12 B C:\Documents and Settings\Administrator\My Documents\WorkPrograms\MatlabFiles\DrugFiles\RbfSVM_GA.m --> rsunx.crn.cogs.susx.ac.uk /rsunx/home/andrewop/TempLap/MatlabFiles/DrugFiles RbfSVM_GA.m
2003.07.28 12:12 B C:\Documents and Settings\Administrator\My Documents\WorkPrograms\MatlabFiles\DrugFiles\RbfSVMnt.m --> rsunx.crn.cogs.susx.ac.uk /rsunx/home/andrewop/TempLap/MatlabFiles/DrugFiles RbfSVMnt.m
2003.07.28 12:12 B C:\Documents and Settings\Administrator\My Documents\WorkPrograms\MatlabFiles\DrugFiles\ScaleData.m --> rsunx.crn.cogs.susx.ac.uk /rsunx/home/andrewop/TempLap/MatlabFiles/DrugFiles ScaleData.m
2003.07.28 12:12 B C:\Documents and Settings\Administrator\My Documents\WorkPrograms\MatlabFiles\DrugFiles\ScaleData2GA.m --> rsunx.crn.cogs.susx.ac.uk /rsunx/home/andrewop/TempLap/MatlabFiles/DrugFiles ScaleData2GA.m
2003.07.28 12:12 B C:\Documents and Settings\Administrator\My Documents\WorkPrograms\MatlabFiles\DrugFiles\ScaleDataChems.m --> rsunx.crn.cogs.susx.ac.uk /rsunx/home/andrewop/TempLap/MatlabFiles/DrugFiles ScaleDataChems.m
2003.07.28 12:12 B C:\Documents and Settings\Administrator\My Documents\WorkPrograms\MatlabFiles\DrugFiles\tempSortVecs.m --> rsunx.crn.cogs.susx.ac.uk /rsunx/home/andrewop/TempLap/MatlabFiles/DrugFiles tempSortVecs.m
2003.07.28 12:12 B C:\Documents and Settings\Administrator\My Documents\WorkPrograms\MatlabFiles\DrugFiles\TestRbfSvm.m --> rsunx.crn.cogs.susx.ac.uk /rsunx/home/andrewop/TempLap/MatlabFiles/DrugFiles TestRbfSvm.m
2003.07.28 12:12 B C:\Documents and Settings\Administrator\My Documents\WorkPrograms\MatlabFiles\DrugFiles\TestRbfSvmAll.m --> rsunx.crn.cogs.susx.ac.uk /rsunx/home/andrewop/TempLap/MatlabFiles/DrugFiles TestRbfSvmAll.m
2003.07.28 12:12 B C:\Documents and Settings\Administrator\My Documents\WorkPrograms\MatlabFiles\DrugFiles\XValDataSet.m --> rsunx.crn.cogs.susx.ac.uk /rsunx/home/andrewop/TempLap/MatlabFiles/DrugFiles XValDataSet.m
2004.03.08 13:39 B C:\Documents and Settings\Administrator\My Documents\WorkPrograms\MatlabFiles\DrugFiles\CleanData.m --> rsunx.crn.cogs.susx.ac.uk /rsunx/home/andrewop/TempLap/MatlabFiles/DrugFiles CleanData.m
2004.03.08 13:39 B C:\Documents and Settings\Administrator\My Documents\WorkPrograms\MatlabFiles\DrugFiles\ddrug.m --> rsunx.crn.cogs.susx.ac.uk /rsunx/home/andrewop/TempLap/MatlabFiles/DrugFiles ddrug.m
2004.03.08 13:39 B C:\Documents and Settings\Administrator\My Documents\WorkPrograms\MatlabFiles\DrugFiles\DrugAllGA.m --> rsunx.crn.cogs.susx.ac.uk /rsunx/home/andrewop/TempLap/MatlabFiles/DrugFiles DrugAllGA.m
2004.03.08 13:39 B C:\Documents and Settings\Administrator\My Documents\WorkPrograms\MatlabFiles\DrugFiles\DrugAllGA_Min.m --> rsunx.crn.cogs.susx.ac.uk /rsunx/home/andrewop/TempLap/MatlabFiles/DrugFiles DrugAllGA_Min.m
2004.03.08 13:39 B C:\Documents and Settings\Administrator\My Documents\WorkPrograms\MatlabFiles\DrugFiles\DrugAllGA_X.m --> rsunx.crn.cogs.susx.ac.uk /rsunx/home/andrewop/TempLap/MatlabFiles/DrugFiles DrugAllGA_X.m
2004.03.08 13:39 B C:\Documents and Settings\Administrator\My Documents\WorkPrograms\MatlabFiles\DrugFiles\DrugAllGA_X2.m --> rsunx.crn.cogs.susx.ac.uk /rsunx/home/andrewop/TempLap/MatlabFiles/DrugFiles DrugAllGA_X2.m
2004.03.08 13:39 B C:\Documents and Settings\Administrator\My Documents\WorkPrograms\MatlabFiles\DrugFiles\DrugGA.m --> rsunx.crn.cogs.susx.ac.uk /rsunx/home/andrewop/TempLap/MatlabFiles/DrugFiles DrugGA.m
2004.03.08 13:39 B C:\Documents and Settings\Administrator\My Documents\WorkPrograms\MatlabFiles\DrugFiles\DrugGAGo.m --> rsunx.crn.cogs.susx.ac.uk /rsunx/home/andrewop/TempLap/MatlabFiles/DrugFiles DrugGAGo.m
2004.03.08 13:39 B C:\Documents and Settings\Administrator\My Documents\WorkPrograms\MatlabFiles\DrugFiles\GetChData.m --> rsunx.crn.cogs.susx.ac.uk /rsunx/home/andrewop/TempLap/MatlabFiles/DrugFiles GetChData.m
2004.03.08 13:39 B C:\Documents and Settings\Administrator\My Documents\WorkPrograms\MatlabFiles\DrugFiles\GetCleanDataSets.m --> rsunx.crn.cogs.susx.ac.uk /rsunx/home/andrewop/TempLap/MatlabFiles/DrugFiles GetCleanDataSets.m
2004.03.08 13:39 B C:\Documents and Settings\Administrator\My Documents\WorkPrograms\MatlabFiles\DrugFiles\GetDataSets.m --> rsunx.crn.cogs.susx.ac.uk /rsunx/home/andrewop/TempLap/MatlabFiles/DrugFiles GetDataSets.m
2004.03.08 13:39 B C:\Documents and Settings\Administrator\My Documents\WorkPrograms\MatlabFiles\DrugFiles\GetFVals.m --> rsunx.crn.cogs.susx.ac.uk /rsunx/home/andrewop/TempLap/MatlabFiles/DrugFiles GetFVals.m
2004.03.08 13:39 B C:\Documents and Settings\Administrator\My Documents\WorkPrograms\MatlabFiles\DrugFiles\GetLabels.m --> rsunx.crn.cogs.susx.ac.uk /rsunx/home/andrewop/TempLap/MatlabFiles/DrugFiles GetLabels.m
2004.03.08 13:39 B C:\Documents and Settings\Administrator\My Documents\WorkPrograms\MatlabFiles\DrugFiles\GetLabelsEq.m --> rsunx.crn.cogs.susx.ac.uk /rsunx/home/andrewop/TempLap/MatlabFiles/DrugFiles GetLabelsEq.m
2004.03.08 13:39 B C:\Documents and Settings\Administrator\My Documents\WorkPrograms\MatlabFiles\DrugFiles\GetLHDataSets.m --> rsunx.crn.cogs.susx.ac.uk /rsunx/home/andrewop/TempLap/MatlabFiles/DrugFiles GetLHDataSets.m
2004.03.08 13:39 B C:\Documents and Settings\Administrator\My Documents\WorkPrograms\MatlabFiles\DrugFiles\GetLowHighDataSets.m --> rsunx.crn.cogs.susx.ac.uk /rsunx/home/andrewop/TempLap/MatlabFiles/DrugFiles GetLowHighDataSets.m
2004.03.08 13:39 B C:\Documents and Settings\Administrator\My Documents\WorkPrograms\MatlabFiles\DrugFiles\GetMeanCleanData.m --> rsunx.crn.cogs.susx.ac.uk /rsunx/home/andrewop/TempLap/MatlabFiles/DrugFiles GetMeanCleanData.m
2004.03.08 13:39 B C:\Documents and Settings\Administrator\My Documents\WorkPrograms\MatlabFiles\DrugFiles\GetNCIMeanData.m --> rsunx.crn.cogs.susx.ac.uk /rsunx/home/andrewop/TempLap/MatlabFiles/DrugFiles GetNCIMeanData.m
2004.03.08 13:39 B C:\Documents and Settings\Administrator\My Documents\WorkPrograms\MatlabFiles\DrugFiles\GetNEDataSets.m --> rsunx.crn.cogs.susx.ac.uk /rsunx/home/andrewop/TempLap/MatlabFiles/DrugFiles GetNEDataSets.m
2004.03.08 13:39 B C:\Documents and Settings\Administrator\My Documents\WorkPrograms\MatlabFiles\DrugFiles\GetNumCentres.m --> rsunx.crn.cogs.susx.ac.uk /rsunx/home/andrewop/TempLap/MatlabFiles/DrugFiles GetNumCentres.m
2004.03.08 13:39 B C:\Documents and Settings\Administrator\My Documents\WorkPrograms\MatlabFiles\DrugFiles\GetValData.m --> rsunx.crn.cogs.susx.ac.uk /rsunx/home/andrewop/TempLap/MatlabFiles/DrugFiles GetValData.m
2004.03.08 13:39 B C:\Documents and Settings\Administrator\My Documents\WorkPrograms\MatlabFiles\DrugFiles\GetValDataEq.m --> rsunx.crn.cogs.susx.ac.uk /rsunx/home/andrewop/TempLap/MatlabFiles/DrugFiles GetValDataEq.m
2004.03.08 13:39 B C:\Documents and Settings\Administrator\My Documents\WorkPrograms\MatlabFiles\DrugFiles\KNNDrugs.m --> rsunx.crn.cogs.susx.ac.uk /rsunx/home/andrewop/TempLap/MatlabFiles/DrugFiles KNNDrugs.m
2004.03.08 13:39 B C:\Documents and Settings\Administrator\My Documents\WorkPrograms\MatlabFiles\DrugFiles\MetaDrugAllGA.m --> rsunx.crn.cogs.susx.ac.uk /rsunx/home/andrewop/TempLap/MatlabFiles/DrugFiles MetaDrugAllGA.m
2004.03.08 13:39 B C:\Documents and Settings\Administrator\My Documents\WorkPrograms\MatlabFiles\DrugFiles\MetaDrugGA.m --> rsunx.crn.cogs.susx.ac.uk /rsunx/home/andrewop/TempLap/MatlabFiles/DrugFiles MetaDrugGA.m
2004.03.08 13:40 B C:\Documents and Settings\Administrator\My Documents\WorkPrograms\MatlabFiles\DrugFiles\MetaRBFSVM.m --> rsunx.crn.cogs.susx.ac.uk /rsunx/home/andrewop/TempLap/MatlabFiles/DrugFiles MetaRBFSVM.m
2004.03.08 13:40 B C:\Documents and Settings\Administrator\My Documents\WorkPrograms\MatlabFiles\DrugFiles\MkDataBinary.m --> rsunx.crn.cogs.susx.ac.uk /rsunx/home/andrewop/TempLap/MatlabFiles/DrugFiles MkDataBinary.m
2004.03.08 13:40 B C:\Documents and Settings\Administrator\My Documents\WorkPrograms\MatlabFiles\DrugFiles\MyKnn.m --> rsunx.crn.cogs.susx.ac.uk /rsunx/home/andrewop/TempLap/MatlabFiles/DrugFiles MyKnn.m
2004.03.08 13:40 B C:\Documents and Settings\Administrator\My Documents\WorkPrograms\MatlabFiles\DrugFiles\MyLinSVM.m --> rsunx.crn.cogs.susx.ac.uk /rsunx/home/andrewop/TempLap/MatlabFiles/DrugFiles MyLinSVM.m
2004.03.08 13:40 B C:\Documents and Settings\Administrator\My Documents\WorkPrograms\MatlabFiles\DrugFiles\MyMlpSVM.m --> rsunx.crn.cogs.susx.ac.uk /rsunx/home/andrewop/TempLap/MatlabFiles/DrugFiles MyMlpSVM.m
2004.03.08 13:40 B C:\Documents and Settings\Administrator\My Documents\WorkPrograms\MatlabFiles\DrugFiles\MyOneRbfSVM.m --> rsunx.crn.cogs.susx.ac.uk /rsunx/home/andrewop/TempLap/MatlabFiles/DrugFiles MyOneRbfSVM.m
2004.03.08 13:40 B C:\Documents and Settings\Administrator\My Documents\WorkPrograms\MatlabFiles\DrugFiles\MyPolySVM.m --> rsunx.crn.cogs.susx.ac.uk /rsunx/home/andrewop/TempLap/MatlabFiles/DrugFiles MyPolySVM.m
2004.03.08 13:40 B C:\Documents and Settings\Administrator\My Documents\WorkPrograms\MatlabFiles\DrugFiles\MyRbfSVM.m --> rsunx.crn.cogs.susx.ac.uk /rsunx/home/andrewop/TempLap/MatlabFiles/DrugFiles MyRbfSVM.m
2004.03.08 13:40 B C:\Documents and Settings\Administrator\My Documents\WorkPrograms\MatlabFiles\DrugFiles\OneNN.m --> rsunx.crn.cogs.susx.ac.uk /rsunx/home/andrewop/TempLap/MatlabFiles/DrugFiles OneNN.m
2004.03.08 13:40 B C:\Documents and Settings\Administrator\My Documents\WorkPrograms\MatlabFiles\DrugFiles\RBFDrugs.m --> rsunx.crn.cogs.susx.ac.uk /rsunx/home/andrewop/TempLap/MatlabFiles/DrugFiles RBFDrugs.m
2004.03.08 13:40 B C:\Documents and Settings\Administrator\My Documents\WorkPrograms\MatlabFiles\DrugFiles\RbfSVCnt.m --> rsunx.crn.cogs.susx.ac.uk /rsunx/home/andrewop/TempLap/MatlabFiles/DrugFiles RbfSVCnt.m
2004.03.08 13:40 B C:\Documents and Settings\Administrator\My Documents\WorkPrograms\MatlabFiles\DrugFiles\RbfSVM_GA.m --> rsunx.crn.cogs.susx.ac.uk /rsunx/home/andrewop/TempLap/MatlabFiles/DrugFiles RbfSVM_GA.m
2004.03.08 13:40 B C:\Documents and Settings\Administrator\My Documents\WorkPrograms\MatlabFiles\DrugFiles\RbfSVMnt.m --> rsunx.crn.cogs.susx.ac.uk /rsunx/home/andrewop/TempLap/MatlabFiles/DrugFiles RbfSVMnt.m
2004.03.08 13:40 B C:\Documents and Settings\Administrator\My Documents\WorkPrograms\MatlabFiles\DrugFiles\ScaleData.m --> rsunx.crn.cogs.susx.ac.uk /rsunx/home/andrewop/TempLap/MatlabFiles/DrugFiles ScaleData.m
2004.03.08 13:40 B C:\Documents and Settings\Administrator\My Documents\WorkPrograms\MatlabFiles\DrugFiles\ScaleData2.m --> rsunx.crn.cogs.susx.ac.uk /rsunx/home/andrewop/TempLap/MatlabFiles/DrugFiles ScaleData2.m
2004.03.08 13:40 B C:\Documents and Settings\Administrator\My Documents\WorkPrograms\MatlabFiles\DrugFiles\ScaleData2GA.m --> rsunx.crn.cogs.susx.ac.uk /rsunx/home/andrewop/TempLap/MatlabFiles/DrugFiles ScaleData2GA.m
2004.03.08 13:40 B C:\Documents and Settings\Administrator\My Documents\WorkPrograms\MatlabFiles\DrugFiles\ScaleDataChems.m --> rsunx.crn.cogs.susx.ac.uk /rsunx/home/andrewop/TempLap/MatlabFiles/DrugFiles ScaleDataChems.m
2004.03.08 13:40 B C:\Documents and Settings\Administrator\My Documents\WorkPrograms\MatlabFiles\DrugFiles\tempSortVecs.m --> rsunx.crn.cogs.susx.ac.uk /rsunx/home/andrewop/TempLap/MatlabFiles/DrugFiles tempSortVecs.m
2004.03.08 13:40 B C:\Documents and Settings\Administrator\My Documents\WorkPrograms\MatlabFiles\DrugFiles\TestRbfSvm.m --> rsunx.crn.cogs.susx.ac.uk /rsunx/home/andrewop/TempLap/MatlabFiles/DrugFiles TestRbfSvm.m
2004.03.08 13:40 B C:\Documents and Settings\Administrator\My Documents\WorkPrograms\MatlabFiles\DrugFiles\TestRbfSvmAll.m --> rsunx.crn.cogs.susx.ac.uk /rsunx/home/andrewop/TempLap/MatlabFiles/DrugFiles TestRbfSvmAll.m
2004.03.08 13:40 B C:\Documents and Settings\Administrator\My Documents\WorkPrograms\MatlabFiles\DrugFiles\WS_FTP.LOG --> rsunx.crn.cogs.susx.ac.uk /rsunx/home/andrewop/TempLap/MatlabFiles/DrugFiles WS_FTP.LOG
2004.03.08 13:40 B C:\Documents and Settings\Administrator\My Documents\WorkPrograms\MatlabFiles\DrugFiles\XValDataSet.m --> rsunx.crn.cogs.susx.ac.uk /rsunx/home/andrewop/TempLap/MatlabFiles/DrugFiles XValDataSet.m
