2003.07.28 12:17 B C:\Documents and Settings\Administrator\My Documents\WorkPrograms\MatlabFiles\ThesisFiles\PerpFiles\Approx3dNumNot.m --> rsunx.crn.cogs.susx.ac.uk /rsunx/home/andrewop/TempLap/MatlabFiles/ThesisFiles/PerpFiles Approx3dNumNot.m
2003.07.28 12:17 B C:\Documents and Settings\Administrator\My Documents\WorkPrograms\MatlabFiles\ThesisFiles\PerpFiles\Fin2InfRnd.m --> rsunx.crn.cogs.susx.ac.uk /rsunx/home/andrewop/TempLap/MatlabFiles/ThesisFiles/PerpFiles Fin2InfRnd.m
2003.07.28 12:17 B C:\Documents and Settings\Administrator\My Documents\WorkPrograms\MatlabFiles\ThesisFiles\PerpFiles\GetAvgSliceData.m --> rsunx.crn.cogs.susx.ac.uk /rsunx/home/andrewop/TempLap/MatlabFiles/ThesisFiles/PerpFiles GetAvgSliceData.m
2003.07.28 12:17 B C:\Documents and Settings\Administrator\My Documents\WorkPrograms\MatlabFiles\ThesisFiles\PerpFiles\LobeContour3d.m --> rsunx.crn.cogs.susx.ac.uk /rsunx/home/andrewop/TempLap/MatlabFiles/ThesisFiles/PerpFiles LobeContour3d.m
2003.07.28 12:17 B C:\Documents and Settings\Administrator\My Documents\WorkPrograms\MatlabFiles\ThesisFiles\PerpFiles\LobeMaxMinDiffs.m --> rsunx.crn.cogs.susx.ac.uk /rsunx/home/andrewop/TempLap/MatlabFiles/ThesisFiles/PerpFiles LobeMaxMinDiffs.m
2003.07.28 12:17 B C:\Documents and Settings\Administrator\My Documents\WorkPrograms\MatlabFiles\ThesisFiles\PerpFiles\LobeSliceDiffs.m --> rsunx.crn.cogs.susx.ac.uk /rsunx/home/andrewop/TempLap/MatlabFiles/ThesisFiles/PerpFiles LobeSliceDiffs.m
2003.07.28 12:17 B C:\Documents and Settings\Administrator\My Documents\WorkPrograms\MatlabFiles\ThesisFiles\PerpFiles\PerpComps.m --> rsunx.crn.cogs.susx.ac.uk /rsunx/home/andrewop/TempLap/MatlabFiles/ThesisFiles/PerpFiles PerpComps.m
2003.07.28 12:17 B C:\Documents and Settings\Administrator\My Documents\WorkPrograms\MatlabFiles\ThesisFiles\PerpFiles\Perpdiffs.m --> rsunx.crn.cogs.susx.ac.uk /rsunx/home/andrewop/TempLap/MatlabFiles/ThesisFiles/PerpFiles Perpdiffs.m
2003.07.28 12:17 B C:\Documents and Settings\Administrator\My Documents\WorkPrograms\MatlabFiles\ThesisFiles\PerpFiles\PerpTree0Times.m --> rsunx.crn.cogs.susx.ac.uk /rsunx/home/andrewop/TempLap/MatlabFiles/ThesisFiles/PerpFiles PerpTree0Times.m
2003.07.28 12:17 B C:\Documents and Settings\Administrator\My Documents\WorkPrograms\MatlabFiles\ThesisFiles\PerpFiles\PerpTreeDiffs.m --> rsunx.crn.cogs.susx.ac.uk /rsunx/home/andrewop/TempLap/MatlabFiles/ThesisFiles/PerpFiles PerpTreeDiffs.m
2003.07.28 12:17 B C:\Documents and Settings\Administrator\My Documents\WorkPrograms\MatlabFiles\ThesisFiles\PerpFiles\ShowDiff2to3d.m --> rsunx.crn.cogs.susx.ac.uk /rsunx/home/andrewop/TempLap/MatlabFiles/ThesisFiles/PerpFiles ShowDiff2to3d.m
2004.03.08 13:46 B C:\Documents and Settings\Administrator\My Documents\WorkPrograms\MatlabFiles\ThesisFiles\PerpFiles\Approx3dNumNot.m --> rsunx.crn.cogs.susx.ac.uk /rsunx/home/andrewop/TempLap/MatlabFiles/ThesisFiles/PerpFiles Approx3dNumNot.m
2004.03.08 13:46 B C:\Documents and Settings\Administrator\My Documents\WorkPrograms\MatlabFiles\ThesisFiles\PerpFiles\Fin2InfRnd.m --> rsunx.crn.cogs.susx.ac.uk /rsunx/home/andrewop/TempLap/MatlabFiles/ThesisFiles/PerpFiles Fin2InfRnd.m
2004.03.08 13:46 B C:\Documents and Settings\Administrator\My Documents\WorkPrograms\MatlabFiles\ThesisFiles\PerpFiles\GetAvgSliceData.m --> rsunx.crn.cogs.susx.ac.uk /rsunx/home/andrewop/TempLap/MatlabFiles/ThesisFiles/PerpFiles GetAvgSliceData.m
2004.03.08 13:46 B C:\Documents and Settings\Administrator\My Documents\WorkPrograms\MatlabFiles\ThesisFiles\PerpFiles\LobeContour3d.m --> rsunx.crn.cogs.susx.ac.uk /rsunx/home/andrewop/TempLap/MatlabFiles/ThesisFiles/PerpFiles LobeContour3d.m
2004.03.08 13:46 B C:\Documents and Settings\Administrator\My Documents\WorkPrograms\MatlabFiles\ThesisFiles\PerpFiles\LobeMaxMinDiffs.m --> rsunx.crn.cogs.susx.ac.uk /rsunx/home/andrewop/TempLap/MatlabFiles/ThesisFiles/PerpFiles LobeMaxMinDiffs.m
2004.03.08 13:46 B C:\Documents and Settings\Administrator\My Documents\WorkPrograms\MatlabFiles\ThesisFiles\PerpFiles\LobeSliceDiffs.m --> rsunx.crn.cogs.susx.ac.uk /rsunx/home/andrewop/TempLap/MatlabFiles/ThesisFiles/PerpFiles LobeSliceDiffs.m
2004.03.08 13:46 B C:\Documents and Settings\Administrator\My Documents\WorkPrograms\MatlabFiles\ThesisFiles\PerpFiles\PerpComps.m --> rsunx.crn.cogs.susx.ac.uk /rsunx/home/andrewop/TempLap/MatlabFiles/ThesisFiles/PerpFiles PerpComps.m
2004.03.08 13:46 B C:\Documents and Settings\Administrator\My Documents\WorkPrograms\MatlabFiles\ThesisFiles\PerpFiles\Perpdiffs.m --> rsunx.crn.cogs.susx.ac.uk /rsunx/home/andrewop/TempLap/MatlabFiles/ThesisFiles/PerpFiles Perpdiffs.m
2004.03.08 13:46 B C:\Documents and Settings\Administrator\My Documents\WorkPrograms\MatlabFiles\ThesisFiles\PerpFiles\PerpTree0Times.m --> rsunx.crn.cogs.susx.ac.uk /rsunx/home/andrewop/TempLap/MatlabFiles/ThesisFiles/PerpFiles PerpTree0Times.m
2004.03.08 13:46 B C:\Documents and Settings\Administrator\My Documents\WorkPrograms\MatlabFiles\ThesisFiles\PerpFiles\PerpTreeDiffs.m --> rsunx.crn.cogs.susx.ac.uk /rsunx/home/andrewop/TempLap/MatlabFiles/ThesisFiles/PerpFiles PerpTreeDiffs.m
2004.03.08 13:46 B C:\Documents and Settings\Administrator\My Documents\WorkPrograms\MatlabFiles\ThesisFiles\PerpFiles\ShowDiff2to3d.m --> rsunx.crn.cogs.susx.ac.uk /rsunx/home/andrewop/TempLap/MatlabFiles/ThesisFiles/PerpFiles ShowDiff2to3d.m
2004.03.08 13:46 B C:\Documents and Settings\Administrator\My Documents\WorkPrograms\MatlabFiles\ThesisFiles\PerpFiles\WS_FTP.LOG --> rsunx.crn.cogs.susx.ac.uk /rsunx/home/andrewop/TempLap/MatlabFiles/ThesisFiles/PerpFiles WS_FTP.LOG
