2003.07.28 12:13 B C:\Documents and Settings\Administrator\My Documents\WorkPrograms\MatlabFiles\MeshPaperFiles\Compare2RegInt.m --> rsunx.crn.cogs.susx.ac.uk /rsunx/home/andrewop/TempLap/MatlabFiles/MeshPaperFiles Compare2RegInt.m
2003.07.28 12:13 B C:\Documents and Settings\Administrator\My Documents\WorkPrograms\MatlabFiles\MeshPaperFiles\dfigs.m --> rsunx.crn.cogs.susx.ac.uk /rsunx/home/andrewop/TempLap/MatlabFiles/MeshPaperFiles dfigs.m
2003.07.28 12:13 B C:\Documents and Settings\Administrator\My Documents\WorkPrograms\MatlabFiles\MeshPaperFiles\DrawLengthBar.m --> rsunx.crn.cogs.susx.ac.uk /rsunx/home/andrewop/TempLap/MatlabFiles/MeshPaperFiles DrawLengthBar.m
2003.07.28 12:13 B C:\Documents and Settings\Administrator\My Documents\WorkPrograms\MatlabFiles\MeshPaperFiles\DrawSynthPulse.m --> rsunx.crn.cogs.susx.ac.uk /rsunx/home/andrewop/TempLap/MatlabFiles/MeshPaperFiles DrawSynthPulse.m
2003.07.28 12:13 B C:\Documents and Settings\Administrator\My Documents\WorkPrograms\MatlabFiles\MeshPaperFiles\ErrorMax.m --> rsunx.crn.cogs.susx.ac.uk /rsunx/home/andrewop/TempLap/MatlabFiles/MeshPaperFiles ErrorMax.m
2003.07.28 12:13 B C:\Documents and Settings\Administrator\My Documents\WorkPrograms\MatlabFiles\MeshPaperFiles\ErrorMin.m --> rsunx.crn.cogs.susx.ac.uk /rsunx/home/andrewop/TempLap/MatlabFiles/MeshPaperFiles ErrorMin.m
2003.07.28 12:13 B C:\Documents and Settings\Administrator\My Documents\WorkPrograms\MatlabFiles\MeshPaperFiles\NumOver.m --> rsunx.crn.cogs.susx.ac.uk /rsunx/home/andrewop/TempLap/MatlabFiles/MeshPaperFiles NumOver.m
2003.07.28 12:13 B C:\Documents and Settings\Administrator\My Documents\WorkPrograms\MatlabFiles\MeshPaperFiles\NumOver3.m --> rsunx.crn.cogs.susx.ac.uk /rsunx/home/andrewop/TempLap/MatlabFiles/MeshPaperFiles NumOver3.m
2003.07.28 12:13 B C:\Documents and Settings\Administrator\My Documents\WorkPrograms\MatlabFiles\MeshPaperFiles\PlotMax.m --> rsunx.crn.cogs.susx.ac.uk /rsunx/home/andrewop/TempLap/MatlabFiles/MeshPaperFiles PlotMax.m
2003.07.28 12:13 B C:\Documents and Settings\Administrator\My Documents\WorkPrograms\MatlabFiles\MeshPaperFiles\PlotMin.m --> rsunx.crn.cogs.susx.ac.uk /rsunx/home/andrewop/TempLap/MatlabFiles/MeshPaperFiles PlotMin.m
2003.07.28 12:13 B C:\Documents and Settings\Administrator\My Documents\WorkPrograms\MatlabFiles\MeshPaperFiles\PlotOver.m --> rsunx.crn.cogs.susx.ac.uk /rsunx/home/andrewop/TempLap/MatlabFiles/MeshPaperFiles PlotOver.m
2003.07.28 12:13 B C:\Documents and Settings\Administrator\My Documents\WorkPrograms\MatlabFiles\MeshPaperFiles\temp.m --> rsunx.crn.cogs.susx.ac.uk /rsunx/home/andrewop/TempLap/MatlabFiles/MeshPaperFiles temp.m
2004.03.08 13:42 B C:\Documents and Settings\Administrator\My Documents\WorkPrograms\MatlabFiles\MeshPaperFiles\Compare2RegInt.m --> rsunx.crn.cogs.susx.ac.uk /rsunx/home/andrewop/TempLap/MatlabFiles/MeshPaperFiles Compare2RegInt.m
2004.03.08 13:42 B C:\Documents and Settings\Administrator\My Documents\WorkPrograms\MatlabFiles\MeshPaperFiles\dfigs.m --> rsunx.crn.cogs.susx.ac.uk /rsunx/home/andrewop/TempLap/MatlabFiles/MeshPaperFiles dfigs.m
2004.03.08 13:42 B C:\Documents and Settings\Administrator\My Documents\WorkPrograms\MatlabFiles\MeshPaperFiles\DrawLengthBar.m --> rsunx.crn.cogs.susx.ac.uk /rsunx/home/andrewop/TempLap/MatlabFiles/MeshPaperFiles DrawLengthBar.m
2004.03.08 13:42 B C:\Documents and Settings\Administrator\My Documents\WorkPrograms\MatlabFiles\MeshPaperFiles\DrawSynthPulse.m --> rsunx.crn.cogs.susx.ac.uk /rsunx/home/andrewop/TempLap/MatlabFiles/MeshPaperFiles DrawSynthPulse.m
2004.03.08 13:42 B C:\Documents and Settings\Administrator\My Documents\WorkPrograms\MatlabFiles\MeshPaperFiles\ErrorMax.m --> rsunx.crn.cogs.susx.ac.uk /rsunx/home/andrewop/TempLap/MatlabFiles/MeshPaperFiles ErrorMax.m
2004.03.08 13:42 B C:\Documents and Settings\Administrator\My Documents\WorkPrograms\MatlabFiles\MeshPaperFiles\ErrorMin.m --> rsunx.crn.cogs.susx.ac.uk /rsunx/home/andrewop/TempLap/MatlabFiles/MeshPaperFiles ErrorMin.m
2004.03.08 13:42 B C:\Documents and Settings\Administrator\My Documents\WorkPrograms\MatlabFiles\MeshPaperFiles\NumOver.m --> rsunx.crn.cogs.susx.ac.uk /rsunx/home/andrewop/TempLap/MatlabFiles/MeshPaperFiles NumOver.m
2004.03.08 13:42 B C:\Documents and Settings\Administrator\My Documents\WorkPrograms\MatlabFiles\MeshPaperFiles\NumOver3.m --> rsunx.crn.cogs.susx.ac.uk /rsunx/home/andrewop/TempLap/MatlabFiles/MeshPaperFiles NumOver3.m
2004.03.08 13:42 B C:\Documents and Settings\Administrator\My Documents\WorkPrograms\MatlabFiles\MeshPaperFiles\PlotMax.m --> rsunx.crn.cogs.susx.ac.uk /rsunx/home/andrewop/TempLap/MatlabFiles/MeshPaperFiles PlotMax.m
2004.03.08 13:42 B C:\Documents and Settings\Administrator\My Documents\WorkPrograms\MatlabFiles\MeshPaperFiles\PlotMin.m --> rsunx.crn.cogs.susx.ac.uk /rsunx/home/andrewop/TempLap/MatlabFiles/MeshPaperFiles PlotMin.m
2004.03.08 13:42 B C:\Documents and Settings\Administrator\My Documents\WorkPrograms\MatlabFiles\MeshPaperFiles\PlotOver.m --> rsunx.crn.cogs.susx.ac.uk /rsunx/home/andrewop/TempLap/MatlabFiles/MeshPaperFiles PlotOver.m
2004.03.08 13:42 B C:\Documents and Settings\Administrator\My Documents\WorkPrograms\MatlabFiles\MeshPaperFiles\temp.m --> rsunx.crn.cogs.susx.ac.uk /rsunx/home/andrewop/TempLap/MatlabFiles/MeshPaperFiles temp.m
2004.03.08 13:42 B C:\Documents and Settings\Administrator\My Documents\WorkPrograms\MatlabFiles\MeshPaperFiles\WS_FTP.LOG --> rsunx.crn.cogs.susx.ac.uk /rsunx/home/andrewop/TempLap/MatlabFiles/MeshPaperFiles WS_FTP.LOG
