2003.07.28 12:16 B C:\Documents and Settings\Administrator\My Documents\WorkPrograms\MatlabFiles\NewStrength\StructuresdataS\holsp_100burst_0.01d_100.mat --> rsunx.crn.cogs.susx.ac.uk /rsunx/home/andrewop/TempLap/MatlabFiles/NewStrength/StructuresdataS holsp_100burst_0.01d_100.mat
2003.07.28 12:16 B C:\Documents and Settings\Administrator\My Documents\WorkPrograms\MatlabFiles\NewStrength\StructuresdataS\holsp_100burst_0.01d_120.mat --> rsunx.crn.cogs.susx.ac.uk /rsunx/home/andrewop/TempLap/MatlabFiles/NewStrength/StructuresdataS holsp_100burst_0.01d_120.mat
2003.07.28 12:16 B C:\Documents and Settings\Administrator\My Documents\WorkPrograms\MatlabFiles\NewStrength\StructuresdataS\holsp_100burst_0.01d_150.mat --> rsunx.crn.cogs.susx.ac.uk /rsunx/home/andrewop/TempLap/MatlabFiles/NewStrength/StructuresdataS holsp_100burst_0.01d_150.mat
2003.07.28 12:16 B C:\Documents and Settings\Administrator\My Documents\WorkPrograms\MatlabFiles\NewStrength\StructuresdataS\holsp_100burst_0.01d_2.2204e-16.mat --> rsunx.crn.cogs.susx.ac.uk /rsunx/home/andrewop/TempLap/MatlabFiles/NewStrength/StructuresdataS holsp_100burst_0.01d_2.2204e-16.mat
2003.07.28 12:16 B C:\Documents and Settings\Administrator\My Documents\WorkPrograms\MatlabFiles\NewStrength\StructuresdataS\holsp_100burst_0.01d_225.mat --> rsunx.crn.cogs.susx.ac.uk /rsunx/home/andrewop/TempLap/MatlabFiles/NewStrength/StructuresdataS holsp_100burst_0.01d_225.mat
2003.07.28 12:16 B C:\Documents and Settings\Administrator\My Documents\WorkPrograms\MatlabFiles\NewStrength\StructuresdataS\holsp_100burst_0.01d_300.mat --> rsunx.crn.cogs.susx.ac.uk /rsunx/home/andrewop/TempLap/MatlabFiles/NewStrength/StructuresdataS holsp_100burst_0.01d_300.mat
2003.07.28 12:16 B C:\Documents and Settings\Administrator\My Documents\WorkPrograms\MatlabFiles\NewStrength\StructuresdataS\holsp_100burst_0.01d_40.mat --> rsunx.crn.cogs.susx.ac.uk /rsunx/home/andrewop/TempLap/MatlabFiles/NewStrength/StructuresdataS holsp_100burst_0.01d_40.mat
2003.07.28 12:16 B C:\Documents and Settings\Administrator\My Documents\WorkPrograms\MatlabFiles\NewStrength\StructuresdataS\holsp_100burst_0.01d_60.mat --> rsunx.crn.cogs.susx.ac.uk /rsunx/home/andrewop/TempLap/MatlabFiles/NewStrength/StructuresdataS holsp_100burst_0.01d_60.mat
2003.07.28 12:16 B C:\Documents and Settings\Administrator\My Documents\WorkPrograms\MatlabFiles\NewStrength\StructuresdataS\holsp_100burst_0.01d_75.mat --> rsunx.crn.cogs.susx.ac.uk /rsunx/home/andrewop/TempLap/MatlabFiles/NewStrength/StructuresdataS holsp_100burst_0.01d_75.mat
2003.07.28 12:16 B C:\Documents and Settings\Administrator\My Documents\WorkPrograms\MatlabFiles\NewStrength\StructuresdataS\holsp_100burst_0.01d_80.mat --> rsunx.crn.cogs.susx.ac.uk /rsunx/home/andrewop/TempLap/MatlabFiles/NewStrength/StructuresdataS holsp_100burst_0.01d_80.mat
2003.07.28 12:16 B C:\Documents and Settings\Administrator\My Documents\WorkPrograms\MatlabFiles\NewStrength\StructuresdataS\holsp_100burst_0.01t_0.0025.mat --> rsunx.crn.cogs.susx.ac.uk /rsunx/home/andrewop/TempLap/MatlabFiles/NewStrength/StructuresdataS holsp_100burst_0.01t_0.0025.mat
2003.07.28 12:16 B C:\Documents and Settings\Administrator\My Documents\WorkPrograms\MatlabFiles\NewStrength\StructuresdataS\holsp_100burst_0.01t_0.005.mat --> rsunx.crn.cogs.susx.ac.uk /rsunx/home/andrewop/TempLap/MatlabFiles/NewStrength/StructuresdataS holsp_100burst_0.01t_0.005.mat
2003.07.28 12:16 B C:\Documents and Settings\Administrator\My Documents\WorkPrograms\MatlabFiles\NewStrength\StructuresdataS\holsp_100burst_0.01t_0.0075.mat --> rsunx.crn.cogs.susx.ac.uk /rsunx/home/andrewop/TempLap/MatlabFiles/NewStrength/StructuresdataS holsp_100burst_0.01t_0.0075.mat
2003.07.28 12:16 B C:\Documents and Settings\Administrator\My Documents\WorkPrograms\MatlabFiles\NewStrength\StructuresdataS\holsp_100burst_0.01t_0.01.mat --> rsunx.crn.cogs.susx.ac.uk /rsunx/home/andrewop/TempLap/MatlabFiles/NewStrength/StructuresdataS holsp_100burst_0.01t_0.01.mat
2003.07.28 12:16 B C:\Documents and Settings\Administrator\My Documents\WorkPrograms\MatlabFiles\NewStrength\StructuresdataS\holsp_100burst_0.01t_0.0125.mat --> rsunx.crn.cogs.susx.ac.uk /rsunx/home/andrewop/TempLap/MatlabFiles/NewStrength/StructuresdataS holsp_100burst_0.01t_0.0125.mat
2003.07.28 12:16 B C:\Documents and Settings\Administrator\My Documents\WorkPrograms\MatlabFiles\NewStrength\StructuresdataS\holsp_100burst_0.01t_0.015.mat --> rsunx.crn.cogs.susx.ac.uk /rsunx/home/andrewop/TempLap/MatlabFiles/NewStrength/StructuresdataS holsp_100burst_0.01t_0.015.mat
2003.07.28 12:16 B C:\Documents and Settings\Administrator\My Documents\WorkPrograms\MatlabFiles\NewStrength\StructuresdataS\holsp_100burst_0.01t_0.02.mat --> rsunx.crn.cogs.susx.ac.uk /rsunx/home/andrewop/TempLap/MatlabFiles/NewStrength/StructuresdataS holsp_100burst_0.01t_0.02.mat
2003.07.28 12:16 B C:\Documents and Settings\Administrator\My Documents\WorkPrograms\MatlabFiles\NewStrength\StructuresdataS\holsp_100burst_0.01t_0.025.mat --> rsunx.crn.cogs.susx.ac.uk /rsunx/home/andrewop/TempLap/MatlabFiles/NewStrength/StructuresdataS holsp_100burst_0.01t_0.025.mat
2003.07.28 12:16 B C:\Documents and Settings\Administrator\My Documents\WorkPrograms\MatlabFiles\NewStrength\StructuresdataS\holsp_100burst_0.01t_0.05.mat --> rsunx.crn.cogs.susx.ac.uk /rsunx/home/andrewop/TempLap/MatlabFiles/NewStrength/StructuresdataS holsp_100burst_0.01t_0.05.mat
2003.07.28 12:16 B C:\Documents and Settings\Administrator\My Documents\WorkPrograms\MatlabFiles\NewStrength\StructuresdataS\holsp_100burst_0.01t_0.1.mat --> rsunx.crn.cogs.susx.ac.uk /rsunx/home/andrewop/TempLap/MatlabFiles/NewStrength/StructuresdataS holsp_100burst_0.01t_0.1.mat
2003.07.28 12:16 B C:\Documents and Settings\Administrator\My Documents\WorkPrograms\MatlabFiles\NewStrength\StructuresdataS\holsp_100burst_0.01t_0.15.mat --> rsunx.crn.cogs.susx.ac.uk /rsunx/home/andrewop/TempLap/MatlabFiles/NewStrength/StructuresdataS holsp_100burst_0.01t_0.15.mat
2003.07.28 12:16 B C:\Documents and Settings\Administrator\My Documents\WorkPrograms\MatlabFiles\NewStrength\StructuresdataS\holsp_100burst_0.01t_0.2.mat --> rsunx.crn.cogs.susx.ac.uk /rsunx/home/andrewop/TempLap/MatlabFiles/NewStrength/StructuresdataS holsp_100burst_0.01t_0.2.mat
2003.07.28 12:16 B C:\Documents and Settings\Administrator\My Documents\WorkPrograms\MatlabFiles\NewStrength\StructuresdataS\holsp_100burst_0.01t_0.3.mat --> rsunx.crn.cogs.susx.ac.uk /rsunx/home/andrewop/TempLap/MatlabFiles/NewStrength/StructuresdataS holsp_100burst_0.01t_0.3.mat
2003.07.28 12:16 B C:\Documents and Settings\Administrator\My Documents\WorkPrograms\MatlabFiles\NewStrength\StructuresdataS\holsp_100burst_0.01t_0.4.mat --> rsunx.crn.cogs.susx.ac.uk /rsunx/home/andrewop/TempLap/MatlabFiles/NewStrength/StructuresdataS holsp_100burst_0.01t_0.4.mat
2003.07.28 12:16 B C:\Documents and Settings\Administrator\My Documents\WorkPrograms\MatlabFiles\NewStrength\StructuresdataS\holsp_100burst_0.01t_0.5.mat --> rsunx.crn.cogs.susx.ac.uk /rsunx/home/andrewop/TempLap/MatlabFiles/NewStrength/StructuresdataS holsp_100burst_0.01t_0.5.mat
2003.07.28 12:16 B C:\Documents and Settings\Administrator\My Documents\WorkPrograms\MatlabFiles\NewStrength\StructuresdataS\holsp_100burst_0.01t_1.mat --> rsunx.crn.cogs.susx.ac.uk /rsunx/home/andrewop/TempLap/MatlabFiles/NewStrength/StructuresdataS holsp_100burst_0.01t_1.mat
2003.07.28 12:16 B C:\Documents and Settings\Administrator\My Documents\WorkPrograms\MatlabFiles\NewStrength\StructuresdataS\S1_sp_30burst_1.05d_100.mat --> rsunx.crn.cogs.susx.ac.uk /rsunx/home/andrewop/TempLap/MatlabFiles/NewStrength/StructuresdataS S1_sp_30burst_1.05d_100.mat
2003.07.28 12:16 B C:\Documents and Settings\Administrator\My Documents\WorkPrograms\MatlabFiles\NewStrength\StructuresdataS\S1_sp_30burst_1.05d_125.mat --> rsunx.crn.cogs.susx.ac.uk /rsunx/home/andrewop/TempLap/MatlabFiles/NewStrength/StructuresdataS S1_sp_30burst_1.05d_125.mat
2003.07.28 12:16 B C:\Documents and Settings\Administrator\My Documents\WorkPrograms\MatlabFiles\NewStrength\StructuresdataS\S1_sp_30burst_1.05d_150.mat --> rsunx.crn.cogs.susx.ac.uk /rsunx/home/andrewop/TempLap/MatlabFiles/NewStrength/StructuresdataS S1_sp_30burst_1.05d_150.mat
2003.07.28 12:16 B C:\Documents and Settings\Administrator\My Documents\WorkPrograms\MatlabFiles\NewStrength\StructuresdataS\S1_sp_30burst_1.05d_2.2204e-16.mat --> rsunx.crn.cogs.susx.ac.uk /rsunx/home/andrewop/TempLap/MatlabFiles/NewStrength/StructuresdataS S1_sp_30burst_1.05d_2.2204e-16.mat
2003.07.28 12:16 B C:\Documents and Settings\Administrator\My Documents\WorkPrograms\MatlabFiles\NewStrength\StructuresdataS\S1_sp_30burst_1.05d_30.mat --> rsunx.crn.cogs.susx.ac.uk /rsunx/home/andrewop/TempLap/MatlabFiles/NewStrength/StructuresdataS S1_sp_30burst_1.05d_30.mat
2003.07.28 12:16 B C:\Documents and Settings\Administrator\My Documents\WorkPrograms\MatlabFiles\NewStrength\StructuresdataS\S1_sp_30burst_1.05d_40.mat --> rsunx.crn.cogs.susx.ac.uk /rsunx/home/andrewop/TempLap/MatlabFiles/NewStrength/StructuresdataS S1_sp_30burst_1.05d_40.mat
2003.07.28 12:16 B C:\Documents and Settings\Administrator\My Documents\WorkPrograms\MatlabFiles\NewStrength\StructuresdataS\S1_sp_30burst_1.05d_50.mat --> rsunx.crn.cogs.susx.ac.uk /rsunx/home/andrewop/TempLap/MatlabFiles/NewStrength/StructuresdataS S1_sp_30burst_1.05d_50.mat
2003.07.28 12:16 B C:\Documents and Settings\Administrator\My Documents\WorkPrograms\MatlabFiles\NewStrength\StructuresdataS\S1_sp_30burst_1.05d_75.mat --> rsunx.crn.cogs.susx.ac.uk /rsunx/home/andrewop/TempLap/MatlabFiles/NewStrength/StructuresdataS S1_sp_30burst_1.05d_75.mat
2003.07.28 12:16 B C:\Documents and Settings\Administrator\My Documents\WorkPrograms\MatlabFiles\NewStrength\StructuresdataS\S3_sp_30burst_3.15d_100.mat --> rsunx.crn.cogs.susx.ac.uk /rsunx/home/andrewop/TempLap/MatlabFiles/NewStrength/StructuresdataS S3_sp_30burst_3.15d_100.mat
2003.07.28 12:16 B C:\Documents and Settings\Administrator\My Documents\WorkPrograms\MatlabFiles\NewStrength\StructuresdataS\S3_sp_30burst_3.15d_2.2204e-16.mat --> rsunx.crn.cogs.susx.ac.uk /rsunx/home/andrewop/TempLap/MatlabFiles/NewStrength/StructuresdataS S3_sp_30burst_3.15d_2.2204e-16.mat
2003.07.28 12:16 B C:\Documents and Settings\Administrator\My Documents\WorkPrograms\MatlabFiles\NewStrength\StructuresdataS\S3_sp_30burst_3.15d_30.mat --> rsunx.crn.cogs.susx.ac.uk /rsunx/home/andrewop/TempLap/MatlabFiles/NewStrength/StructuresdataS S3_sp_30burst_3.15d_30.mat
2003.07.28 12:16 B C:\Documents and Settings\Administrator\My Documents\WorkPrograms\MatlabFiles\NewStrength\StructuresdataS\S3_sp_30burst_3.15d_40.mat --> rsunx.crn.cogs.susx.ac.uk /rsunx/home/andrewop/TempLap/MatlabFiles/NewStrength/StructuresdataS S3_sp_30burst_3.15d_40.mat
2003.07.28 12:16 B C:\Documents and Settings\Administrator\My Documents\WorkPrograms\MatlabFiles\NewStrength\StructuresdataS\S3_sp_30burst_3.15d_50.mat --> rsunx.crn.cogs.susx.ac.uk /rsunx/home/andrewop/TempLap/MatlabFiles/NewStrength/StructuresdataS S3_sp_30burst_3.15d_50.mat
2003.07.28 12:16 B C:\Documents and Settings\Administrator\My Documents\WorkPrograms\MatlabFiles\NewStrength\StructuresdataS\S3_sp_30burst_3.15d_75.mat --> rsunx.crn.cogs.susx.ac.uk /rsunx/home/andrewop/TempLap/MatlabFiles/NewStrength/StructuresdataS S3_sp_30burst_3.15d_75.mat
2003.07.28 12:16 B C:\Documents and Settings\Administrator\My Documents\WorkPrograms\MatlabFiles\NewStrength\StructuresdataS\S4_sp_100burst_0.1d_150.mat --> rsunx.crn.cogs.susx.ac.uk /rsunx/home/andrewop/TempLap/MatlabFiles/NewStrength/StructuresdataS S4_sp_100burst_0.1d_150.mat
2003.07.28 12:16 B C:\Documents and Settings\Administrator\My Documents\WorkPrograms\MatlabFiles\NewStrength\StructuresdataS\S4_sp_100burst_0.1d_2.2204e-16.mat --> rsunx.crn.cogs.susx.ac.uk /rsunx/home/andrewop/TempLap/MatlabFiles/NewStrength/StructuresdataS S4_sp_100burst_0.1d_2.2204e-16.mat
2003.07.28 12:16 B C:\Documents and Settings\Administrator\My Documents\WorkPrograms\MatlabFiles\NewStrength\StructuresdataS\S4_sp_100burst_0.1d_225.mat --> rsunx.crn.cogs.susx.ac.uk /rsunx/home/andrewop/TempLap/MatlabFiles/NewStrength/StructuresdataS S4_sp_100burst_0.1d_225.mat
2003.07.28 12:16 B C:\Documents and Settings\Administrator\My Documents\WorkPrograms\MatlabFiles\NewStrength\StructuresdataS\S4_sp_100burst_0.1d_75.mat --> rsunx.crn.cogs.susx.ac.uk /rsunx/home/andrewop/TempLap/MatlabFiles/NewStrength/StructuresdataS S4_sp_100burst_0.1d_75.mat
2003.07.28 12:16 B C:\Documents and Settings\Administrator\My Documents\WorkPrograms\MatlabFiles\NewStrength\StructuresdataS\S4_sp_30burst_4.2d_100.mat --> rsunx.crn.cogs.susx.ac.uk /rsunx/home/andrewop/TempLap/MatlabFiles/NewStrength/StructuresdataS S4_sp_30burst_4.2d_100.mat
2003.07.28 12:16 B C:\Documents and Settings\Administrator\My Documents\WorkPrograms\MatlabFiles\NewStrength\StructuresdataS\S4_sp_30burst_4.2d_125.mat --> rsunx.crn.cogs.susx.ac.uk /rsunx/home/andrewop/TempLap/MatlabFiles/NewStrength/StructuresdataS S4_sp_30burst_4.2d_125.mat
2003.07.28 12:16 B C:\Documents and Settings\Administrator\My Documents\WorkPrograms\MatlabFiles\NewStrength\StructuresdataS\S4_sp_30burst_4.2d_150.mat --> rsunx.crn.cogs.susx.ac.uk /rsunx/home/andrewop/TempLap/MatlabFiles/NewStrength/StructuresdataS S4_sp_30burst_4.2d_150.mat
2003.07.28 12:16 B C:\Documents and Settings\Administrator\My Documents\WorkPrograms\MatlabFiles\NewStrength\StructuresdataS\S4_sp_30burst_4.2d_2.2204e-16.mat --> rsunx.crn.cogs.susx.ac.uk /rsunx/home/andrewop/TempLap/MatlabFiles/NewStrength/StructuresdataS S4_sp_30burst_4.2d_2.2204e-16.mat
2003.07.28 12:16 B C:\Documents and Settings\Administrator\My Documents\WorkPrograms\MatlabFiles\NewStrength\StructuresdataS\S4_sp_30burst_4.2d_200.mat --> rsunx.crn.cogs.susx.ac.uk /rsunx/home/andrewop/TempLap/MatlabFiles/NewStrength/StructuresdataS S4_sp_30burst_4.2d_200.mat
2003.07.28 12:16 B C:\Documents and Settings\Administrator\My Documents\WorkPrograms\MatlabFiles\NewStrength\StructuresdataS\S4_sp_30burst_4.2d_30.mat --> rsunx.crn.cogs.susx.ac.uk /rsunx/home/andrewop/TempLap/MatlabFiles/NewStrength/StructuresdataS S4_sp_30burst_4.2d_30.mat
2003.07.28 12:16 B C:\Documents and Settings\Administrator\My Documents\WorkPrograms\MatlabFiles\NewStrength\StructuresdataS\S4_sp_30burst_4.2d_40.mat --> rsunx.crn.cogs.susx.ac.uk /rsunx/home/andrewop/TempLap/MatlabFiles/NewStrength/StructuresdataS S4_sp_30burst_4.2d_40.mat
2003.07.28 12:16 B C:\Documents and Settings\Administrator\My Documents\WorkPrograms\MatlabFiles\NewStrength\StructuresdataS\S4_sp_30burst_4.2d_50.mat --> rsunx.crn.cogs.susx.ac.uk /rsunx/home/andrewop/TempLap/MatlabFiles/NewStrength/StructuresdataS S4_sp_30burst_4.2d_50.mat
2003.07.28 12:16 B C:\Documents and Settings\Administrator\My Documents\WorkPrograms\MatlabFiles\NewStrength\StructuresdataS\S4_sp_30burst_4.2d_75.mat --> rsunx.crn.cogs.susx.ac.uk /rsunx/home/andrewop/TempLap/MatlabFiles/NewStrength/StructuresdataS S4_sp_30burst_4.2d_75.mat
2003.07.28 12:16 B C:\Documents and Settings\Administrator\My Documents\WorkPrograms\MatlabFiles\NewStrength\StructuresdataS\S4_sp_30burst_4.2t_2.06.mat --> rsunx.crn.cogs.susx.ac.uk /rsunx/home/andrewop/TempLap/MatlabFiles/NewStrength/StructuresdataS S4_sp_30burst_4.2t_2.06.mat
2003.07.28 12:16 B C:\Documents and Settings\Administrator\My Documents\WorkPrograms\MatlabFiles\NewStrength\StructuresdataS\S4_sp_30burst_4.2t_2.08.mat --> rsunx.crn.cogs.susx.ac.uk /rsunx/home/andrewop/TempLap/MatlabFiles/NewStrength/StructuresdataS S4_sp_30burst_4.2t_2.08.mat
2003.07.28 12:16 B C:\Documents and Settings\Administrator\My Documents\WorkPrograms\MatlabFiles\NewStrength\StructuresdataS\S4_sp_30burst_4.2t_2.1.mat --> rsunx.crn.cogs.susx.ac.uk /rsunx/home/andrewop/TempLap/MatlabFiles/NewStrength/StructuresdataS S4_sp_30burst_4.2t_2.1.mat
2003.07.28 12:16 B C:\Documents and Settings\Administrator\My Documents\WorkPrograms\MatlabFiles\NewStrength\StructuresdataS\S_sp_100burst_0.01d_100.mat --> rsunx.crn.cogs.susx.ac.uk /rsunx/home/andrewop/TempLap/MatlabFiles/NewStrength/StructuresdataS S_sp_100burst_0.01d_100.mat
2003.07.28 12:16 B C:\Documents and Settings\Administrator\My Documents\WorkPrograms\MatlabFiles\NewStrength\StructuresdataS\S_sp_100burst_0.01d_120.mat --> rsunx.crn.cogs.susx.ac.uk /rsunx/home/andrewop/TempLap/MatlabFiles/NewStrength/StructuresdataS S_sp_100burst_0.01d_120.mat
2003.07.28 12:16 B C:\Documents and Settings\Administrator\My Documents\WorkPrograms\MatlabFiles\NewStrength\StructuresdataS\S_sp_100burst_0.01d_150.mat --> rsunx.crn.cogs.susx.ac.uk /rsunx/home/andrewop/TempLap/MatlabFiles/NewStrength/StructuresdataS S_sp_100burst_0.01d_150.mat
2003.07.28 12:16 B C:\Documents and Settings\Administrator\My Documents\WorkPrograms\MatlabFiles\NewStrength\StructuresdataS\S_sp_100burst_0.01d_2.2204e-16.mat --> rsunx.crn.cogs.susx.ac.uk /rsunx/home/andrewop/TempLap/MatlabFiles/NewStrength/StructuresdataS S_sp_100burst_0.01d_2.2204e-16.mat
2003.07.28 12:16 B C:\Documents and Settings\Administrator\My Documents\WorkPrograms\MatlabFiles\NewStrength\StructuresdataS\S_sp_100burst_0.01d_225.mat --> rsunx.crn.cogs.susx.ac.uk /rsunx/home/andrewop/TempLap/MatlabFiles/NewStrength/StructuresdataS S_sp_100burst_0.01d_225.mat
2003.07.28 12:16 B C:\Documents and Settings\Administrator\My Documents\WorkPrograms\MatlabFiles\NewStrength\StructuresdataS\S_sp_100burst_0.01d_300.mat --> rsunx.crn.cogs.susx.ac.uk /rsunx/home/andrewop/TempLap/MatlabFiles/NewStrength/StructuresdataS S_sp_100burst_0.01d_300.mat
2003.07.28 12:16 B C:\Documents and Settings\Administrator\My Documents\WorkPrograms\MatlabFiles\NewStrength\StructuresdataS\S_sp_100burst_0.01d_40.mat --> rsunx.crn.cogs.susx.ac.uk /rsunx/home/andrewop/TempLap/MatlabFiles/NewStrength/StructuresdataS S_sp_100burst_0.01d_40.mat
2003.07.28 12:16 B C:\Documents and Settings\Administrator\My Documents\WorkPrograms\MatlabFiles\NewStrength\StructuresdataS\S_sp_100burst_0.01d_60.mat --> rsunx.crn.cogs.susx.ac.uk /rsunx/home/andrewop/TempLap/MatlabFiles/NewStrength/StructuresdataS S_sp_100burst_0.01d_60.mat
2003.07.28 12:16 B C:\Documents and Settings\Administrator\My Documents\WorkPrograms\MatlabFiles\NewStrength\StructuresdataS\S_sp_100burst_0.01d_75.mat --> rsunx.crn.cogs.susx.ac.uk /rsunx/home/andrewop/TempLap/MatlabFiles/NewStrength/StructuresdataS S_sp_100burst_0.01d_75.mat
2003.07.28 12:16 B C:\Documents and Settings\Administrator\My Documents\WorkPrograms\MatlabFiles\NewStrength\StructuresdataS\S_sp_100burst_0.01d_80.mat --> rsunx.crn.cogs.susx.ac.uk /rsunx/home/andrewop/TempLap/MatlabFiles/NewStrength/StructuresdataS S_sp_100burst_0.01d_80.mat
2003.07.28 12:16 B C:\Documents and Settings\Administrator\My Documents\WorkPrograms\MatlabFiles\NewStrength\StructuresdataS\S_sp_100burst_0.01t_0.0025.mat --> rsunx.crn.cogs.susx.ac.uk /rsunx/home/andrewop/TempLap/MatlabFiles/NewStrength/StructuresdataS S_sp_100burst_0.01t_0.0025.mat
2003.07.28 12:16 B C:\Documents and Settings\Administrator\My Documents\WorkPrograms\MatlabFiles\NewStrength\StructuresdataS\S_sp_100burst_0.01t_0.005.mat --> rsunx.crn.cogs.susx.ac.uk /rsunx/home/andrewop/TempLap/MatlabFiles/NewStrength/StructuresdataS S_sp_100burst_0.01t_0.005.mat
2003.07.28 12:16 B C:\Documents and Settings\Administrator\My Documents\WorkPrograms\MatlabFiles\NewStrength\StructuresdataS\S_sp_100burst_0.01t_0.0075.mat --> rsunx.crn.cogs.susx.ac.uk /rsunx/home/andrewop/TempLap/MatlabFiles/NewStrength/StructuresdataS S_sp_100burst_0.01t_0.0075.mat
2003.07.28 12:16 B C:\Documents and Settings\Administrator\My Documents\WorkPrograms\MatlabFiles\NewStrength\StructuresdataS\S_sp_100burst_0.01t_0.01.mat --> rsunx.crn.cogs.susx.ac.uk /rsunx/home/andrewop/TempLap/MatlabFiles/NewStrength/StructuresdataS S_sp_100burst_0.01t_0.01.mat
2003.07.28 12:16 B C:\Documents and Settings\Administrator\My Documents\WorkPrograms\MatlabFiles\NewStrength\StructuresdataS\S_sp_100burst_0.01t_0.0125.mat --> rsunx.crn.cogs.susx.ac.uk /rsunx/home/andrewop/TempLap/MatlabFiles/NewStrength/StructuresdataS S_sp_100burst_0.01t_0.0125.mat
2003.07.28 12:16 B C:\Documents and Settings\Administrator\My Documents\WorkPrograms\MatlabFiles\NewStrength\StructuresdataS\S_sp_100burst_0.01t_0.015.mat --> rsunx.crn.cogs.susx.ac.uk /rsunx/home/andrewop/TempLap/MatlabFiles/NewStrength/StructuresdataS S_sp_100burst_0.01t_0.015.mat
2003.07.28 12:16 B C:\Documents and Settings\Administrator\My Documents\WorkPrograms\MatlabFiles\NewStrength\StructuresdataS\S_sp_100burst_0.01t_0.02.mat --> rsunx.crn.cogs.susx.ac.uk /rsunx/home/andrewop/TempLap/MatlabFiles/NewStrength/StructuresdataS S_sp_100burst_0.01t_0.02.mat
2003.07.28 12:16 B C:\Documents and Settings\Administrator\My Documents\WorkPrograms\MatlabFiles\NewStrength\StructuresdataS\S_sp_100burst_0.01t_0.025.mat --> rsunx.crn.cogs.susx.ac.uk /rsunx/home/andrewop/TempLap/MatlabFiles/NewStrength/StructuresdataS S_sp_100burst_0.01t_0.025.mat
2003.07.28 12:16 B C:\Documents and Settings\Administrator\My Documents\WorkPrograms\MatlabFiles\NewStrength\StructuresdataS\S_sp_100burst_0.01t_0.05.mat --> rsunx.crn.cogs.susx.ac.uk /rsunx/home/andrewop/TempLap/MatlabFiles/NewStrength/StructuresdataS S_sp_100burst_0.01t_0.05.mat
2003.07.28 12:16 B C:\Documents and Settings\Administrator\My Documents\WorkPrograms\MatlabFiles\NewStrength\StructuresdataS\S_sp_100burst_0.01t_0.075.mat --> rsunx.crn.cogs.susx.ac.uk /rsunx/home/andrewop/TempLap/MatlabFiles/NewStrength/StructuresdataS S_sp_100burst_0.01t_0.075.mat
2003.07.28 12:16 B C:\Documents and Settings\Administrator\My Documents\WorkPrograms\MatlabFiles\NewStrength\StructuresdataS\S_sp_100burst_0.01t_0.1.mat --> rsunx.crn.cogs.susx.ac.uk /rsunx/home/andrewop/TempLap/MatlabFiles/NewStrength/StructuresdataS S_sp_100burst_0.01t_0.1.mat
2003.07.28 12:16 B C:\Documents and Settings\Administrator\My Documents\WorkPrograms\MatlabFiles\NewStrength\StructuresdataS\S_sp_100burst_0.01t_0.15.mat --> rsunx.crn.cogs.susx.ac.uk /rsunx/home/andrewop/TempLap/MatlabFiles/NewStrength/StructuresdataS S_sp_100burst_0.01t_0.15.mat
2003.07.28 12:16 B C:\Documents and Settings\Administrator\My Documents\WorkPrograms\MatlabFiles\NewStrength\StructuresdataS\S_sp_100burst_0.01t_0.2.mat --> rsunx.crn.cogs.susx.ac.uk /rsunx/home/andrewop/TempLap/MatlabFiles/NewStrength/StructuresdataS S_sp_100burst_0.01t_0.2.mat
2003.07.28 12:16 B C:\Documents and Settings\Administrator\My Documents\WorkPrograms\MatlabFiles\NewStrength\StructuresdataS\S_sp_100burst_0.01t_0.3.mat --> rsunx.crn.cogs.susx.ac.uk /rsunx/home/andrewop/TempLap/MatlabFiles/NewStrength/StructuresdataS S_sp_100burst_0.01t_0.3.mat
2003.07.28 12:16 B C:\Documents and Settings\Administrator\My Documents\WorkPrograms\MatlabFiles\NewStrength\StructuresdataS\S_sp_100burst_0.01t_0.4.mat --> rsunx.crn.cogs.susx.ac.uk /rsunx/home/andrewop/TempLap/MatlabFiles/NewStrength/StructuresdataS S_sp_100burst_0.01t_0.4.mat
2003.07.28 12:16 B C:\Documents and Settings\Administrator\My Documents\WorkPrograms\MatlabFiles\NewStrength\StructuresdataS\S_sp_100burst_0.01t_0.5.mat --> rsunx.crn.cogs.susx.ac.uk /rsunx/home/andrewop/TempLap/MatlabFiles/NewStrength/StructuresdataS S_sp_100burst_0.01t_0.5.mat
2003.07.28 12:16 B C:\Documents and Settings\Administrator\My Documents\WorkPrograms\MatlabFiles\NewStrength\StructuresdataS\S_sp_100burst_0.01t_0.75.mat --> rsunx.crn.cogs.susx.ac.uk /rsunx/home/andrewop/TempLap/MatlabFiles/NewStrength/StructuresdataS S_sp_100burst_0.01t_0.75.mat
2003.07.28 12:16 B C:\Documents and Settings\Administrator\My Documents\WorkPrograms\MatlabFiles\NewStrength\StructuresdataS\S_sp_100burst_0.01t_1.mat --> rsunx.crn.cogs.susx.ac.uk /rsunx/home/andrewop/TempLap/MatlabFiles/NewStrength/StructuresdataS S_sp_100burst_0.01t_1.mat
2003.07.28 12:16 B C:\Documents and Settings\Administrator\My Documents\WorkPrograms\MatlabFiles\NewStrength\StructuresdataS\SP1_sp_30burst_1.05d_100.mat --> rsunx.crn.cogs.susx.ac.uk /rsunx/home/andrewop/TempLap/MatlabFiles/NewStrength/StructuresdataS SP1_sp_30burst_1.05d_100.mat
2003.07.28 12:16 B C:\Documents and Settings\Administrator\My Documents\WorkPrograms\MatlabFiles\NewStrength\StructuresdataS\SP1_sp_30burst_1.05d_125.mat --> rsunx.crn.cogs.susx.ac.uk /rsunx/home/andrewop/TempLap/MatlabFiles/NewStrength/StructuresdataS SP1_sp_30burst_1.05d_125.mat
2003.07.28 12:16 B C:\Documents and Settings\Administrator\My Documents\WorkPrograms\MatlabFiles\NewStrength\StructuresdataS\SP1_sp_30burst_1.05d_150.mat --> rsunx.crn.cogs.susx.ac.uk /rsunx/home/andrewop/TempLap/MatlabFiles/NewStrength/StructuresdataS SP1_sp_30burst_1.05d_150.mat
2003.07.28 12:16 B C:\Documents and Settings\Administrator\My Documents\WorkPrograms\MatlabFiles\NewStrength\StructuresdataS\SP1_sp_30burst_1.05d_2.2204e-16.mat --> rsunx.crn.cogs.susx.ac.uk /rsunx/home/andrewop/TempLap/MatlabFiles/NewStrength/StructuresdataS SP1_sp_30burst_1.05d_2.2204e-16.mat
2003.07.28 12:16 B C:\Documents and Settings\Administrator\My Documents\WorkPrograms\MatlabFiles\NewStrength\StructuresdataS\SP1_sp_30burst_1.05d_200.mat --> rsunx.crn.cogs.susx.ac.uk /rsunx/home/andrewop/TempLap/MatlabFiles/NewStrength/StructuresdataS SP1_sp_30burst_1.05d_200.mat
2003.07.28 12:16 B C:\Documents and Settings\Administrator\My Documents\WorkPrograms\MatlabFiles\NewStrength\StructuresdataS\SP1_sp_30burst_1.05d_30.mat --> rsunx.crn.cogs.susx.ac.uk /rsunx/home/andrewop/TempLap/MatlabFiles/NewStrength/StructuresdataS SP1_sp_30burst_1.05d_30.mat
2003.07.28 12:16 B C:\Documents and Settings\Administrator\My Documents\WorkPrograms\MatlabFiles\NewStrength\StructuresdataS\SP1_sp_30burst_1.05d_300.mat --> rsunx.crn.cogs.susx.ac.uk /rsunx/home/andrewop/TempLap/MatlabFiles/NewStrength/StructuresdataS SP1_sp_30burst_1.05d_300.mat
2003.07.28 12:16 B C:\Documents and Settings\Administrator\My Documents\WorkPrograms\MatlabFiles\NewStrength\StructuresdataS\SP1_sp_30burst_1.05d_40.mat --> rsunx.crn.cogs.susx.ac.uk /rsunx/home/andrewop/TempLap/MatlabFiles/NewStrength/StructuresdataS SP1_sp_30burst_1.05d_40.mat
2003.07.28 12:16 B C:\Documents and Settings\Administrator\My Documents\WorkPrograms\MatlabFiles\NewStrength\StructuresdataS\SP1_sp_30burst_1.05d_50.mat --> rsunx.crn.cogs.susx.ac.uk /rsunx/home/andrewop/TempLap/MatlabFiles/NewStrength/StructuresdataS SP1_sp_30burst_1.05d_50.mat
2003.07.28 12:16 B C:\Documents and Settings\Administrator\My Documents\WorkPrograms\MatlabFiles\NewStrength\StructuresdataS\SP1_sp_30burst_1.05d_75.mat --> rsunx.crn.cogs.susx.ac.uk /rsunx/home/andrewop/TempLap/MatlabFiles/NewStrength/StructuresdataS SP1_sp_30burst_1.05d_75.mat
2003.07.28 12:16 B C:\Documents and Settings\Administrator\My Documents\WorkPrograms\MatlabFiles\NewStrength\StructuresdataS\SP1_sp_30burst_4.2d_2.2204e-16.mat --> rsunx.crn.cogs.susx.ac.uk /rsunx/home/andrewop/TempLap/MatlabFiles/NewStrength/StructuresdataS SP1_sp_30burst_4.2d_2.2204e-16.mat
2003.07.28 12:16 B C:\Documents and Settings\Administrator\My Documents\WorkPrograms\MatlabFiles\NewStrength\StructuresdataS\SP21_sp_30burst_0.55d_150.mat --> rsunx.crn.cogs.susx.ac.uk /rsunx/home/andrewop/TempLap/MatlabFiles/NewStrength/StructuresdataS SP21_sp_30burst_0.55d_150.mat
2003.07.28 12:16 B C:\Documents and Settings\Administrator\My Documents\WorkPrograms\MatlabFiles\NewStrength\StructuresdataS\SP21_sp_30burst_0.55d_200.mat --> rsunx.crn.cogs.susx.ac.uk /rsunx/home/andrewop/TempLap/MatlabFiles/NewStrength/StructuresdataS SP21_sp_30burst_0.55d_200.mat
2003.07.28 12:16 B C:\Documents and Settings\Administrator\My Documents\WorkPrograms\MatlabFiles\NewStrength\StructuresdataS\SP22_sp_30burst_0.55d_100.mat --> rsunx.crn.cogs.susx.ac.uk /rsunx/home/andrewop/TempLap/MatlabFiles/NewStrength/StructuresdataS SP22_sp_30burst_0.55d_100.mat
2003.07.28 12:16 B C:\Documents and Settings\Administrator\My Documents\WorkPrograms\MatlabFiles\NewStrength\StructuresdataS\SP22_sp_30burst_0.55d_125.mat --> rsunx.crn.cogs.susx.ac.uk /rsunx/home/andrewop/TempLap/MatlabFiles/NewStrength/StructuresdataS SP22_sp_30burst_0.55d_125.mat
2003.07.28 12:16 B C:\Documents and Settings\Administrator\My Documents\WorkPrograms\MatlabFiles\NewStrength\StructuresdataS\SP22_sp_30burst_0.55d_150.mat --> rsunx.crn.cogs.susx.ac.uk /rsunx/home/andrewop/TempLap/MatlabFiles/NewStrength/StructuresdataS SP22_sp_30burst_0.55d_150.mat
2003.07.28 12:16 B C:\Documents and Settings\Administrator\My Documents\WorkPrograms\MatlabFiles\NewStrength\StructuresdataS\SP22_sp_30burst_0.55d_2.2204e-16.mat --> rsunx.crn.cogs.susx.ac.uk /rsunx/home/andrewop/TempLap/MatlabFiles/NewStrength/StructuresdataS SP22_sp_30burst_0.55d_2.2204e-16.mat
2003.07.28 12:16 B C:\Documents and Settings\Administrator\My Documents\WorkPrograms\MatlabFiles\NewStrength\StructuresdataS\SP22_sp_30burst_0.55d_200.mat --> rsunx.crn.cogs.susx.ac.uk /rsunx/home/andrewop/TempLap/MatlabFiles/NewStrength/StructuresdataS SP22_sp_30burst_0.55d_200.mat
2003.07.28 12:16 B C:\Documents and Settings\Administrator\My Documents\WorkPrograms\MatlabFiles\NewStrength\StructuresdataS\SP22_sp_30burst_0.55d_30.mat --> rsunx.crn.cogs.susx.ac.uk /rsunx/home/andrewop/TempLap/MatlabFiles/NewStrength/StructuresdataS SP22_sp_30burst_0.55d_30.mat
2003.07.28 12:16 B C:\Documents and Settings\Administrator\My Documents\WorkPrograms\MatlabFiles\NewStrength\StructuresdataS\SP22_sp_30burst_0.55d_300.mat --> rsunx.crn.cogs.susx.ac.uk /rsunx/home/andrewop/TempLap/MatlabFiles/NewStrength/StructuresdataS SP22_sp_30burst_0.55d_300.mat
2003.07.28 12:16 B C:\Documents and Settings\Administrator\My Documents\WorkPrograms\MatlabFiles\NewStrength\StructuresdataS\SP22_sp_30burst_0.55d_40.mat --> rsunx.crn.cogs.susx.ac.uk /rsunx/home/andrewop/TempLap/MatlabFiles/NewStrength/StructuresdataS SP22_sp_30burst_0.55d_40.mat
2003.07.28 12:16 B C:\Documents and Settings\Administrator\My Documents\WorkPrograms\MatlabFiles\NewStrength\StructuresdataS\SP22_sp_30burst_0.55d_50.mat --> rsunx.crn.cogs.susx.ac.uk /rsunx/home/andrewop/TempLap/MatlabFiles/NewStrength/StructuresdataS SP22_sp_30burst_0.55d_50.mat
2003.07.28 12:16 B C:\Documents and Settings\Administrator\My Documents\WorkPrograms\MatlabFiles\NewStrength\StructuresdataS\SP22_sp_30burst_0.55d_75.mat --> rsunx.crn.cogs.susx.ac.uk /rsunx/home/andrewop/TempLap/MatlabFiles/NewStrength/StructuresdataS SP22_sp_30burst_0.55d_75.mat
2003.07.28 12:16 B C:\Documents and Settings\Administrator\My Documents\WorkPrograms\MatlabFiles\NewStrength\StructuresdataS\SP23_sp_30burst_0.55d_100.mat --> rsunx.crn.cogs.susx.ac.uk /rsunx/home/andrewop/TempLap/MatlabFiles/NewStrength/StructuresdataS SP23_sp_30burst_0.55d_100.mat
2003.07.28 12:16 B C:\Documents and Settings\Administrator\My Documents\WorkPrograms\MatlabFiles\NewStrength\StructuresdataS\SP23_sp_30burst_0.55d_125.mat --> rsunx.crn.cogs.susx.ac.uk /rsunx/home/andrewop/TempLap/MatlabFiles/NewStrength/StructuresdataS SP23_sp_30burst_0.55d_125.mat
2003.07.28 12:17 B C:\Documents and Settings\Administrator\My Documents\WorkPrograms\MatlabFiles\NewStrength\StructuresdataS\SP23_sp_30burst_0.55d_150.mat --> rsunx.crn.cogs.susx.ac.uk /rsunx/home/andrewop/TempLap/MatlabFiles/NewStrength/StructuresdataS SP23_sp_30burst_0.55d_150.mat
2003.07.28 12:17 B C:\Documents and Settings\Administrator\My Documents\WorkPrograms\MatlabFiles\NewStrength\StructuresdataS\SP23_sp_30burst_0.55d_2.2204e-16.mat --> rsunx.crn.cogs.susx.ac.uk /rsunx/home/andrewop/TempLap/MatlabFiles/NewStrength/StructuresdataS SP23_sp_30burst_0.55d_2.2204e-16.mat
2003.07.28 12:17 B C:\Documents and Settings\Administrator\My Documents\WorkPrograms\MatlabFiles\NewStrength\StructuresdataS\SP23_sp_30burst_0.55d_200.mat --> rsunx.crn.cogs.susx.ac.uk /rsunx/home/andrewop/TempLap/MatlabFiles/NewStrength/StructuresdataS SP23_sp_30burst_0.55d_200.mat
2003.07.28 12:17 B C:\Documents and Settings\Administrator\My Documents\WorkPrograms\MatlabFiles\NewStrength\StructuresdataS\SP23_sp_30burst_0.55d_30.mat --> rsunx.crn.cogs.susx.ac.uk /rsunx/home/andrewop/TempLap/MatlabFiles/NewStrength/StructuresdataS SP23_sp_30burst_0.55d_30.mat
2003.07.28 12:17 B C:\Documents and Settings\Administrator\My Documents\WorkPrograms\MatlabFiles\NewStrength\StructuresdataS\SP23_sp_30burst_0.55d_300.mat --> rsunx.crn.cogs.susx.ac.uk /rsunx/home/andrewop/TempLap/MatlabFiles/NewStrength/StructuresdataS SP23_sp_30burst_0.55d_300.mat
2003.07.28 12:17 B C:\Documents and Settings\Administrator\My Documents\WorkPrograms\MatlabFiles\NewStrength\StructuresdataS\SP23_sp_30burst_0.55d_40.mat --> rsunx.crn.cogs.susx.ac.uk /rsunx/home/andrewop/TempLap/MatlabFiles/NewStrength/StructuresdataS SP23_sp_30burst_0.55d_40.mat
2003.07.28 12:17 B C:\Documents and Settings\Administrator\My Documents\WorkPrograms\MatlabFiles\NewStrength\StructuresdataS\SP23_sp_30burst_0.55d_50.mat --> rsunx.crn.cogs.susx.ac.uk /rsunx/home/andrewop/TempLap/MatlabFiles/NewStrength/StructuresdataS SP23_sp_30burst_0.55d_50.mat
2003.07.28 12:17 B C:\Documents and Settings\Administrator\My Documents\WorkPrograms\MatlabFiles\NewStrength\StructuresdataS\SP23_sp_30burst_0.55d_75.mat --> rsunx.crn.cogs.susx.ac.uk /rsunx/home/andrewop/TempLap/MatlabFiles/NewStrength/StructuresdataS SP23_sp_30burst_0.55d_75.mat
2003.07.28 12:17 B C:\Documents and Settings\Administrator\My Documents\WorkPrograms\MatlabFiles\NewStrength\StructuresdataS\SP24_sp_30burst_0.55d_100.mat --> rsunx.crn.cogs.susx.ac.uk /rsunx/home/andrewop/TempLap/MatlabFiles/NewStrength/StructuresdataS SP24_sp_30burst_0.55d_100.mat
2003.07.28 12:17 B C:\Documents and Settings\Administrator\My Documents\WorkPrograms\MatlabFiles\NewStrength\StructuresdataS\SP24_sp_30burst_0.55d_125.mat --> rsunx.crn.cogs.susx.ac.uk /rsunx/home/andrewop/TempLap/MatlabFiles/NewStrength/StructuresdataS SP24_sp_30burst_0.55d_125.mat
2003.07.28 12:17 B C:\Documents and Settings\Administrator\My Documents\WorkPrograms\MatlabFiles\NewStrength\StructuresdataS\SP24_sp_30burst_0.55d_150.mat --> rsunx.crn.cogs.susx.ac.uk /rsunx/home/andrewop/TempLap/MatlabFiles/NewStrength/StructuresdataS SP24_sp_30burst_0.55d_150.mat
2003.07.28 12:17 B C:\Documents and Settings\Administrator\My Documents\WorkPrograms\MatlabFiles\NewStrength\StructuresdataS\SP24_sp_30burst_0.55d_2.2204e-16.mat --> rsunx.crn.cogs.susx.ac.uk /rsunx/home/andrewop/TempLap/MatlabFiles/NewStrength/StructuresdataS SP24_sp_30burst_0.55d_2.2204e-16.mat
2003.07.28 12:17 B C:\Documents and Settings\Administrator\My Documents\WorkPrograms\MatlabFiles\NewStrength\StructuresdataS\SP24_sp_30burst_0.55d_200.mat --> rsunx.crn.cogs.susx.ac.uk /rsunx/home/andrewop/TempLap/MatlabFiles/NewStrength/StructuresdataS SP24_sp_30burst_0.55d_200.mat
2003.07.28 12:17 B C:\Documents and Settings\Administrator\My Documents\WorkPrograms\MatlabFiles\NewStrength\StructuresdataS\SP24_sp_30burst_0.55d_30.mat --> rsunx.crn.cogs.susx.ac.uk /rsunx/home/andrewop/TempLap/MatlabFiles/NewStrength/StructuresdataS SP24_sp_30burst_0.55d_30.mat
2003.07.28 12:17 B C:\Documents and Settings\Administrator\My Documents\WorkPrograms\MatlabFiles\NewStrength\StructuresdataS\SP24_sp_30burst_0.55d_300.mat --> rsunx.crn.cogs.susx.ac.uk /rsunx/home/andrewop/TempLap/MatlabFiles/NewStrength/StructuresdataS SP24_sp_30burst_0.55d_300.mat
2003.07.28 12:17 B C:\Documents and Settings\Administrator\My Documents\WorkPrograms\MatlabFiles\NewStrength\StructuresdataS\SP24_sp_30burst_0.55d_40.mat --> rsunx.crn.cogs.susx.ac.uk /rsunx/home/andrewop/TempLap/MatlabFiles/NewStrength/StructuresdataS SP24_sp_30burst_0.55d_40.mat
2003.07.28 12:17 B C:\Documents and Settings\Administrator\My Documents\WorkPrograms\MatlabFiles\NewStrength\StructuresdataS\SP24_sp_30burst_0.55d_50.mat --> rsunx.crn.cogs.susx.ac.uk /rsunx/home/andrewop/TempLap/MatlabFiles/NewStrength/StructuresdataS SP24_sp_30burst_0.55d_50.mat
2003.07.28 12:17 B C:\Documents and Settings\Administrator\My Documents\WorkPrograms\MatlabFiles\NewStrength\StructuresdataS\SP24_sp_30burst_0.55d_75.mat --> rsunx.crn.cogs.susx.ac.uk /rsunx/home/andrewop/TempLap/MatlabFiles/NewStrength/StructuresdataS SP24_sp_30burst_0.55d_75.mat
2003.07.28 12:17 B C:\Documents and Settings\Administrator\My Documents\WorkPrograms\MatlabFiles\NewStrength\StructuresdataS\SP2_sp_30burst_2.1d_100.mat --> rsunx.crn.cogs.susx.ac.uk /rsunx/home/andrewop/TempLap/MatlabFiles/NewStrength/StructuresdataS SP2_sp_30burst_2.1d_100.mat
2003.07.28 12:17 B C:\Documents and Settings\Administrator\My Documents\WorkPrograms\MatlabFiles\NewStrength\StructuresdataS\SP2_sp_30burst_2.1d_125.mat --> rsunx.crn.cogs.susx.ac.uk /rsunx/home/andrewop/TempLap/MatlabFiles/NewStrength/StructuresdataS SP2_sp_30burst_2.1d_125.mat
2003.07.28 12:17 B C:\Documents and Settings\Administrator\My Documents\WorkPrograms\MatlabFiles\NewStrength\StructuresdataS\SP2_sp_30burst_2.1d_150.mat --> rsunx.crn.cogs.susx.ac.uk /rsunx/home/andrewop/TempLap/MatlabFiles/NewStrength/StructuresdataS SP2_sp_30burst_2.1d_150.mat
2003.07.28 12:17 B C:\Documents and Settings\Administrator\My Documents\WorkPrograms\MatlabFiles\NewStrength\StructuresdataS\SP2_sp_30burst_2.1d_2.2204e-16.mat --> rsunx.crn.cogs.susx.ac.uk /rsunx/home/andrewop/TempLap/MatlabFiles/NewStrength/StructuresdataS SP2_sp_30burst_2.1d_2.2204e-16.mat
2003.07.28 12:17 B C:\Documents and Settings\Administrator\My Documents\WorkPrograms\MatlabFiles\NewStrength\StructuresdataS\SP2_sp_30burst_2.1d_200.mat --> rsunx.crn.cogs.susx.ac.uk /rsunx/home/andrewop/TempLap/MatlabFiles/NewStrength/StructuresdataS SP2_sp_30burst_2.1d_200.mat
2003.07.28 12:17 B C:\Documents and Settings\Administrator\My Documents\WorkPrograms\MatlabFiles\NewStrength\StructuresdataS\SP2_sp_30burst_2.1d_30.mat --> rsunx.crn.cogs.susx.ac.uk /rsunx/home/andrewop/TempLap/MatlabFiles/NewStrength/StructuresdataS SP2_sp_30burst_2.1d_30.mat
2003.07.28 12:17 B C:\Documents and Settings\Administrator\My Documents\WorkPrograms\MatlabFiles\NewStrength\StructuresdataS\SP2_sp_30burst_2.1d_300.mat --> rsunx.crn.cogs.susx.ac.uk /rsunx/home/andrewop/TempLap/MatlabFiles/NewStrength/StructuresdataS SP2_sp_30burst_2.1d_300.mat
2003.07.28 12:17 B C:\Documents and Settings\Administrator\My Documents\WorkPrograms\MatlabFiles\NewStrength\StructuresdataS\SP2_sp_30burst_2.1d_40.mat --> rsunx.crn.cogs.susx.ac.uk /rsunx/home/andrewop/TempLap/MatlabFiles/NewStrength/StructuresdataS SP2_sp_30burst_2.1d_40.mat
2003.07.28 12:17 B C:\Documents and Settings\Administrator\My Documents\WorkPrograms\MatlabFiles\NewStrength\StructuresdataS\SP2_sp_30burst_2.1d_50.mat --> rsunx.crn.cogs.susx.ac.uk /rsunx/home/andrewop/TempLap/MatlabFiles/NewStrength/StructuresdataS SP2_sp_30burst_2.1d_50.mat
2003.07.28 12:17 B C:\Documents and Settings\Administrator\My Documents\WorkPrograms\MatlabFiles\NewStrength\StructuresdataS\SP2_sp_30burst_2.1d_75.mat --> rsunx.crn.cogs.susx.ac.uk /rsunx/home/andrewop/TempLap/MatlabFiles/NewStrength/StructuresdataS SP2_sp_30burst_2.1d_75.mat
2003.07.28 12:17 B C:\Documents and Settings\Administrator\My Documents\WorkPrograms\MatlabFiles\NewStrength\StructuresdataS\SP3_sp_30burst_3.15d_100.mat --> rsunx.crn.cogs.susx.ac.uk /rsunx/home/andrewop/TempLap/MatlabFiles/NewStrength/StructuresdataS SP3_sp_30burst_3.15d_100.mat
2003.07.28 12:17 B C:\Documents and Settings\Administrator\My Documents\WorkPrograms\MatlabFiles\NewStrength\StructuresdataS\SP3_sp_30burst_3.15d_125.mat --> rsunx.crn.cogs.susx.ac.uk /rsunx/home/andrewop/TempLap/MatlabFiles/NewStrength/StructuresdataS SP3_sp_30burst_3.15d_125.mat
2003.07.28 12:17 B C:\Documents and Settings\Administrator\My Documents\WorkPrograms\MatlabFiles\NewStrength\StructuresdataS\SP3_sp_30burst_3.15d_150.mat --> rsunx.crn.cogs.susx.ac.uk /rsunx/home/andrewop/TempLap/MatlabFiles/NewStrength/StructuresdataS SP3_sp_30burst_3.15d_150.mat
2003.07.28 12:17 B C:\Documents and Settings\Administrator\My Documents\WorkPrograms\MatlabFiles\NewStrength\StructuresdataS\SP3_sp_30burst_3.15d_2.2204e-16.mat --> rsunx.crn.cogs.susx.ac.uk /rsunx/home/andrewop/TempLap/MatlabFiles/NewStrength/StructuresdataS SP3_sp_30burst_3.15d_2.2204e-16.mat
2003.07.28 12:17 B C:\Documents and Settings\Administrator\My Documents\WorkPrograms\MatlabFiles\NewStrength\StructuresdataS\SP3_sp_30burst_3.15d_200.mat --> rsunx.crn.cogs.susx.ac.uk /rsunx/home/andrewop/TempLap/MatlabFiles/NewStrength/StructuresdataS SP3_sp_30burst_3.15d_200.mat
2003.07.28 12:17 B C:\Documents and Settings\Administrator\My Documents\WorkPrograms\MatlabFiles\NewStrength\StructuresdataS\SP3_sp_30burst_3.15d_30.mat --> rsunx.crn.cogs.susx.ac.uk /rsunx/home/andrewop/TempLap/MatlabFiles/NewStrength/StructuresdataS SP3_sp_30burst_3.15d_30.mat
2003.07.28 12:17 B C:\Documents and Settings\Administrator\My Documents\WorkPrograms\MatlabFiles\NewStrength\StructuresdataS\SP3_sp_30burst_3.15d_300.mat --> rsunx.crn.cogs.susx.ac.uk /rsunx/home/andrewop/TempLap/MatlabFiles/NewStrength/StructuresdataS SP3_sp_30burst_3.15d_300.mat
2003.07.28 12:17 B C:\Documents and Settings\Administrator\My Documents\WorkPrograms\MatlabFiles\NewStrength\StructuresdataS\SP3_sp_30burst_3.15d_40.mat --> rsunx.crn.cogs.susx.ac.uk /rsunx/home/andrewop/TempLap/MatlabFiles/NewStrength/StructuresdataS SP3_sp_30burst_3.15d_40.mat
2003.07.28 12:17 B C:\Documents and Settings\Administrator\My Documents\WorkPrograms\MatlabFiles\NewStrength\StructuresdataS\SP3_sp_30burst_3.15d_50.mat --> rsunx.crn.cogs.susx.ac.uk /rsunx/home/andrewop/TempLap/MatlabFiles/NewStrength/StructuresdataS SP3_sp_30burst_3.15d_50.mat
2003.07.28 12:17 B C:\Documents and Settings\Administrator\My Documents\WorkPrograms\MatlabFiles\NewStrength\StructuresdataS\SP3_sp_30burst_3.15d_75.mat --> rsunx.crn.cogs.susx.ac.uk /rsunx/home/andrewop/TempLap/MatlabFiles/NewStrength/StructuresdataS SP3_sp_30burst_3.15d_75.mat
2003.07.28 12:17 B C:\Documents and Settings\Administrator\My Documents\WorkPrograms\MatlabFiles\NewStrength\StructuresdataS\SP4_sp_30burst_4.2d_100.mat --> rsunx.crn.cogs.susx.ac.uk /rsunx/home/andrewop/TempLap/MatlabFiles/NewStrength/StructuresdataS SP4_sp_30burst_4.2d_100.mat
2003.07.28 12:17 B C:\Documents and Settings\Administrator\My Documents\WorkPrograms\MatlabFiles\NewStrength\StructuresdataS\SP4_sp_30burst_4.2d_125.mat --> rsunx.crn.cogs.susx.ac.uk /rsunx/home/andrewop/TempLap/MatlabFiles/NewStrength/StructuresdataS SP4_sp_30burst_4.2d_125.mat
2003.07.28 12:17 B C:\Documents and Settings\Administrator\My Documents\WorkPrograms\MatlabFiles\NewStrength\StructuresdataS\SP4_sp_30burst_4.2d_150.mat --> rsunx.crn.cogs.susx.ac.uk /rsunx/home/andrewop/TempLap/MatlabFiles/NewStrength/StructuresdataS SP4_sp_30burst_4.2d_150.mat
2003.07.28 12:17 B C:\Documents and Settings\Administrator\My Documents\WorkPrograms\MatlabFiles\NewStrength\StructuresdataS\SP4_sp_30burst_4.2d_2.2204e-16.mat --> rsunx.crn.cogs.susx.ac.uk /rsunx/home/andrewop/TempLap/MatlabFiles/NewStrength/StructuresdataS SP4_sp_30burst_4.2d_2.2204e-16.mat
2003.07.28 12:17 B C:\Documents and Settings\Administrator\My Documents\WorkPrograms\MatlabFiles\NewStrength\StructuresdataS\SP4_sp_30burst_4.2d_200.mat --> rsunx.crn.cogs.susx.ac.uk /rsunx/home/andrewop/TempLap/MatlabFiles/NewStrength/StructuresdataS SP4_sp_30burst_4.2d_200.mat
2003.07.28 12:17 B C:\Documents and Settings\Administrator\My Documents\WorkPrograms\MatlabFiles\NewStrength\StructuresdataS\SP4_sp_30burst_4.2d_30.mat --> rsunx.crn.cogs.susx.ac.uk /rsunx/home/andrewop/TempLap/MatlabFiles/NewStrength/StructuresdataS SP4_sp_30burst_4.2d_30.mat
2003.07.28 12:17 B C:\Documents and Settings\Administrator\My Documents\WorkPrograms\MatlabFiles\NewStrength\StructuresdataS\SP4_sp_30burst_4.2d_300.mat --> rsunx.crn.cogs.susx.ac.uk /rsunx/home/andrewop/TempLap/MatlabFiles/NewStrength/StructuresdataS SP4_sp_30burst_4.2d_300.mat
2003.07.28 12:17 B C:\Documents and Settings\Administrator\My Documents\WorkPrograms\MatlabFiles\NewStrength\StructuresdataS\SP4_sp_30burst_4.2d_40.mat --> rsunx.crn.cogs.susx.ac.uk /rsunx/home/andrewop/TempLap/MatlabFiles/NewStrength/StructuresdataS SP4_sp_30burst_4.2d_40.mat
2003.07.28 12:17 B C:\Documents and Settings\Administrator\My Documents\WorkPrograms\MatlabFiles\NewStrength\StructuresdataS\SP4_sp_30burst_4.2d_50.mat --> rsunx.crn.cogs.susx.ac.uk /rsunx/home/andrewop/TempLap/MatlabFiles/NewStrength/StructuresdataS SP4_sp_30burst_4.2d_50.mat
2003.07.28 12:17 B C:\Documents and Settings\Administrator\My Documents\WorkPrograms\MatlabFiles\NewStrength\StructuresdataS\SP4_sp_30burst_4.2d_75.mat --> rsunx.crn.cogs.susx.ac.uk /rsunx/home/andrewop/TempLap/MatlabFiles/NewStrength/StructuresdataS SP4_sp_30burst_4.2d_75.mat
2004.03.08 13:45 B C:\Documents and Settings\Administrator\My Documents\WorkPrograms\MatlabFiles\NewStrength\StructuresdataS\holsp_100burst_0.01d_100.mat --> rsunx.crn.cogs.susx.ac.uk /rsunx/home/andrewop/TempLap/MatlabFiles/NewStrength/StructuresdataS holsp_100burst_0.01d_100.mat
2004.03.08 13:45 B C:\Documents and Settings\Administrator\My Documents\WorkPrograms\MatlabFiles\NewStrength\StructuresdataS\holsp_100burst_0.01d_120.mat --> rsunx.crn.cogs.susx.ac.uk /rsunx/home/andrewop/TempLap/MatlabFiles/NewStrength/StructuresdataS holsp_100burst_0.01d_120.mat
2004.03.08 13:45 B C:\Documents and Settings\Administrator\My Documents\WorkPrograms\MatlabFiles\NewStrength\StructuresdataS\holsp_100burst_0.01d_150.mat --> rsunx.crn.cogs.susx.ac.uk /rsunx/home/andrewop/TempLap/MatlabFiles/NewStrength/StructuresdataS holsp_100burst_0.01d_150.mat
2004.03.08 13:45 B C:\Documents and Settings\Administrator\My Documents\WorkPrograms\MatlabFiles\NewStrength\StructuresdataS\holsp_100burst_0.01d_2.2204e-16.mat --> rsunx.crn.cogs.susx.ac.uk /rsunx/home/andrewop/TempLap/MatlabFiles/NewStrength/StructuresdataS holsp_100burst_0.01d_2.2204e-16.mat
2004.03.08 13:45 B C:\Documents and Settings\Administrator\My Documents\WorkPrograms\MatlabFiles\NewStrength\StructuresdataS\holsp_100burst_0.01d_225.mat --> rsunx.crn.cogs.susx.ac.uk /rsunx/home/andrewop/TempLap/MatlabFiles/NewStrength/StructuresdataS holsp_100burst_0.01d_225.mat
2004.03.08 13:45 B C:\Documents and Settings\Administrator\My Documents\WorkPrograms\MatlabFiles\NewStrength\StructuresdataS\holsp_100burst_0.01d_300.mat --> rsunx.crn.cogs.susx.ac.uk /rsunx/home/andrewop/TempLap/MatlabFiles/NewStrength/StructuresdataS holsp_100burst_0.01d_300.mat
2004.03.08 13:45 B C:\Documents and Settings\Administrator\My Documents\WorkPrograms\MatlabFiles\NewStrength\StructuresdataS\holsp_100burst_0.01d_40.mat --> rsunx.crn.cogs.susx.ac.uk /rsunx/home/andrewop/TempLap/MatlabFiles/NewStrength/StructuresdataS holsp_100burst_0.01d_40.mat
2004.03.08 13:45 B C:\Documents and Settings\Administrator\My Documents\WorkPrograms\MatlabFiles\NewStrength\StructuresdataS\holsp_100burst_0.01d_60.mat --> rsunx.crn.cogs.susx.ac.uk /rsunx/home/andrewop/TempLap/MatlabFiles/NewStrength/StructuresdataS holsp_100burst_0.01d_60.mat
2004.03.08 13:45 B C:\Documents and Settings\Administrator\My Documents\WorkPrograms\MatlabFiles\NewStrength\StructuresdataS\holsp_100burst_0.01d_75.mat --> rsunx.crn.cogs.susx.ac.uk /rsunx/home/andrewop/TempLap/MatlabFiles/NewStrength/StructuresdataS holsp_100burst_0.01d_75.mat
2004.03.08 13:45 B C:\Documents and Settings\Administrator\My Documents\WorkPrograms\MatlabFiles\NewStrength\StructuresdataS\holsp_100burst_0.01d_80.mat --> rsunx.crn.cogs.susx.ac.uk /rsunx/home/andrewop/TempLap/MatlabFiles/NewStrength/StructuresdataS holsp_100burst_0.01d_80.mat
2004.03.08 13:45 B C:\Documents and Settings\Administrator\My Documents\WorkPrograms\MatlabFiles\NewStrength\StructuresdataS\holsp_100burst_0.01t_0.0025.mat --> rsunx.crn.cogs.susx.ac.uk /rsunx/home/andrewop/TempLap/MatlabFiles/NewStrength/StructuresdataS holsp_100burst_0.01t_0.0025.mat
2004.03.08 13:45 B C:\Documents and Settings\Administrator\My Documents\WorkPrograms\MatlabFiles\NewStrength\StructuresdataS\holsp_100burst_0.01t_0.005.mat --> rsunx.crn.cogs.susx.ac.uk /rsunx/home/andrewop/TempLap/MatlabFiles/NewStrength/StructuresdataS holsp_100burst_0.01t_0.005.mat
2004.03.08 13:45 B C:\Documents and Settings\Administrator\My Documents\WorkPrograms\MatlabFiles\NewStrength\StructuresdataS\holsp_100burst_0.01t_0.0075.mat --> rsunx.crn.cogs.susx.ac.uk /rsunx/home/andrewop/TempLap/MatlabFiles/NewStrength/StructuresdataS holsp_100burst_0.01t_0.0075.mat
2004.03.08 13:45 B C:\Documents and Settings\Administrator\My Documents\WorkPrograms\MatlabFiles\NewStrength\StructuresdataS\holsp_100burst_0.01t_0.01.mat --> rsunx.crn.cogs.susx.ac.uk /rsunx/home/andrewop/TempLap/MatlabFiles/NewStrength/StructuresdataS holsp_100burst_0.01t_0.01.mat
2004.03.08 13:45 B C:\Documents and Settings\Administrator\My Documents\WorkPrograms\MatlabFiles\NewStrength\StructuresdataS\holsp_100burst_0.01t_0.0125.mat --> rsunx.crn.cogs.susx.ac.uk /rsunx/home/andrewop/TempLap/MatlabFiles/NewStrength/StructuresdataS holsp_100burst_0.01t_0.0125.mat
2004.03.08 13:45 B C:\Documents and Settings\Administrator\My Documents\WorkPrograms\MatlabFiles\NewStrength\StructuresdataS\holsp_100burst_0.01t_0.015.mat --> rsunx.crn.cogs.susx.ac.uk /rsunx/home/andrewop/TempLap/MatlabFiles/NewStrength/StructuresdataS holsp_100burst_0.01t_0.015.mat
2004.03.08 13:45 B C:\Documents and Settings\Administrator\My Documents\WorkPrograms\MatlabFiles\NewStrength\StructuresdataS\holsp_100burst_0.01t_0.02.mat --> rsunx.crn.cogs.susx.ac.uk /rsunx/home/andrewop/TempLap/MatlabFiles/NewStrength/StructuresdataS holsp_100burst_0.01t_0.02.mat
2004.03.08 13:45 B C:\Documents and Settings\Administrator\My Documents\WorkPrograms\MatlabFiles\NewStrength\StructuresdataS\holsp_100burst_0.01t_0.025.mat --> rsunx.crn.cogs.susx.ac.uk /rsunx/home/andrewop/TempLap/MatlabFiles/NewStrength/StructuresdataS holsp_100burst_0.01t_0.025.mat
2004.03.08 13:45 B C:\Documents and Settings\Administrator\My Documents\WorkPrograms\MatlabFiles\NewStrength\StructuresdataS\holsp_100burst_0.01t_0.05.mat --> rsunx.crn.cogs.susx.ac.uk /rsunx/home/andrewop/TempLap/MatlabFiles/NewStrength/StructuresdataS holsp_100burst_0.01t_0.05.mat
2004.03.08 13:45 B C:\Documents and Settings\Administrator\My Documents\WorkPrograms\MatlabFiles\NewStrength\StructuresdataS\holsp_100burst_0.01t_0.1.mat --> rsunx.crn.cogs.susx.ac.uk /rsunx/home/andrewop/TempLap/MatlabFiles/NewStrength/StructuresdataS holsp_100burst_0.01t_0.1.mat
2004.03.08 13:45 B C:\Documents and Settings\Administrator\My Documents\WorkPrograms\MatlabFiles\NewStrength\StructuresdataS\holsp_100burst_0.01t_0.15.mat --> rsunx.crn.cogs.susx.ac.uk /rsunx/home/andrewop/TempLap/MatlabFiles/NewStrength/StructuresdataS holsp_100burst_0.01t_0.15.mat
2004.03.08 13:45 B C:\Documents and Settings\Administrator\My Documents\WorkPrograms\MatlabFiles\NewStrength\StructuresdataS\holsp_100burst_0.01t_0.2.mat --> rsunx.crn.cogs.susx.ac.uk /rsunx/home/andrewop/TempLap/MatlabFiles/NewStrength/StructuresdataS holsp_100burst_0.01t_0.2.mat
2004.03.08 13:45 B C:\Documents and Settings\Administrator\My Documents\WorkPrograms\MatlabFiles\NewStrength\StructuresdataS\holsp_100burst_0.01t_0.3.mat --> rsunx.crn.cogs.susx.ac.uk /rsunx/home/andrewop/TempLap/MatlabFiles/NewStrength/StructuresdataS holsp_100burst_0.01t_0.3.mat
2004.03.08 13:45 B C:\Documents and Settings\Administrator\My Documents\WorkPrograms\MatlabFiles\NewStrength\StructuresdataS\holsp_100burst_0.01t_0.4.mat --> rsunx.crn.cogs.susx.ac.uk /rsunx/home/andrewop/TempLap/MatlabFiles/NewStrength/StructuresdataS holsp_100burst_0.01t_0.4.mat
2004.03.08 13:45 B C:\Documents and Settings\Administrator\My Documents\WorkPrograms\MatlabFiles\NewStrength\StructuresdataS\holsp_100burst_0.01t_0.5.mat --> rsunx.crn.cogs.susx.ac.uk /rsunx/home/andrewop/TempLap/MatlabFiles/NewStrength/StructuresdataS holsp_100burst_0.01t_0.5.mat
2004.03.08 13:45 B C:\Documents and Settings\Administrator\My Documents\WorkPrograms\MatlabFiles\NewStrength\StructuresdataS\holsp_100burst_0.01t_1.mat --> rsunx.crn.cogs.susx.ac.uk /rsunx/home/andrewop/TempLap/MatlabFiles/NewStrength/StructuresdataS holsp_100burst_0.01t_1.mat
2004.03.08 13:45 B C:\Documents and Settings\Administrator\My Documents\WorkPrograms\MatlabFiles\NewStrength\StructuresdataS\S1_sp_30burst_1.05d_100.mat --> rsunx.crn.cogs.susx.ac.uk /rsunx/home/andrewop/TempLap/MatlabFiles/NewStrength/StructuresdataS S1_sp_30burst_1.05d_100.mat
2004.03.08 13:45 B C:\Documents and Settings\Administrator\My Documents\WorkPrograms\MatlabFiles\NewStrength\StructuresdataS\S1_sp_30burst_1.05d_125.mat --> rsunx.crn.cogs.susx.ac.uk /rsunx/home/andrewop/TempLap/MatlabFiles/NewStrength/StructuresdataS S1_sp_30burst_1.05d_125.mat
2004.03.08 13:45 B C:\Documents and Settings\Administrator\My Documents\WorkPrograms\MatlabFiles\NewStrength\StructuresdataS\S1_sp_30burst_1.05d_150.mat --> rsunx.crn.cogs.susx.ac.uk /rsunx/home/andrewop/TempLap/MatlabFiles/NewStrength/StructuresdataS S1_sp_30burst_1.05d_150.mat
2004.03.08 13:45 B C:\Documents and Settings\Administrator\My Documents\WorkPrograms\MatlabFiles\NewStrength\StructuresdataS\S1_sp_30burst_1.05d_2.2204e-16.mat --> rsunx.crn.cogs.susx.ac.uk /rsunx/home/andrewop/TempLap/MatlabFiles/NewStrength/StructuresdataS S1_sp_30burst_1.05d_2.2204e-16.mat
2004.03.08 13:45 B C:\Documents and Settings\Administrator\My Documents\WorkPrograms\MatlabFiles\NewStrength\StructuresdataS\S1_sp_30burst_1.05d_30.mat --> rsunx.crn.cogs.susx.ac.uk /rsunx/home/andrewop/TempLap/MatlabFiles/NewStrength/StructuresdataS S1_sp_30burst_1.05d_30.mat
2004.03.08 13:45 B C:\Documents and Settings\Administrator\My Documents\WorkPrograms\MatlabFiles\NewStrength\StructuresdataS\S1_sp_30burst_1.05d_40.mat --> rsunx.crn.cogs.susx.ac.uk /rsunx/home/andrewop/TempLap/MatlabFiles/NewStrength/StructuresdataS S1_sp_30burst_1.05d_40.mat
2004.03.08 13:45 B C:\Documents and Settings\Administrator\My Documents\WorkPrograms\MatlabFiles\NewStrength\StructuresdataS\S1_sp_30burst_1.05d_50.mat --> rsunx.crn.cogs.susx.ac.uk /rsunx/home/andrewop/TempLap/MatlabFiles/NewStrength/StructuresdataS S1_sp_30burst_1.05d_50.mat
2004.03.08 13:45 B C:\Documents and Settings\Administrator\My Documents\WorkPrograms\MatlabFiles\NewStrength\StructuresdataS\S1_sp_30burst_1.05d_75.mat --> rsunx.crn.cogs.susx.ac.uk /rsunx/home/andrewop/TempLap/MatlabFiles/NewStrength/StructuresdataS S1_sp_30burst_1.05d_75.mat
2004.03.08 13:45 B C:\Documents and Settings\Administrator\My Documents\WorkPrograms\MatlabFiles\NewStrength\StructuresdataS\S3_sp_30burst_3.15d_100.mat --> rsunx.crn.cogs.susx.ac.uk /rsunx/home/andrewop/TempLap/MatlabFiles/NewStrength/StructuresdataS S3_sp_30burst_3.15d_100.mat
2004.03.08 13:45 B C:\Documents and Settings\Administrator\My Documents\WorkPrograms\MatlabFiles\NewStrength\StructuresdataS\S3_sp_30burst_3.15d_2.2204e-16.mat --> rsunx.crn.cogs.susx.ac.uk /rsunx/home/andrewop/TempLap/MatlabFiles/NewStrength/StructuresdataS S3_sp_30burst_3.15d_2.2204e-16.mat
2004.03.08 13:45 B C:\Documents and Settings\Administrator\My Documents\WorkPrograms\MatlabFiles\NewStrength\StructuresdataS\S3_sp_30burst_3.15d_30.mat --> rsunx.crn.cogs.susx.ac.uk /rsunx/home/andrewop/TempLap/MatlabFiles/NewStrength/StructuresdataS S3_sp_30burst_3.15d_30.mat
2004.03.08 13:45 B C:\Documents and Settings\Administrator\My Documents\WorkPrograms\MatlabFiles\NewStrength\StructuresdataS\S3_sp_30burst_3.15d_40.mat --> rsunx.crn.cogs.susx.ac.uk /rsunx/home/andrewop/TempLap/MatlabFiles/NewStrength/StructuresdataS S3_sp_30burst_3.15d_40.mat
2004.03.08 13:45 B C:\Documents and Settings\Administrator\My Documents\WorkPrograms\MatlabFiles\NewStrength\StructuresdataS\S3_sp_30burst_3.15d_50.mat --> rsunx.crn.cogs.susx.ac.uk /rsunx/home/andrewop/TempLap/MatlabFiles/NewStrength/StructuresdataS S3_sp_30burst_3.15d_50.mat
2004.03.08 13:45 B C:\Documents and Settings\Administrator\My Documents\WorkPrograms\MatlabFiles\NewStrength\StructuresdataS\S3_sp_30burst_3.15d_75.mat --> rsunx.crn.cogs.susx.ac.uk /rsunx/home/andrewop/TempLap/MatlabFiles/NewStrength/StructuresdataS S3_sp_30burst_3.15d_75.mat
2004.03.08 13:45 B C:\Documents and Settings\Administrator\My Documents\WorkPrograms\MatlabFiles\NewStrength\StructuresdataS\S4_sp_100burst_0.1d_150.mat --> rsunx.crn.cogs.susx.ac.uk /rsunx/home/andrewop/TempLap/MatlabFiles/NewStrength/StructuresdataS S4_sp_100burst_0.1d_150.mat
2004.03.08 13:45 B C:\Documents and Settings\Administrator\My Documents\WorkPrograms\MatlabFiles\NewStrength\StructuresdataS\S4_sp_100burst_0.1d_2.2204e-16.mat --> rsunx.crn.cogs.susx.ac.uk /rsunx/home/andrewop/TempLap/MatlabFiles/NewStrength/StructuresdataS S4_sp_100burst_0.1d_2.2204e-16.mat
2004.03.08 13:45 B C:\Documents and Settings\Administrator\My Documents\WorkPrograms\MatlabFiles\NewStrength\StructuresdataS\S4_sp_100burst_0.1d_225.mat --> rsunx.crn.cogs.susx.ac.uk /rsunx/home/andrewop/TempLap/MatlabFiles/NewStrength/StructuresdataS S4_sp_100burst_0.1d_225.mat
2004.03.08 13:45 B C:\Documents and Settings\Administrator\My Documents\WorkPrograms\MatlabFiles\NewStrength\StructuresdataS\S4_sp_100burst_0.1d_75.mat --> rsunx.crn.cogs.susx.ac.uk /rsunx/home/andrewop/TempLap/MatlabFiles/NewStrength/StructuresdataS S4_sp_100burst_0.1d_75.mat
2004.03.08 13:45 B C:\Documents and Settings\Administrator\My Documents\WorkPrograms\MatlabFiles\NewStrength\StructuresdataS\S4_sp_30burst_4.2d_100.mat --> rsunx.crn.cogs.susx.ac.uk /rsunx/home/andrewop/TempLap/MatlabFiles/NewStrength/StructuresdataS S4_sp_30burst_4.2d_100.mat
2004.03.08 13:45 B C:\Documents and Settings\Administrator\My Documents\WorkPrograms\MatlabFiles\NewStrength\StructuresdataS\S4_sp_30burst_4.2d_125.mat --> rsunx.crn.cogs.susx.ac.uk /rsunx/home/andrewop/TempLap/MatlabFiles/NewStrength/StructuresdataS S4_sp_30burst_4.2d_125.mat
2004.03.08 13:45 B C:\Documents and Settings\Administrator\My Documents\WorkPrograms\MatlabFiles\NewStrength\StructuresdataS\S4_sp_30burst_4.2d_150.mat --> rsunx.crn.cogs.susx.ac.uk /rsunx/home/andrewop/TempLap/MatlabFiles/NewStrength/StructuresdataS S4_sp_30burst_4.2d_150.mat
2004.03.08 13:45 B C:\Documents and Settings\Administrator\My Documents\WorkPrograms\MatlabFiles\NewStrength\StructuresdataS\S4_sp_30burst_4.2d_2.2204e-16.mat --> rsunx.crn.cogs.susx.ac.uk /rsunx/home/andrewop/TempLap/MatlabFiles/NewStrength/StructuresdataS S4_sp_30burst_4.2d_2.2204e-16.mat
2004.03.08 13:45 B C:\Documents and Settings\Administrator\My Documents\WorkPrograms\MatlabFiles\NewStrength\StructuresdataS\S4_sp_30burst_4.2d_200.mat --> rsunx.crn.cogs.susx.ac.uk /rsunx/home/andrewop/TempLap/MatlabFiles/NewStrength/StructuresdataS S4_sp_30burst_4.2d_200.mat
2004.03.08 13:45 B C:\Documents and Settings\Administrator\My Documents\WorkPrograms\MatlabFiles\NewStrength\StructuresdataS\S4_sp_30burst_4.2d_30.mat --> rsunx.crn.cogs.susx.ac.uk /rsunx/home/andrewop/TempLap/MatlabFiles/NewStrength/StructuresdataS S4_sp_30burst_4.2d_30.mat
2004.03.08 13:45 B C:\Documents and Settings\Administrator\My Documents\WorkPrograms\MatlabFiles\NewStrength\StructuresdataS\S4_sp_30burst_4.2d_40.mat --> rsunx.crn.cogs.susx.ac.uk /rsunx/home/andrewop/TempLap/MatlabFiles/NewStrength/StructuresdataS S4_sp_30burst_4.2d_40.mat
2004.03.08 13:45 B C:\Documents and Settings\Administrator\My Documents\WorkPrograms\MatlabFiles\NewStrength\StructuresdataS\S4_sp_30burst_4.2d_50.mat --> rsunx.crn.cogs.susx.ac.uk /rsunx/home/andrewop/TempLap/MatlabFiles/NewStrength/StructuresdataS S4_sp_30burst_4.2d_50.mat
2004.03.08 13:45 B C:\Documents and Settings\Administrator\My Documents\WorkPrograms\MatlabFiles\NewStrength\StructuresdataS\S4_sp_30burst_4.2d_75.mat --> rsunx.crn.cogs.susx.ac.uk /rsunx/home/andrewop/TempLap/MatlabFiles/NewStrength/StructuresdataS S4_sp_30burst_4.2d_75.mat
2004.03.08 13:45 B C:\Documents and Settings\Administrator\My Documents\WorkPrograms\MatlabFiles\NewStrength\StructuresdataS\S4_sp_30burst_4.2t_2.06.mat --> rsunx.crn.cogs.susx.ac.uk /rsunx/home/andrewop/TempLap/MatlabFiles/NewStrength/StructuresdataS S4_sp_30burst_4.2t_2.06.mat
2004.03.08 13:45 B C:\Documents and Settings\Administrator\My Documents\WorkPrograms\MatlabFiles\NewStrength\StructuresdataS\S4_sp_30burst_4.2t_2.08.mat --> rsunx.crn.cogs.susx.ac.uk /rsunx/home/andrewop/TempLap/MatlabFiles/NewStrength/StructuresdataS S4_sp_30burst_4.2t_2.08.mat
2004.03.08 13:45 B C:\Documents and Settings\Administrator\My Documents\WorkPrograms\MatlabFiles\NewStrength\StructuresdataS\S4_sp_30burst_4.2t_2.1.mat --> rsunx.crn.cogs.susx.ac.uk /rsunx/home/andrewop/TempLap/MatlabFiles/NewStrength/StructuresdataS S4_sp_30burst_4.2t_2.1.mat
2004.03.08 13:45 B C:\Documents and Settings\Administrator\My Documents\WorkPrograms\MatlabFiles\NewStrength\StructuresdataS\S_sp_100burst_0.01d_100.mat --> rsunx.crn.cogs.susx.ac.uk /rsunx/home/andrewop/TempLap/MatlabFiles/NewStrength/StructuresdataS S_sp_100burst_0.01d_100.mat
2004.03.08 13:45 B C:\Documents and Settings\Administrator\My Documents\WorkPrograms\MatlabFiles\NewStrength\StructuresdataS\S_sp_100burst_0.01d_120.mat --> rsunx.crn.cogs.susx.ac.uk /rsunx/home/andrewop/TempLap/MatlabFiles/NewStrength/StructuresdataS S_sp_100burst_0.01d_120.mat
2004.03.08 13:45 B C:\Documents and Settings\Administrator\My Documents\WorkPrograms\MatlabFiles\NewStrength\StructuresdataS\S_sp_100burst_0.01d_150.mat --> rsunx.crn.cogs.susx.ac.uk /rsunx/home/andrewop/TempLap/MatlabFiles/NewStrength/StructuresdataS S_sp_100burst_0.01d_150.mat
2004.03.08 13:45 B C:\Documents and Settings\Administrator\My Documents\WorkPrograms\MatlabFiles\NewStrength\StructuresdataS\S_sp_100burst_0.01d_2.2204e-16.mat --> rsunx.crn.cogs.susx.ac.uk /rsunx/home/andrewop/TempLap/MatlabFiles/NewStrength/StructuresdataS S_sp_100burst_0.01d_2.2204e-16.mat
2004.03.08 13:45 B C:\Documents and Settings\Administrator\My Documents\WorkPrograms\MatlabFiles\NewStrength\StructuresdataS\S_sp_100burst_0.01d_225.mat --> rsunx.crn.cogs.susx.ac.uk /rsunx/home/andrewop/TempLap/MatlabFiles/NewStrength/StructuresdataS S_sp_100burst_0.01d_225.mat
2004.03.08 13:45 B C:\Documents and Settings\Administrator\My Documents\WorkPrograms\MatlabFiles\NewStrength\StructuresdataS\S_sp_100burst_0.01d_300.mat --> rsunx.crn.cogs.susx.ac.uk /rsunx/home/andrewop/TempLap/MatlabFiles/NewStrength/StructuresdataS S_sp_100burst_0.01d_300.mat
2004.03.08 13:45 B C:\Documents and Settings\Administrator\My Documents\WorkPrograms\MatlabFiles\NewStrength\StructuresdataS\S_sp_100burst_0.01d_40.mat --> rsunx.crn.cogs.susx.ac.uk /rsunx/home/andrewop/TempLap/MatlabFiles/NewStrength/StructuresdataS S_sp_100burst_0.01d_40.mat
2004.03.08 13:45 B C:\Documents and Settings\Administrator\My Documents\WorkPrograms\MatlabFiles\NewStrength\StructuresdataS\S_sp_100burst_0.01d_60.mat --> rsunx.crn.cogs.susx.ac.uk /rsunx/home/andrewop/TempLap/MatlabFiles/NewStrength/StructuresdataS S_sp_100burst_0.01d_60.mat
2004.03.08 13:45 B C:\Documents and Settings\Administrator\My Documents\WorkPrograms\MatlabFiles\NewStrength\StructuresdataS\S_sp_100burst_0.01d_75.mat --> rsunx.crn.cogs.susx.ac.uk /rsunx/home/andrewop/TempLap/MatlabFiles/NewStrength/StructuresdataS S_sp_100burst_0.01d_75.mat
2004.03.08 13:45 B C:\Documents and Settings\Administrator\My Documents\WorkPrograms\MatlabFiles\NewStrength\StructuresdataS\S_sp_100burst_0.01d_80.mat --> rsunx.crn.cogs.susx.ac.uk /rsunx/home/andrewop/TempLap/MatlabFiles/NewStrength/StructuresdataS S_sp_100burst_0.01d_80.mat
2004.03.08 13:45 B C:\Documents and Settings\Administrator\My Documents\WorkPrograms\MatlabFiles\NewStrength\StructuresdataS\S_sp_100burst_0.01t_0.0025.mat --> rsunx.crn.cogs.susx.ac.uk /rsunx/home/andrewop/TempLap/MatlabFiles/NewStrength/StructuresdataS S_sp_100burst_0.01t_0.0025.mat
2004.03.08 13:45 B C:\Documents and Settings\Administrator\My Documents\WorkPrograms\MatlabFiles\NewStrength\StructuresdataS\S_sp_100burst_0.01t_0.005.mat --> rsunx.crn.cogs.susx.ac.uk /rsunx/home/andrewop/TempLap/MatlabFiles/NewStrength/StructuresdataS S_sp_100burst_0.01t_0.005.mat
2004.03.08 13:45 B C:\Documents and Settings\Administrator\My Documents\WorkPrograms\MatlabFiles\NewStrength\StructuresdataS\S_sp_100burst_0.01t_0.0075.mat --> rsunx.crn.cogs.susx.ac.uk /rsunx/home/andrewop/TempLap/MatlabFiles/NewStrength/StructuresdataS S_sp_100burst_0.01t_0.0075.mat
2004.03.08 13:45 B C:\Documents and Settings\Administrator\My Documents\WorkPrograms\MatlabFiles\NewStrength\StructuresdataS\S_sp_100burst_0.01t_0.01.mat --> rsunx.crn.cogs.susx.ac.uk /rsunx/home/andrewop/TempLap/MatlabFiles/NewStrength/StructuresdataS S_sp_100burst_0.01t_0.01.mat
2004.03.08 13:45 B C:\Documents and Settings\Administrator\My Documents\WorkPrograms\MatlabFiles\NewStrength\StructuresdataS\S_sp_100burst_0.01t_0.0125.mat --> rsunx.crn.cogs.susx.ac.uk /rsunx/home/andrewop/TempLap/MatlabFiles/NewStrength/StructuresdataS S_sp_100burst_0.01t_0.0125.mat
2004.03.08 13:45 B C:\Documents and Settings\Administrator\My Documents\WorkPrograms\MatlabFiles\NewStrength\StructuresdataS\S_sp_100burst_0.01t_0.015.mat --> rsunx.crn.cogs.susx.ac.uk /rsunx/home/andrewop/TempLap/MatlabFiles/NewStrength/StructuresdataS S_sp_100burst_0.01t_0.015.mat
2004.03.08 13:45 B C:\Documents and Settings\Administrator\My Documents\WorkPrograms\MatlabFiles\NewStrength\StructuresdataS\S_sp_100burst_0.01t_0.02.mat --> rsunx.crn.cogs.susx.ac.uk /rsunx/home/andrewop/TempLap/MatlabFiles/NewStrength/StructuresdataS S_sp_100burst_0.01t_0.02.mat
2004.03.08 13:45 B C:\Documents and Settings\Administrator\My Documents\WorkPrograms\MatlabFiles\NewStrength\StructuresdataS\S_sp_100burst_0.01t_0.025.mat --> rsunx.crn.cogs.susx.ac.uk /rsunx/home/andrewop/TempLap/MatlabFiles/NewStrength/StructuresdataS S_sp_100burst_0.01t_0.025.mat
2004.03.08 13:45 B C:\Documents and Settings\Administrator\My Documents\WorkPrograms\MatlabFiles\NewStrength\StructuresdataS\S_sp_100burst_0.01t_0.05.mat --> rsunx.crn.cogs.susx.ac.uk /rsunx/home/andrewop/TempLap/MatlabFiles/NewStrength/StructuresdataS S_sp_100burst_0.01t_0.05.mat
2004.03.08 13:45 B C:\Documents and Settings\Administrator\My Documents\WorkPrograms\MatlabFiles\NewStrength\StructuresdataS\S_sp_100burst_0.01t_0.075.mat --> rsunx.crn.cogs.susx.ac.uk /rsunx/home/andrewop/TempLap/MatlabFiles/NewStrength/StructuresdataS S_sp_100burst_0.01t_0.075.mat
2004.03.08 13:45 B C:\Documents and Settings\Administrator\My Documents\WorkPrograms\MatlabFiles\NewStrength\StructuresdataS\S_sp_100burst_0.01t_0.1.mat --> rsunx.crn.cogs.susx.ac.uk /rsunx/home/andrewop/TempLap/MatlabFiles/NewStrength/StructuresdataS S_sp_100burst_0.01t_0.1.mat
2004.03.08 13:45 B C:\Documents and Settings\Administrator\My Documents\WorkPrograms\MatlabFiles\NewStrength\StructuresdataS\S_sp_100burst_0.01t_0.15.mat --> rsunx.crn.cogs.susx.ac.uk /rsunx/home/andrewop/TempLap/MatlabFiles/NewStrength/StructuresdataS S_sp_100burst_0.01t_0.15.mat
2004.03.08 13:45 B C:\Documents and Settings\Administrator\My Documents\WorkPrograms\MatlabFiles\NewStrength\StructuresdataS\S_sp_100burst_0.01t_0.2.mat --> rsunx.crn.cogs.susx.ac.uk /rsunx/home/andrewop/TempLap/MatlabFiles/NewStrength/StructuresdataS S_sp_100burst_0.01t_0.2.mat
2004.03.08 13:45 B C:\Documents and Settings\Administrator\My Documents\WorkPrograms\MatlabFiles\NewStrength\StructuresdataS\S_sp_100burst_0.01t_0.3.mat --> rsunx.crn.cogs.susx.ac.uk /rsunx/home/andrewop/TempLap/MatlabFiles/NewStrength/StructuresdataS S_sp_100burst_0.01t_0.3.mat
2004.03.08 13:45 B C:\Documents and Settings\Administrator\My Documents\WorkPrograms\MatlabFiles\NewStrength\StructuresdataS\S_sp_100burst_0.01t_0.4.mat --> rsunx.crn.cogs.susx.ac.uk /rsunx/home/andrewop/TempLap/MatlabFiles/NewStrength/StructuresdataS S_sp_100burst_0.01t_0.4.mat
2004.03.08 13:45 B C:\Documents and Settings\Administrator\My Documents\WorkPrograms\MatlabFiles\NewStrength\StructuresdataS\S_sp_100burst_0.01t_0.5.mat --> rsunx.crn.cogs.susx.ac.uk /rsunx/home/andrewop/TempLap/MatlabFiles/NewStrength/StructuresdataS S_sp_100burst_0.01t_0.5.mat
2004.03.08 13:45 B C:\Documents and Settings\Administrator\My Documents\WorkPrograms\MatlabFiles\NewStrength\StructuresdataS\S_sp_100burst_0.01t_0.75.mat --> rsunx.crn.cogs.susx.ac.uk /rsunx/home/andrewop/TempLap/MatlabFiles/NewStrength/StructuresdataS S_sp_100burst_0.01t_0.75.mat
2004.03.08 13:45 B C:\Documents and Settings\Administrator\My Documents\WorkPrograms\MatlabFiles\NewStrength\StructuresdataS\S_sp_100burst_0.01t_1.mat --> rsunx.crn.cogs.susx.ac.uk /rsunx/home/andrewop/TempLap/MatlabFiles/NewStrength/StructuresdataS S_sp_100burst_0.01t_1.mat
2004.03.08 13:45 B C:\Documents and Settings\Administrator\My Documents\WorkPrograms\MatlabFiles\NewStrength\StructuresdataS\SP1_sp_30burst_1.05d_100.mat --> rsunx.crn.cogs.susx.ac.uk /rsunx/home/andrewop/TempLap/MatlabFiles/NewStrength/StructuresdataS SP1_sp_30burst_1.05d_100.mat
2004.03.08 13:45 B C:\Documents and Settings\Administrator\My Documents\WorkPrograms\MatlabFiles\NewStrength\StructuresdataS\SP1_sp_30burst_1.05d_125.mat --> rsunx.crn.cogs.susx.ac.uk /rsunx/home/andrewop/TempLap/MatlabFiles/NewStrength/StructuresdataS SP1_sp_30burst_1.05d_125.mat
2004.03.08 13:45 B C:\Documents and Settings\Administrator\My Documents\WorkPrograms\MatlabFiles\NewStrength\StructuresdataS\SP1_sp_30burst_1.05d_150.mat --> rsunx.crn.cogs.susx.ac.uk /rsunx/home/andrewop/TempLap/MatlabFiles/NewStrength/StructuresdataS SP1_sp_30burst_1.05d_150.mat
2004.03.08 13:45 B C:\Documents and Settings\Administrator\My Documents\WorkPrograms\MatlabFiles\NewStrength\StructuresdataS\SP1_sp_30burst_1.05d_2.2204e-16.mat --> rsunx.crn.cogs.susx.ac.uk /rsunx/home/andrewop/TempLap/MatlabFiles/NewStrength/StructuresdataS SP1_sp_30burst_1.05d_2.2204e-16.mat
2004.03.08 13:45 B C:\Documents and Settings\Administrator\My Documents\WorkPrograms\MatlabFiles\NewStrength\StructuresdataS\SP1_sp_30burst_1.05d_200.mat --> rsunx.crn.cogs.susx.ac.uk /rsunx/home/andrewop/TempLap/MatlabFiles/NewStrength/StructuresdataS SP1_sp_30burst_1.05d_200.mat
2004.03.08 13:45 B C:\Documents and Settings\Administrator\My Documents\WorkPrograms\MatlabFiles\NewStrength\StructuresdataS\SP1_sp_30burst_1.05d_30.mat --> rsunx.crn.cogs.susx.ac.uk /rsunx/home/andrewop/TempLap/MatlabFiles/NewStrength/StructuresdataS SP1_sp_30burst_1.05d_30.mat
2004.03.08 13:45 B C:\Documents and Settings\Administrator\My Documents\WorkPrograms\MatlabFiles\NewStrength\StructuresdataS\SP1_sp_30burst_1.05d_300.mat --> rsunx.crn.cogs.susx.ac.uk /rsunx/home/andrewop/TempLap/MatlabFiles/NewStrength/StructuresdataS SP1_sp_30burst_1.05d_300.mat
2004.03.08 13:45 B C:\Documents and Settings\Administrator\My Documents\WorkPrograms\MatlabFiles\NewStrength\StructuresdataS\SP1_sp_30burst_1.05d_40.mat --> rsunx.crn.cogs.susx.ac.uk /rsunx/home/andrewop/TempLap/MatlabFiles/NewStrength/StructuresdataS SP1_sp_30burst_1.05d_40.mat
2004.03.08 13:45 B C:\Documents and Settings\Administrator\My Documents\WorkPrograms\MatlabFiles\NewStrength\StructuresdataS\SP1_sp_30burst_1.05d_50.mat --> rsunx.crn.cogs.susx.ac.uk /rsunx/home/andrewop/TempLap/MatlabFiles/NewStrength/StructuresdataS SP1_sp_30burst_1.05d_50.mat
2004.03.08 13:45 B C:\Documents and Settings\Administrator\My Documents\WorkPrograms\MatlabFiles\NewStrength\StructuresdataS\SP1_sp_30burst_1.05d_75.mat --> rsunx.crn.cogs.susx.ac.uk /rsunx/home/andrewop/TempLap/MatlabFiles/NewStrength/StructuresdataS SP1_sp_30burst_1.05d_75.mat
2004.03.08 13:45 B C:\Documents and Settings\Administrator\My Documents\WorkPrograms\MatlabFiles\NewStrength\StructuresdataS\SP1_sp_30burst_4.2d_2.2204e-16.mat --> rsunx.crn.cogs.susx.ac.uk /rsunx/home/andrewop/TempLap/MatlabFiles/NewStrength/StructuresdataS SP1_sp_30burst_4.2d_2.2204e-16.mat
2004.03.08 13:45 B C:\Documents and Settings\Administrator\My Documents\WorkPrograms\MatlabFiles\NewStrength\StructuresdataS\SP21_sp_30burst_0.55d_150.mat --> rsunx.crn.cogs.susx.ac.uk /rsunx/home/andrewop/TempLap/MatlabFiles/NewStrength/StructuresdataS SP21_sp_30burst_0.55d_150.mat
2004.03.08 13:45 B C:\Documents and Settings\Administrator\My Documents\WorkPrograms\MatlabFiles\NewStrength\StructuresdataS\SP21_sp_30burst_0.55d_200.mat --> rsunx.crn.cogs.susx.ac.uk /rsunx/home/andrewop/TempLap/MatlabFiles/NewStrength/StructuresdataS SP21_sp_30burst_0.55d_200.mat
2004.03.08 13:45 B C:\Documents and Settings\Administrator\My Documents\WorkPrograms\MatlabFiles\NewStrength\StructuresdataS\SP22_sp_30burst_0.55d_100.mat --> rsunx.crn.cogs.susx.ac.uk /rsunx/home/andrewop/TempLap/MatlabFiles/NewStrength/StructuresdataS SP22_sp_30burst_0.55d_100.mat
2004.03.08 13:45 B C:\Documents and Settings\Administrator\My Documents\WorkPrograms\MatlabFiles\NewStrength\StructuresdataS\SP22_sp_30burst_0.55d_125.mat --> rsunx.crn.cogs.susx.ac.uk /rsunx/home/andrewop/TempLap/MatlabFiles/NewStrength/StructuresdataS SP22_sp_30burst_0.55d_125.mat
2004.03.08 13:45 B C:\Documents and Settings\Administrator\My Documents\WorkPrograms\MatlabFiles\NewStrength\StructuresdataS\SP22_sp_30burst_0.55d_150.mat --> rsunx.crn.cogs.susx.ac.uk /rsunx/home/andrewop/TempLap/MatlabFiles/NewStrength/StructuresdataS SP22_sp_30burst_0.55d_150.mat
2004.03.08 13:45 B C:\Documents and Settings\Administrator\My Documents\WorkPrograms\MatlabFiles\NewStrength\StructuresdataS\SP22_sp_30burst_0.55d_2.2204e-16.mat --> rsunx.crn.cogs.susx.ac.uk /rsunx/home/andrewop/TempLap/MatlabFiles/NewStrength/StructuresdataS SP22_sp_30burst_0.55d_2.2204e-16.mat
2004.03.08 13:45 B C:\Documents and Settings\Administrator\My Documents\WorkPrograms\MatlabFiles\NewStrength\StructuresdataS\SP22_sp_30burst_0.55d_200.mat --> rsunx.crn.cogs.susx.ac.uk /rsunx/home/andrewop/TempLap/MatlabFiles/NewStrength/StructuresdataS SP22_sp_30burst_0.55d_200.mat
2004.03.08 13:45 B C:\Documents and Settings\Administrator\My Documents\WorkPrograms\MatlabFiles\NewStrength\StructuresdataS\SP22_sp_30burst_0.55d_30.mat --> rsunx.crn.cogs.susx.ac.uk /rsunx/home/andrewop/TempLap/MatlabFiles/NewStrength/StructuresdataS SP22_sp_30burst_0.55d_30.mat
2004.03.08 13:45 B C:\Documents and Settings\Administrator\My Documents\WorkPrograms\MatlabFiles\NewStrength\StructuresdataS\SP22_sp_30burst_0.55d_300.mat --> rsunx.crn.cogs.susx.ac.uk /rsunx/home/andrewop/TempLap/MatlabFiles/NewStrength/StructuresdataS SP22_sp_30burst_0.55d_300.mat
2004.03.08 13:45 B C:\Documents and Settings\Administrator\My Documents\WorkPrograms\MatlabFiles\NewStrength\StructuresdataS\SP22_sp_30burst_0.55d_40.mat --> rsunx.crn.cogs.susx.ac.uk /rsunx/home/andrewop/TempLap/MatlabFiles/NewStrength/StructuresdataS SP22_sp_30burst_0.55d_40.mat
2004.03.08 13:45 B C:\Documents and Settings\Administrator\My Documents\WorkPrograms\MatlabFiles\NewStrength\StructuresdataS\SP22_sp_30burst_0.55d_50.mat --> rsunx.crn.cogs.susx.ac.uk /rsunx/home/andrewop/TempLap/MatlabFiles/NewStrength/StructuresdataS SP22_sp_30burst_0.55d_50.mat
2004.03.08 13:45 B C:\Documents and Settings\Administrator\My Documents\WorkPrograms\MatlabFiles\NewStrength\StructuresdataS\SP22_sp_30burst_0.55d_75.mat --> rsunx.crn.cogs.susx.ac.uk /rsunx/home/andrewop/TempLap/MatlabFiles/NewStrength/StructuresdataS SP22_sp_30burst_0.55d_75.mat
2004.03.08 13:45 B C:\Documents and Settings\Administrator\My Documents\WorkPrograms\MatlabFiles\NewStrength\StructuresdataS\SP23_sp_30burst_0.55d_100.mat --> rsunx.crn.cogs.susx.ac.uk /rsunx/home/andrewop/TempLap/MatlabFiles/NewStrength/StructuresdataS SP23_sp_30burst_0.55d_100.mat
2004.03.08 13:45 B C:\Documents and Settings\Administrator\My Documents\WorkPrograms\MatlabFiles\NewStrength\StructuresdataS\SP23_sp_30burst_0.55d_125.mat --> rsunx.crn.cogs.susx.ac.uk /rsunx/home/andrewop/TempLap/MatlabFiles/NewStrength/StructuresdataS SP23_sp_30burst_0.55d_125.mat
2004.03.08 13:45 B C:\Documents and Settings\Administrator\My Documents\WorkPrograms\MatlabFiles\NewStrength\StructuresdataS\SP23_sp_30burst_0.55d_150.mat --> rsunx.crn.cogs.susx.ac.uk /rsunx/home/andrewop/TempLap/MatlabFiles/NewStrength/StructuresdataS SP23_sp_30burst_0.55d_150.mat
2004.03.08 13:45 B C:\Documents and Settings\Administrator\My Documents\WorkPrograms\MatlabFiles\NewStrength\StructuresdataS\SP23_sp_30burst_0.55d_2.2204e-16.mat --> rsunx.crn.cogs.susx.ac.uk /rsunx/home/andrewop/TempLap/MatlabFiles/NewStrength/StructuresdataS SP23_sp_30burst_0.55d_2.2204e-16.mat
2004.03.08 13:45 B C:\Documents and Settings\Administrator\My Documents\WorkPrograms\MatlabFiles\NewStrength\StructuresdataS\SP23_sp_30burst_0.55d_200.mat --> rsunx.crn.cogs.susx.ac.uk /rsunx/home/andrewop/TempLap/MatlabFiles/NewStrength/StructuresdataS SP23_sp_30burst_0.55d_200.mat
2004.03.08 13:45 B C:\Documents and Settings\Administrator\My Documents\WorkPrograms\MatlabFiles\NewStrength\StructuresdataS\SP23_sp_30burst_0.55d_30.mat --> rsunx.crn.cogs.susx.ac.uk /rsunx/home/andrewop/TempLap/MatlabFiles/NewStrength/StructuresdataS SP23_sp_30burst_0.55d_30.mat
2004.03.08 13:45 B C:\Documents and Settings\Administrator\My Documents\WorkPrograms\MatlabFiles\NewStrength\StructuresdataS\SP23_sp_30burst_0.55d_300.mat --> rsunx.crn.cogs.susx.ac.uk /rsunx/home/andrewop/TempLap/MatlabFiles/NewStrength/StructuresdataS SP23_sp_30burst_0.55d_300.mat
2004.03.08 13:45 B C:\Documents and Settings\Administrator\My Documents\WorkPrograms\MatlabFiles\NewStrength\StructuresdataS\SP23_sp_30burst_0.55d_40.mat --> rsunx.crn.cogs.susx.ac.uk /rsunx/home/andrewop/TempLap/MatlabFiles/NewStrength/StructuresdataS SP23_sp_30burst_0.55d_40.mat
2004.03.08 13:45 B C:\Documents and Settings\Administrator\My Documents\WorkPrograms\MatlabFiles\NewStrength\StructuresdataS\SP23_sp_30burst_0.55d_50.mat --> rsunx.crn.cogs.susx.ac.uk /rsunx/home/andrewop/TempLap/MatlabFiles/NewStrength/StructuresdataS SP23_sp_30burst_0.55d_50.mat
2004.03.08 13:45 B C:\Documents and Settings\Administrator\My Documents\WorkPrograms\MatlabFiles\NewStrength\StructuresdataS\SP23_sp_30burst_0.55d_75.mat --> rsunx.crn.cogs.susx.ac.uk /rsunx/home/andrewop/TempLap/MatlabFiles/NewStrength/StructuresdataS SP23_sp_30burst_0.55d_75.mat
2004.03.08 13:45 B C:\Documents and Settings\Administrator\My Documents\WorkPrograms\MatlabFiles\NewStrength\StructuresdataS\SP24_sp_30burst_0.55d_100.mat --> rsunx.crn.cogs.susx.ac.uk /rsunx/home/andrewop/TempLap/MatlabFiles/NewStrength/StructuresdataS SP24_sp_30burst_0.55d_100.mat
2004.03.08 13:45 B C:\Documents and Settings\Administrator\My Documents\WorkPrograms\MatlabFiles\NewStrength\StructuresdataS\SP24_sp_30burst_0.55d_125.mat --> rsunx.crn.cogs.susx.ac.uk /rsunx/home/andrewop/TempLap/MatlabFiles/NewStrength/StructuresdataS SP24_sp_30burst_0.55d_125.mat
2004.03.08 13:45 B C:\Documents and Settings\Administrator\My Documents\WorkPrograms\MatlabFiles\NewStrength\StructuresdataS\SP24_sp_30burst_0.55d_150.mat --> rsunx.crn.cogs.susx.ac.uk /rsunx/home/andrewop/TempLap/MatlabFiles/NewStrength/StructuresdataS SP24_sp_30burst_0.55d_150.mat
2004.03.08 13:45 B C:\Documents and Settings\Administrator\My Documents\WorkPrograms\MatlabFiles\NewStrength\StructuresdataS\SP24_sp_30burst_0.55d_2.2204e-16.mat --> rsunx.crn.cogs.susx.ac.uk /rsunx/home/andrewop/TempLap/MatlabFiles/NewStrength/StructuresdataS SP24_sp_30burst_0.55d_2.2204e-16.mat
2004.03.08 13:45 B C:\Documents and Settings\Administrator\My Documents\WorkPrograms\MatlabFiles\NewStrength\StructuresdataS\SP24_sp_30burst_0.55d_200.mat --> rsunx.crn.cogs.susx.ac.uk /rsunx/home/andrewop/TempLap/MatlabFiles/NewStrength/StructuresdataS SP24_sp_30burst_0.55d_200.mat
2004.03.08 13:45 B C:\Documents and Settings\Administrator\My Documents\WorkPrograms\MatlabFiles\NewStrength\StructuresdataS\SP24_sp_30burst_0.55d_30.mat --> rsunx.crn.cogs.susx.ac.uk /rsunx/home/andrewop/TempLap/MatlabFiles/NewStrength/StructuresdataS SP24_sp_30burst_0.55d_30.mat
2004.03.08 13:45 B C:\Documents and Settings\Administrator\My Documents\WorkPrograms\MatlabFiles\NewStrength\StructuresdataS\SP24_sp_30burst_0.55d_300.mat --> rsunx.crn.cogs.susx.ac.uk /rsunx/home/andrewop/TempLap/MatlabFiles/NewStrength/StructuresdataS SP24_sp_30burst_0.55d_300.mat
2004.03.08 13:45 B C:\Documents and Settings\Administrator\My Documents\WorkPrograms\MatlabFiles\NewStrength\StructuresdataS\SP24_sp_30burst_0.55d_40.mat --> rsunx.crn.cogs.susx.ac.uk /rsunx/home/andrewop/TempLap/MatlabFiles/NewStrength/StructuresdataS SP24_sp_30burst_0.55d_40.mat
2004.03.08 13:45 B C:\Documents and Settings\Administrator\My Documents\WorkPrograms\MatlabFiles\NewStrength\StructuresdataS\SP24_sp_30burst_0.55d_50.mat --> rsunx.crn.cogs.susx.ac.uk /rsunx/home/andrewop/TempLap/MatlabFiles/NewStrength/StructuresdataS SP24_sp_30burst_0.55d_50.mat
2004.03.08 13:45 B C:\Documents and Settings\Administrator\My Documents\WorkPrograms\MatlabFiles\NewStrength\StructuresdataS\SP24_sp_30burst_0.55d_75.mat --> rsunx.crn.cogs.susx.ac.uk /rsunx/home/andrewop/TempLap/MatlabFiles/NewStrength/StructuresdataS SP24_sp_30burst_0.55d_75.mat
2004.03.08 13:45 B C:\Documents and Settings\Administrator\My Documents\WorkPrograms\MatlabFiles\NewStrength\StructuresdataS\SP2_sp_30burst_2.1d_100.mat --> rsunx.crn.cogs.susx.ac.uk /rsunx/home/andrewop/TempLap/MatlabFiles/NewStrength/StructuresdataS SP2_sp_30burst_2.1d_100.mat
2004.03.08 13:45 B C:\Documents and Settings\Administrator\My Documents\WorkPrograms\MatlabFiles\NewStrength\StructuresdataS\SP2_sp_30burst_2.1d_125.mat --> rsunx.crn.cogs.susx.ac.uk /rsunx/home/andrewop/TempLap/MatlabFiles/NewStrength/StructuresdataS SP2_sp_30burst_2.1d_125.mat
2004.03.08 13:45 B C:\Documents and Settings\Administrator\My Documents\WorkPrograms\MatlabFiles\NewStrength\StructuresdataS\SP2_sp_30burst_2.1d_150.mat --> rsunx.crn.cogs.susx.ac.uk /rsunx/home/andrewop/TempLap/MatlabFiles/NewStrength/StructuresdataS SP2_sp_30burst_2.1d_150.mat
2004.03.08 13:45 B C:\Documents and Settings\Administrator\My Documents\WorkPrograms\MatlabFiles\NewStrength\StructuresdataS\SP2_sp_30burst_2.1d_2.2204e-16.mat --> rsunx.crn.cogs.susx.ac.uk /rsunx/home/andrewop/TempLap/MatlabFiles/NewStrength/StructuresdataS SP2_sp_30burst_2.1d_2.2204e-16.mat
2004.03.08 13:45 B C:\Documents and Settings\Administrator\My Documents\WorkPrograms\MatlabFiles\NewStrength\StructuresdataS\SP2_sp_30burst_2.1d_200.mat --> rsunx.crn.cogs.susx.ac.uk /rsunx/home/andrewop/TempLap/MatlabFiles/NewStrength/StructuresdataS SP2_sp_30burst_2.1d_200.mat
2004.03.08 13:45 B C:\Documents and Settings\Administrator\My Documents\WorkPrograms\MatlabFiles\NewStrength\StructuresdataS\SP2_sp_30burst_2.1d_30.mat --> rsunx.crn.cogs.susx.ac.uk /rsunx/home/andrewop/TempLap/MatlabFiles/NewStrength/StructuresdataS SP2_sp_30burst_2.1d_30.mat
2004.03.08 13:45 B C:\Documents and Settings\Administrator\My Documents\WorkPrograms\MatlabFiles\NewStrength\StructuresdataS\SP2_sp_30burst_2.1d_300.mat --> rsunx.crn.cogs.susx.ac.uk /rsunx/home/andrewop/TempLap/MatlabFiles/NewStrength/StructuresdataS SP2_sp_30burst_2.1d_300.mat
2004.03.08 13:45 B C:\Documents and Settings\Administrator\My Documents\WorkPrograms\MatlabFiles\NewStrength\StructuresdataS\SP2_sp_30burst_2.1d_40.mat --> rsunx.crn.cogs.susx.ac.uk /rsunx/home/andrewop/TempLap/MatlabFiles/NewStrength/StructuresdataS SP2_sp_30burst_2.1d_40.mat
2004.03.08 13:45 B C:\Documents and Settings\Administrator\My Documents\WorkPrograms\MatlabFiles\NewStrength\StructuresdataS\SP2_sp_30burst_2.1d_50.mat --> rsunx.crn.cogs.susx.ac.uk /rsunx/home/andrewop/TempLap/MatlabFiles/NewStrength/StructuresdataS SP2_sp_30burst_2.1d_50.mat
2004.03.08 13:45 B C:\Documents and Settings\Administrator\My Documents\WorkPrograms\MatlabFiles\NewStrength\StructuresdataS\SP2_sp_30burst_2.1d_75.mat --> rsunx.crn.cogs.susx.ac.uk /rsunx/home/andrewop/TempLap/MatlabFiles/NewStrength/StructuresdataS SP2_sp_30burst_2.1d_75.mat
2004.03.08 13:45 B C:\Documents and Settings\Administrator\My Documents\WorkPrograms\MatlabFiles\NewStrength\StructuresdataS\SP3_sp_30burst_3.15d_100.mat --> rsunx.crn.cogs.susx.ac.uk /rsunx/home/andrewop/TempLap/MatlabFiles/NewStrength/StructuresdataS SP3_sp_30burst_3.15d_100.mat
2004.03.08 13:45 B C:\Documents and Settings\Administrator\My Documents\WorkPrograms\MatlabFiles\NewStrength\StructuresdataS\SP3_sp_30burst_3.15d_125.mat --> rsunx.crn.cogs.susx.ac.uk /rsunx/home/andrewop/TempLap/MatlabFiles/NewStrength/StructuresdataS SP3_sp_30burst_3.15d_125.mat
2004.03.08 13:45 B C:\Documents and Settings\Administrator\My Documents\WorkPrograms\MatlabFiles\NewStrength\StructuresdataS\SP3_sp_30burst_3.15d_150.mat --> rsunx.crn.cogs.susx.ac.uk /rsunx/home/andrewop/TempLap/MatlabFiles/NewStrength/StructuresdataS SP3_sp_30burst_3.15d_150.mat
2004.03.08 13:45 B C:\Documents and Settings\Administrator\My Documents\WorkPrograms\MatlabFiles\NewStrength\StructuresdataS\SP3_sp_30burst_3.15d_2.2204e-16.mat --> rsunx.crn.cogs.susx.ac.uk /rsunx/home/andrewop/TempLap/MatlabFiles/NewStrength/StructuresdataS SP3_sp_30burst_3.15d_2.2204e-16.mat
2004.03.08 13:45 B C:\Documents and Settings\Administrator\My Documents\WorkPrograms\MatlabFiles\NewStrength\StructuresdataS\SP3_sp_30burst_3.15d_200.mat --> rsunx.crn.cogs.susx.ac.uk /rsunx/home/andrewop/TempLap/MatlabFiles/NewStrength/StructuresdataS SP3_sp_30burst_3.15d_200.mat
2004.03.08 13:45 B C:\Documents and Settings\Administrator\My Documents\WorkPrograms\MatlabFiles\NewStrength\StructuresdataS\SP3_sp_30burst_3.15d_30.mat --> rsunx.crn.cogs.susx.ac.uk /rsunx/home/andrewop/TempLap/MatlabFiles/NewStrength/StructuresdataS SP3_sp_30burst_3.15d_30.mat
2004.03.08 13:45 B C:\Documents and Settings\Administrator\My Documents\WorkPrograms\MatlabFiles\NewStrength\StructuresdataS\SP3_sp_30burst_3.15d_300.mat --> rsunx.crn.cogs.susx.ac.uk /rsunx/home/andrewop/TempLap/MatlabFiles/NewStrength/StructuresdataS SP3_sp_30burst_3.15d_300.mat
2004.03.08 13:45 B C:\Documents and Settings\Administrator\My Documents\WorkPrograms\MatlabFiles\NewStrength\StructuresdataS\SP3_sp_30burst_3.15d_40.mat --> rsunx.crn.cogs.susx.ac.uk /rsunx/home/andrewop/TempLap/MatlabFiles/NewStrength/StructuresdataS SP3_sp_30burst_3.15d_40.mat
2004.03.08 13:45 B C:\Documents and Settings\Administrator\My Documents\WorkPrograms\MatlabFiles\NewStrength\StructuresdataS\SP3_sp_30burst_3.15d_50.mat --> rsunx.crn.cogs.susx.ac.uk /rsunx/home/andrewop/TempLap/MatlabFiles/NewStrength/StructuresdataS SP3_sp_30burst_3.15d_50.mat
2004.03.08 13:45 B C:\Documents and Settings\Administrator\My Documents\WorkPrograms\MatlabFiles\NewStrength\StructuresdataS\SP3_sp_30burst_3.15d_75.mat --> rsunx.crn.cogs.susx.ac.uk /rsunx/home/andrewop/TempLap/MatlabFiles/NewStrength/StructuresdataS SP3_sp_30burst_3.15d_75.mat
2004.03.08 13:45 B C:\Documents and Settings\Administrator\My Documents\WorkPrograms\MatlabFiles\NewStrength\StructuresdataS\SP4_sp_30burst_4.2d_100.mat --> rsunx.crn.cogs.susx.ac.uk /rsunx/home/andrewop/TempLap/MatlabFiles/NewStrength/StructuresdataS SP4_sp_30burst_4.2d_100.mat
2004.03.08 13:45 B C:\Documents and Settings\Administrator\My Documents\WorkPrograms\MatlabFiles\NewStrength\StructuresdataS\SP4_sp_30burst_4.2d_125.mat --> rsunx.crn.cogs.susx.ac.uk /rsunx/home/andrewop/TempLap/MatlabFiles/NewStrength/StructuresdataS SP4_sp_30burst_4.2d_125.mat
2004.03.08 13:45 B C:\Documents and Settings\Administrator\My Documents\WorkPrograms\MatlabFiles\NewStrength\StructuresdataS\SP4_sp_30burst_4.2d_150.mat --> rsunx.crn.cogs.susx.ac.uk /rsunx/home/andrewop/TempLap/MatlabFiles/NewStrength/StructuresdataS SP4_sp_30burst_4.2d_150.mat
2004.03.08 13:45 B C:\Documents and Settings\Administrator\My Documents\WorkPrograms\MatlabFiles\NewStrength\StructuresdataS\SP4_sp_30burst_4.2d_2.2204e-16.mat --> rsunx.crn.cogs.susx.ac.uk /rsunx/home/andrewop/TempLap/MatlabFiles/NewStrength/StructuresdataS SP4_sp_30burst_4.2d_2.2204e-16.mat
2004.03.08 13:45 B C:\Documents and Settings\Administrator\My Documents\WorkPrograms\MatlabFiles\NewStrength\StructuresdataS\SP4_sp_30burst_4.2d_200.mat --> rsunx.crn.cogs.susx.ac.uk /rsunx/home/andrewop/TempLap/MatlabFiles/NewStrength/StructuresdataS SP4_sp_30burst_4.2d_200.mat
2004.03.08 13:45 B C:\Documents and Settings\Administrator\My Documents\WorkPrograms\MatlabFiles\NewStrength\StructuresdataS\SP4_sp_30burst_4.2d_30.mat --> rsunx.crn.cogs.susx.ac.uk /rsunx/home/andrewop/TempLap/MatlabFiles/NewStrength/StructuresdataS SP4_sp_30burst_4.2d_30.mat
2004.03.08 13:45 B C:\Documents and Settings\Administrator\My Documents\WorkPrograms\MatlabFiles\NewStrength\StructuresdataS\SP4_sp_30burst_4.2d_300.mat --> rsunx.crn.cogs.susx.ac.uk /rsunx/home/andrewop/TempLap/MatlabFiles/NewStrength/StructuresdataS SP4_sp_30burst_4.2d_300.mat
2004.03.08 13:45 B C:\Documents and Settings\Administrator\My Documents\WorkPrograms\MatlabFiles\NewStrength\StructuresdataS\SP4_sp_30burst_4.2d_40.mat --> rsunx.crn.cogs.susx.ac.uk /rsunx/home/andrewop/TempLap/MatlabFiles/NewStrength/StructuresdataS SP4_sp_30burst_4.2d_40.mat
2004.03.08 13:45 B C:\Documents and Settings\Administrator\My Documents\WorkPrograms\MatlabFiles\NewStrength\StructuresdataS\SP4_sp_30burst_4.2d_50.mat --> rsunx.crn.cogs.susx.ac.uk /rsunx/home/andrewop/TempLap/MatlabFiles/NewStrength/StructuresdataS SP4_sp_30burst_4.2d_50.mat
2004.03.08 13:45 B C:\Documents and Settings\Administrator\My Documents\WorkPrograms\MatlabFiles\NewStrength\StructuresdataS\SP4_sp_30burst_4.2d_75.mat --> rsunx.crn.cogs.susx.ac.uk /rsunx/home/andrewop/TempLap/MatlabFiles/NewStrength/StructuresdataS SP4_sp_30burst_4.2d_75.mat
2004.03.08 13:45 B C:\Documents and Settings\Administrator\My Documents\WorkPrograms\MatlabFiles\NewStrength\StructuresdataS\WS_FTP.LOG --> rsunx.crn.cogs.susx.ac.uk /rsunx/home/andrewop/TempLap/MatlabFiles/NewStrength/StructuresdataS WS_FTP.LOG
