2003.07.28 12:13 B C:\Documents and Settings\Administrator\My Documents\WorkPrograms\MatlabFiles\MeshPaperFiles\3dTree\CheckDiffs.m --> rsunx.crn.cogs.susx.ac.uk /rsunx/home/andrewop/TempLap/MatlabFiles/MeshPaperFiles/3dTree CheckDiffs.m
2003.07.28 12:13 B C:\Documents and Settings\Administrator\My Documents\WorkPrograms\MatlabFiles\MeshPaperFiles\3dTree\GetDensityMaxAvgs.m --> rsunx.crn.cogs.susx.ac.uk /rsunx/home/andrewop/TempLap/MatlabFiles/MeshPaperFiles/3dTree GetDensityMaxAvgs.m
2003.07.28 12:13 B C:\Documents and Settings\Administrator\My Documents\WorkPrograms\MatlabFiles\MeshPaperFiles\3dTree\GetDensityMaxAvgsX150.m --> rsunx.crn.cogs.susx.ac.uk /rsunx/home/andrewop/TempLap/MatlabFiles/MeshPaperFiles/3dTree GetDensityMaxAvgsX150.m
2003.07.28 12:13 B C:\Documents and Settings\Administrator\My Documents\WorkPrograms\MatlabFiles\MeshPaperFiles\3dTree\GetDensityStats.m --> rsunx.crn.cogs.susx.ac.uk /rsunx/home/andrewop/TempLap/MatlabFiles/MeshPaperFiles/3dTree GetDensityStats.m
2003.07.28 12:13 B C:\Documents and Settings\Administrator\My Documents\WorkPrograms\MatlabFiles\MeshPaperFiles\3dTree\GetMinMaxDiffAvgs.m --> rsunx.crn.cogs.susx.ac.uk /rsunx/home/andrewop/TempLap/MatlabFiles/MeshPaperFiles/3dTree GetMinMaxDiffAvgs.m
2003.07.28 12:13 B C:\Documents and Settings\Administrator\My Documents\WorkPrograms\MatlabFiles\MeshPaperFiles\3dTree\GetSPSSTreeData.m --> rsunx.crn.cogs.susx.ac.uk /rsunx/home/andrewop/TempLap/MatlabFiles/MeshPaperFiles/3dTree GetSPSSTreeData.m
2003.07.28 12:13 B C:\Documents and Settings\Administrator\My Documents\WorkPrograms\MatlabFiles\MeshPaperFiles\3dTree\GetXMaxAvgs.m --> rsunx.crn.cogs.susx.ac.uk /rsunx/home/andrewop/TempLap/MatlabFiles/MeshPaperFiles/3dTree GetXMaxAvgs.m
2003.07.28 12:13 B C:\Documents and Settings\Administrator\My Documents\WorkPrograms\MatlabFiles\MeshPaperFiles\3dTree\MaxMinDiffs3d.m --> rsunx.crn.cogs.susx.ac.uk /rsunx/home/andrewop/TempLap/MatlabFiles/MeshPaperFiles/3dTree MaxMinDiffs3d.m
2003.07.28 12:13 B C:\Documents and Settings\Administrator\My Documents\WorkPrograms\MatlabFiles\MeshPaperFiles\3dTree\ShowDensityMaxAvgs.m --> rsunx.crn.cogs.susx.ac.uk /rsunx/home/andrewop/TempLap/MatlabFiles/MeshPaperFiles/3dTree ShowDensityMaxAvgs.m
2003.07.28 12:13 B C:\Documents and Settings\Administrator\My Documents\WorkPrograms\MatlabFiles\MeshPaperFiles\3dTree\ThreeDDiffs.m --> rsunx.crn.cogs.susx.ac.uk /rsunx/home/andrewop/TempLap/MatlabFiles/MeshPaperFiles/3dTree ThreeDDiffs.m
2003.07.28 12:13 B C:\Documents and Settings\Administrator\My Documents\WorkPrograms\MatlabFiles\MeshPaperFiles\3dTree\TreeDensityComps.m --> rsunx.crn.cogs.susx.ac.uk /rsunx/home/andrewop/TempLap/MatlabFiles/MeshPaperFiles/3dTree TreeDensityComps.m
2003.07.28 12:13 B C:\Documents and Settings\Administrator\My Documents\WorkPrograms\MatlabFiles\MeshPaperFiles\3dTree\TreeDiffs3d.m --> rsunx.crn.cogs.susx.ac.uk /rsunx/home/andrewop/TempLap/MatlabFiles/MeshPaperFiles/3dTree TreeDiffs3d.m
2003.07.28 12:13 B C:\Documents and Settings\Administrator\My Documents\WorkPrograms\MatlabFiles\MeshPaperFiles\3dTree\TreeMax3d.m --> rsunx.crn.cogs.susx.ac.uk /rsunx/home/andrewop/TempLap/MatlabFiles/MeshPaperFiles/3dTree TreeMax3d.m
2004.03.08 13:41 B C:\Documents and Settings\Administrator\My Documents\WorkPrograms\MatlabFiles\MeshPaperFiles\3dTree\CheckDiffs.m --> rsunx.crn.cogs.susx.ac.uk /rsunx/home/andrewop/TempLap/MatlabFiles/MeshPaperFiles/3dTree CheckDiffs.m
2004.03.08 13:41 B C:\Documents and Settings\Administrator\My Documents\WorkPrograms\MatlabFiles\MeshPaperFiles\3dTree\GetDensityMaxAvgs.m --> rsunx.crn.cogs.susx.ac.uk /rsunx/home/andrewop/TempLap/MatlabFiles/MeshPaperFiles/3dTree GetDensityMaxAvgs.m
2004.03.08 13:41 B C:\Documents and Settings\Administrator\My Documents\WorkPrograms\MatlabFiles\MeshPaperFiles\3dTree\GetDensityMaxAvgsX150.m --> rsunx.crn.cogs.susx.ac.uk /rsunx/home/andrewop/TempLap/MatlabFiles/MeshPaperFiles/3dTree GetDensityMaxAvgsX150.m
2004.03.08 13:41 B C:\Documents and Settings\Administrator\My Documents\WorkPrograms\MatlabFiles\MeshPaperFiles\3dTree\GetDensityStats.m --> rsunx.crn.cogs.susx.ac.uk /rsunx/home/andrewop/TempLap/MatlabFiles/MeshPaperFiles/3dTree GetDensityStats.m
2004.03.08 13:41 B C:\Documents and Settings\Administrator\My Documents\WorkPrograms\MatlabFiles\MeshPaperFiles\3dTree\GetMinMaxDiffAvgs.m --> rsunx.crn.cogs.susx.ac.uk /rsunx/home/andrewop/TempLap/MatlabFiles/MeshPaperFiles/3dTree GetMinMaxDiffAvgs.m
2004.03.08 13:41 B C:\Documents and Settings\Administrator\My Documents\WorkPrograms\MatlabFiles\MeshPaperFiles\3dTree\GetSPSSTreeData.m --> rsunx.crn.cogs.susx.ac.uk /rsunx/home/andrewop/TempLap/MatlabFiles/MeshPaperFiles/3dTree GetSPSSTreeData.m
2004.03.08 13:41 B C:\Documents and Settings\Administrator\My Documents\WorkPrograms\MatlabFiles\MeshPaperFiles\3dTree\GetXMaxAvgs.m --> rsunx.crn.cogs.susx.ac.uk /rsunx/home/andrewop/TempLap/MatlabFiles/MeshPaperFiles/3dTree GetXMaxAvgs.m
2004.03.08 13:41 B C:\Documents and Settings\Administrator\My Documents\WorkPrograms\MatlabFiles\MeshPaperFiles\3dTree\MaxMinDiffs3d.m --> rsunx.crn.cogs.susx.ac.uk /rsunx/home/andrewop/TempLap/MatlabFiles/MeshPaperFiles/3dTree MaxMinDiffs3d.m
2004.03.08 13:41 B C:\Documents and Settings\Administrator\My Documents\WorkPrograms\MatlabFiles\MeshPaperFiles\3dTree\ShowDensityMaxAvgs.m --> rsunx.crn.cogs.susx.ac.uk /rsunx/home/andrewop/TempLap/MatlabFiles/MeshPaperFiles/3dTree ShowDensityMaxAvgs.m
2004.03.08 13:41 B C:\Documents and Settings\Administrator\My Documents\WorkPrograms\MatlabFiles\MeshPaperFiles\3dTree\ThreeDDiffs.m --> rsunx.crn.cogs.susx.ac.uk /rsunx/home/andrewop/TempLap/MatlabFiles/MeshPaperFiles/3dTree ThreeDDiffs.m
2004.03.08 13:41 B C:\Documents and Settings\Administrator\My Documents\WorkPrograms\MatlabFiles\MeshPaperFiles\3dTree\TreeDensityComps.m --> rsunx.crn.cogs.susx.ac.uk /rsunx/home/andrewop/TempLap/MatlabFiles/MeshPaperFiles/3dTree TreeDensityComps.m
2004.03.08 13:41 B C:\Documents and Settings\Administrator\My Documents\WorkPrograms\MatlabFiles\MeshPaperFiles\3dTree\TreeDiffs3d.m --> rsunx.crn.cogs.susx.ac.uk /rsunx/home/andrewop/TempLap/MatlabFiles/MeshPaperFiles/3dTree TreeDiffs3d.m
2004.03.08 13:41 B C:\Documents and Settings\Administrator\My Documents\WorkPrograms\MatlabFiles\MeshPaperFiles\3dTree\TreeMax3d.m --> rsunx.crn.cogs.susx.ac.uk /rsunx/home/andrewop/TempLap/MatlabFiles/MeshPaperFiles/3dTree TreeMax3d.m
2004.03.08 13:41 B C:\Documents and Settings\Administrator\My Documents\WorkPrograms\MatlabFiles\MeshPaperFiles\3dTree\WS_FTP.LOG --> rsunx.crn.cogs.susx.ac.uk /rsunx/home/andrewop/TempLap/MatlabFiles/MeshPaperFiles/3dTree WS_FTP.LOG
