2003.07.28 12:16 B C:\Documents and Settings\Administrator\My Documents\WorkPrograms\MatlabFiles\NewStrength\Resdata\burst_0.1d_200.mat.gz --> rsunx.crn.cogs.susx.ac.uk /rsunx/home/andrewop/TempLap/MatlabFiles/NewStrength/Resdata burst_0.1d_200.mat.gz
2003.07.28 12:16 B C:\Documents and Settings\Administrator\My Documents\WorkPrograms\MatlabFiles\NewStrength\Resdata\holsp_100_50burst_0.01d_150.mat.gz --> rsunx.crn.cogs.susx.ac.uk /rsunx/home/andrewop/TempLap/MatlabFiles/NewStrength/Resdata holsp_100_50burst_0.01d_150.mat.gz
2003.07.28 12:16 B C:\Documents and Settings\Administrator\My Documents\WorkPrograms\MatlabFiles\NewStrength\Resdata\holsp_100_50burst_0.1d_150.mat.gz --> rsunx.crn.cogs.susx.ac.uk /rsunx/home/andrewop/TempLap/MatlabFiles/NewStrength/Resdata holsp_100_50burst_0.1d_150.mat.gz
2003.07.28 12:16 B C:\Documents and Settings\Administrator\My Documents\WorkPrograms\MatlabFiles\NewStrength\Resdata\holsp_100_50burst_0.1d_2.2204e-16.mat.gz --> rsunx.crn.cogs.susx.ac.uk /rsunx/home/andrewop/TempLap/MatlabFiles/NewStrength/Resdata holsp_100_50burst_0.1d_2.2204e-16.mat.gz
2003.07.28 12:16 B C:\Documents and Settings\Administrator\My Documents\WorkPrograms\MatlabFiles\NewStrength\Resdata\holsp_100_50burst_0.1d_225.mat.gz --> rsunx.crn.cogs.susx.ac.uk /rsunx/home/andrewop/TempLap/MatlabFiles/NewStrength/Resdata holsp_100_50burst_0.1d_225.mat.gz
2003.07.28 12:16 B C:\Documents and Settings\Administrator\My Documents\WorkPrograms\MatlabFiles\NewStrength\Resdata\holsp_100_50burst_0.1d_95.mat.gz --> rsunx.crn.cogs.susx.ac.uk /rsunx/home/andrewop/TempLap/MatlabFiles/NewStrength/Resdata holsp_100_50burst_0.1d_95.mat.gz
2003.07.28 12:16 B C:\Documents and Settings\Administrator\My Documents\WorkPrograms\MatlabFiles\NewStrength\Resdata\holsp_100_90burst_0.1d_150.mat.gz --> rsunx.crn.cogs.susx.ac.uk /rsunx/home/andrewop/TempLap/MatlabFiles/NewStrength/Resdata holsp_100_90burst_0.1d_150.mat.gz
2003.07.28 12:16 B C:\Documents and Settings\Administrator\My Documents\WorkPrograms\MatlabFiles\NewStrength\Resdata\holsp_100_90burst_0.1d_2.2204e-16.mat.gz --> rsunx.crn.cogs.susx.ac.uk /rsunx/home/andrewop/TempLap/MatlabFiles/NewStrength/Resdata holsp_100_90burst_0.1d_2.2204e-16.mat.gz
2003.07.28 12:16 B C:\Documents and Settings\Administrator\My Documents\WorkPrograms\MatlabFiles\NewStrength\Resdata\holsp_100_90burst_0.1d_225.mat.gz --> rsunx.crn.cogs.susx.ac.uk /rsunx/home/andrewop/TempLap/MatlabFiles/NewStrength/Resdata holsp_100_90burst_0.1d_225.mat.gz
2003.07.28 12:16 B C:\Documents and Settings\Administrator\My Documents\WorkPrograms\MatlabFiles\NewStrength\Resdata\holsp_100_90burst_0.1d_300.mat.gz --> rsunx.crn.cogs.susx.ac.uk /rsunx/home/andrewop/TempLap/MatlabFiles/NewStrength/Resdata holsp_100_90burst_0.1d_300.mat.gz
2003.07.28 12:16 B C:\Documents and Settings\Administrator\My Documents\WorkPrograms\MatlabFiles\NewStrength\Resdata\holsp_100_90burst_0.1d_75.mat.gz --> rsunx.crn.cogs.susx.ac.uk /rsunx/home/andrewop/TempLap/MatlabFiles/NewStrength/Resdata holsp_100_90burst_0.1d_75.mat.gz
2003.07.28 12:16 B C:\Documents and Settings\Administrator\My Documents\WorkPrograms\MatlabFiles\NewStrength\Resdata\holsp_100_90burst_0.1d_95.mat.gz --> rsunx.crn.cogs.susx.ac.uk /rsunx/home/andrewop/TempLap/MatlabFiles/NewStrength/Resdata holsp_100_90burst_0.1d_95.mat.gz
2003.07.28 12:16 B C:\Documents and Settings\Administrator\My Documents\WorkPrograms\MatlabFiles\NewStrength\Resdata\holsp_100_90burst_0.1t_0.05.mat.gz --> rsunx.crn.cogs.susx.ac.uk /rsunx/home/andrewop/TempLap/MatlabFiles/NewStrength/Resdata holsp_100_90burst_0.1t_0.05.mat.gz
2003.07.28 12:16 B C:\Documents and Settings\Administrator\My Documents\WorkPrograms\MatlabFiles\NewStrength\Resdata\holsp_100_90burst_0.1t_0.1.mat.gz --> rsunx.crn.cogs.susx.ac.uk /rsunx/home/andrewop/TempLap/MatlabFiles/NewStrength/Resdata holsp_100_90burst_0.1t_0.1.mat.gz
2003.07.28 12:16 B C:\Documents and Settings\Administrator\My Documents\WorkPrograms\MatlabFiles\NewStrength\Resdata\holsp_100_90burst_0.1t_0.175.mat.gz --> rsunx.crn.cogs.susx.ac.uk /rsunx/home/andrewop/TempLap/MatlabFiles/NewStrength/Resdata holsp_100_90burst_0.1t_0.175.mat.gz
2003.07.28 12:16 B C:\Documents and Settings\Administrator\My Documents\WorkPrograms\MatlabFiles\NewStrength\Resdata\holsp_100_90burst_0.1t_0.3.mat.gz --> rsunx.crn.cogs.susx.ac.uk /rsunx/home/andrewop/TempLap/MatlabFiles/NewStrength/Resdata holsp_100_90burst_0.1t_0.3.mat.gz
2003.07.28 12:16 B C:\Documents and Settings\Administrator\My Documents\WorkPrograms\MatlabFiles\NewStrength\Resdata\holsp_100_90burst_0.1t_0.75.mat.gz --> rsunx.crn.cogs.susx.ac.uk /rsunx/home/andrewop/TempLap/MatlabFiles/NewStrength/Resdata holsp_100_90burst_0.1t_0.75.mat.gz
2003.07.28 12:16 B C:\Documents and Settings\Administrator\My Documents\WorkPrograms\MatlabFiles\NewStrength\Resdata\holsp_100_90burst_0.1t_1.5.mat.gz --> rsunx.crn.cogs.susx.ac.uk /rsunx/home/andrewop/TempLap/MatlabFiles/NewStrength/Resdata holsp_100_90burst_0.1t_1.5.mat.gz
2003.07.28 12:16 B C:\Documents and Settings\Administrator\My Documents\WorkPrograms\MatlabFiles\NewStrength\Resdata\holsp_100burst_0.01d_2.2204e-16.mat.gz --> rsunx.crn.cogs.susx.ac.uk /rsunx/home/andrewop/TempLap/MatlabFiles/NewStrength/Resdata holsp_100burst_0.01d_2.2204e-16.mat.gz
2003.07.28 12:16 B C:\Documents and Settings\Administrator\My Documents\WorkPrograms\MatlabFiles\NewStrength\Resdata\holsp_100burst_0.01d_300.mat.gz --> rsunx.crn.cogs.susx.ac.uk /rsunx/home/andrewop/TempLap/MatlabFiles/NewStrength/Resdata holsp_100burst_0.01d_300.mat.gz
2003.07.28 12:16 B C:\Documents and Settings\Administrator\My Documents\WorkPrograms\MatlabFiles\NewStrength\Resdata\holsp_100burst_0.01d_75.mat.gz --> rsunx.crn.cogs.susx.ac.uk /rsunx/home/andrewop/TempLap/MatlabFiles/NewStrength/Resdata holsp_100burst_0.01d_75.mat.gz
2003.07.28 12:16 B C:\Documents and Settings\Administrator\My Documents\WorkPrograms\MatlabFiles\NewStrength\Resdata\holsp_100burst_0.01t_0.05.mat.gz --> rsunx.crn.cogs.susx.ac.uk /rsunx/home/andrewop/TempLap/MatlabFiles/NewStrength/Resdata holsp_100burst_0.01t_0.05.mat.gz
2003.07.28 12:16 B C:\Documents and Settings\Administrator\My Documents\WorkPrograms\MatlabFiles\NewStrength\Resdata\holsp_100burst_0.01t_0.1.mat.gz --> rsunx.crn.cogs.susx.ac.uk /rsunx/home/andrewop/TempLap/MatlabFiles/NewStrength/Resdata holsp_100burst_0.01t_0.1.mat.gz
2003.07.28 12:16 B C:\Documents and Settings\Administrator\My Documents\WorkPrograms\MatlabFiles\NewStrength\Resdata\holsp_100burst_0.01t_0.175.mat.gz --> rsunx.crn.cogs.susx.ac.uk /rsunx/home/andrewop/TempLap/MatlabFiles/NewStrength/Resdata holsp_100burst_0.01t_0.175.mat.gz
2003.07.28 12:16 B C:\Documents and Settings\Administrator\My Documents\WorkPrograms\MatlabFiles\NewStrength\Resdata\holsp_100burst_0.01t_0.3.mat.gz --> rsunx.crn.cogs.susx.ac.uk /rsunx/home/andrewop/TempLap/MatlabFiles/NewStrength/Resdata holsp_100burst_0.01t_0.3.mat.gz
2003.07.28 12:16 B C:\Documents and Settings\Administrator\My Documents\WorkPrograms\MatlabFiles\NewStrength\Resdata\holsp_100burst_0.01t_0.75.mat.gz --> rsunx.crn.cogs.susx.ac.uk /rsunx/home/andrewop/TempLap/MatlabFiles/NewStrength/Resdata holsp_100burst_0.01t_0.75.mat.gz
2003.07.28 12:16 B C:\Documents and Settings\Administrator\My Documents\WorkPrograms\MatlabFiles\NewStrength\Resdata\holsp_100burst_0.01t_1.5.mat.gz --> rsunx.crn.cogs.susx.ac.uk /rsunx/home/andrewop/TempLap/MatlabFiles/NewStrength/Resdata holsp_100burst_0.01t_1.5.mat.gz
2003.07.28 12:16 B C:\Documents and Settings\Administrator\My Documents\WorkPrograms\MatlabFiles\NewStrength\Resdata\holsp_100burst_0.1d_2.2204e-16.mat.gz --> rsunx.crn.cogs.susx.ac.uk /rsunx/home/andrewop/TempLap/MatlabFiles/NewStrength/Resdata holsp_100burst_0.1d_2.2204e-16.mat.gz
2003.07.28 12:16 B C:\Documents and Settings\Administrator\My Documents\WorkPrograms\MatlabFiles\NewStrength\Resdata\holsp_100burst_0.1d_300.mat.gz --> rsunx.crn.cogs.susx.ac.uk /rsunx/home/andrewop/TempLap/MatlabFiles/NewStrength/Resdata holsp_100burst_0.1d_300.mat.gz
2003.07.28 12:16 B C:\Documents and Settings\Administrator\My Documents\WorkPrograms\MatlabFiles\NewStrength\Resdata\holsp_100burst_0.1d_75.mat.gz --> rsunx.crn.cogs.susx.ac.uk /rsunx/home/andrewop/TempLap/MatlabFiles/NewStrength/Resdata holsp_100burst_0.1d_75.mat.gz
2003.07.28 12:16 B C:\Documents and Settings\Administrator\My Documents\WorkPrograms\MatlabFiles\NewStrength\Resdata\holsp_100burst_0.5d_2.2204e-16.mat.gz --> rsunx.crn.cogs.susx.ac.uk /rsunx/home/andrewop/TempLap/MatlabFiles/NewStrength/Resdata holsp_100burst_0.5d_2.2204e-16.mat.gz
2003.07.28 12:16 B C:\Documents and Settings\Administrator\My Documents\WorkPrograms\MatlabFiles\NewStrength\Resdata\holsp_100burst_0.5d_300.mat.gz --> rsunx.crn.cogs.susx.ac.uk /rsunx/home/andrewop/TempLap/MatlabFiles/NewStrength/Resdata holsp_100burst_0.5d_300.mat.gz
2003.07.28 12:16 B C:\Documents and Settings\Administrator\My Documents\WorkPrograms\MatlabFiles\NewStrength\Resdata\holsp_100burst_0.5d_75.mat.gz --> rsunx.crn.cogs.susx.ac.uk /rsunx/home/andrewop/TempLap/MatlabFiles/NewStrength/Resdata holsp_100burst_0.5d_75.mat.gz
2003.07.28 12:16 B C:\Documents and Settings\Administrator\My Documents\WorkPrograms\MatlabFiles\NewStrength\Resdata\holsp_100burst_0.5t_0.05.mat.gz --> rsunx.crn.cogs.susx.ac.uk /rsunx/home/andrewop/TempLap/MatlabFiles/NewStrength/Resdata holsp_100burst_0.5t_0.05.mat.gz
2003.07.28 12:16 B C:\Documents and Settings\Administrator\My Documents\WorkPrograms\MatlabFiles\NewStrength\Resdata\holsp_100burst_0.5t_0.1.mat.gz --> rsunx.crn.cogs.susx.ac.uk /rsunx/home/andrewop/TempLap/MatlabFiles/NewStrength/Resdata holsp_100burst_0.5t_0.1.mat.gz
2003.07.28 12:16 B C:\Documents and Settings\Administrator\My Documents\WorkPrograms\MatlabFiles\NewStrength\Resdata\holsp_100burst_0.5t_0.175.mat.gz --> rsunx.crn.cogs.susx.ac.uk /rsunx/home/andrewop/TempLap/MatlabFiles/NewStrength/Resdata holsp_100burst_0.5t_0.175.mat.gz
2003.07.28 12:16 B C:\Documents and Settings\Administrator\My Documents\WorkPrograms\MatlabFiles\NewStrength\Resdata\holsp_100burst_0.5t_0.3.mat.gz --> rsunx.crn.cogs.susx.ac.uk /rsunx/home/andrewop/TempLap/MatlabFiles/NewStrength/Resdata holsp_100burst_0.5t_0.3.mat.gz
2003.07.28 12:16 B C:\Documents and Settings\Administrator\My Documents\WorkPrograms\MatlabFiles\NewStrength\Resdata\holsp_100burst_0.5t_0.75.mat.gz --> rsunx.crn.cogs.susx.ac.uk /rsunx/home/andrewop/TempLap/MatlabFiles/NewStrength/Resdata holsp_100burst_0.5t_0.75.mat.gz
2003.07.28 12:16 B C:\Documents and Settings\Administrator\My Documents\WorkPrograms\MatlabFiles\NewStrength\Resdata\holsp_100burst_0.5t_1.5.mat.gz --> rsunx.crn.cogs.susx.ac.uk /rsunx/home/andrewop/TempLap/MatlabFiles/NewStrength/Resdata holsp_100burst_0.5t_1.5.mat.gz
2003.07.28 12:16 B C:\Documents and Settings\Administrator\My Documents\WorkPrograms\MatlabFiles\NewStrength\Resdata\holsp_10_8burst_12d_10.mat --> rsunx.crn.cogs.susx.ac.uk /rsunx/home/andrewop/TempLap/MatlabFiles/NewStrength/Resdata holsp_10_8burst_12d_10.mat
2003.07.28 12:16 B C:\Documents and Settings\Administrator\My Documents\WorkPrograms\MatlabFiles\NewStrength\Resdata\holsp_10_9burst_12d_10.mat --> rsunx.crn.cogs.susx.ac.uk /rsunx/home/andrewop/TempLap/MatlabFiles/NewStrength/Resdata holsp_10_9burst_12d_10.mat
2003.07.28 12:16 B C:\Documents and Settings\Administrator\My Documents\WorkPrograms\MatlabFiles\NewStrength\Resdata\holsp_20_19burst_12d_20.mat.gz --> rsunx.crn.cogs.susx.ac.uk /rsunx/home/andrewop/TempLap/MatlabFiles/NewStrength/Resdata holsp_20_19burst_12d_20.mat.gz
2003.07.28 12:16 B C:\Documents and Settings\Administrator\My Documents\WorkPrograms\MatlabFiles\NewStrength\Resdata\solsp_100burst_0.01d_150.mat.gz --> rsunx.crn.cogs.susx.ac.uk /rsunx/home/andrewop/TempLap/MatlabFiles/NewStrength/Resdata solsp_100burst_0.01d_150.mat.gz
2003.07.28 12:16 B C:\Documents and Settings\Administrator\My Documents\WorkPrograms\MatlabFiles\NewStrength\Resdata\solsp_100burst_0.01d_200.mat.gz --> rsunx.crn.cogs.susx.ac.uk /rsunx/home/andrewop/TempLap/MatlabFiles/NewStrength/Resdata solsp_100burst_0.01d_200.mat.gz
2003.07.28 12:16 B C:\Documents and Settings\Administrator\My Documents\WorkPrograms\MatlabFiles\NewStrength\Resdata\solsp_100burst_0.01d_225.mat.gz --> rsunx.crn.cogs.susx.ac.uk /rsunx/home/andrewop/TempLap/MatlabFiles/NewStrength/Resdata solsp_100burst_0.01d_225.mat.gz
2003.07.28 12:16 B C:\Documents and Settings\Administrator\My Documents\WorkPrograms\MatlabFiles\NewStrength\Resdata\solsp_100burst_0.01d_300.mat.gz --> rsunx.crn.cogs.susx.ac.uk /rsunx/home/andrewop/TempLap/MatlabFiles/NewStrength/Resdata solsp_100burst_0.01d_300.mat.gz
2003.07.28 12:16 B C:\Documents and Settings\Administrator\My Documents\WorkPrograms\MatlabFiles\NewStrength\Resdata\solsp_100burst_0.1d_150.mat.gz --> rsunx.crn.cogs.susx.ac.uk /rsunx/home/andrewop/TempLap/MatlabFiles/NewStrength/Resdata solsp_100burst_0.1d_150.mat.gz
2003.07.28 12:16 B C:\Documents and Settings\Administrator\My Documents\WorkPrograms\MatlabFiles\NewStrength\Resdata\solsp_100burst_0.1d_2.2204e-16.mat.gz --> rsunx.crn.cogs.susx.ac.uk /rsunx/home/andrewop/TempLap/MatlabFiles/NewStrength/Resdata solsp_100burst_0.1d_2.2204e-16.mat.gz
2003.07.28 12:16 B C:\Documents and Settings\Administrator\My Documents\WorkPrograms\MatlabFiles\NewStrength\Resdata\solsp_100burst_0.1d_200.mat.gz --> rsunx.crn.cogs.susx.ac.uk /rsunx/home/andrewop/TempLap/MatlabFiles/NewStrength/Resdata solsp_100burst_0.1d_200.mat.gz
2003.07.28 12:16 B C:\Documents and Settings\Administrator\My Documents\WorkPrograms\MatlabFiles\NewStrength\Resdata\solsp_100burst_0.1d_225.mat.gz --> rsunx.crn.cogs.susx.ac.uk /rsunx/home/andrewop/TempLap/MatlabFiles/NewStrength/Resdata solsp_100burst_0.1d_225.mat.gz
2003.07.28 12:16 B C:\Documents and Settings\Administrator\My Documents\WorkPrograms\MatlabFiles\NewStrength\Resdata\solsp_100burst_0.1d_300.mat.gz --> rsunx.crn.cogs.susx.ac.uk /rsunx/home/andrewop/TempLap/MatlabFiles/NewStrength/Resdata solsp_100burst_0.1d_300.mat.gz
2003.07.28 12:16 B C:\Documents and Settings\Administrator\My Documents\WorkPrograms\MatlabFiles\NewStrength\Resdata\solsp_100burst_0.1d_75.mat.gz --> rsunx.crn.cogs.susx.ac.uk /rsunx/home/andrewop/TempLap/MatlabFiles/NewStrength/Resdata solsp_100burst_0.1d_75.mat.gz
2003.07.28 12:16 B C:\Documents and Settings\Administrator\My Documents\WorkPrograms\MatlabFiles\NewStrength\Resdata\solsp_100burst_0.1d_95.mat.gz --> rsunx.crn.cogs.susx.ac.uk /rsunx/home/andrewop/TempLap/MatlabFiles/NewStrength/Resdata solsp_100burst_0.1d_95.mat.gz
2003.07.28 12:16 B C:\Documents and Settings\Administrator\My Documents\WorkPrograms\MatlabFiles\NewStrength\Resdata\solsp_100burst_0.1t_0.05.mat.gz --> rsunx.crn.cogs.susx.ac.uk /rsunx/home/andrewop/TempLap/MatlabFiles/NewStrength/Resdata solsp_100burst_0.1t_0.05.mat.gz
2003.07.28 12:16 B C:\Documents and Settings\Administrator\My Documents\WorkPrograms\MatlabFiles\NewStrength\Resdata\solsp_100burst_0.1t_0.1.mat.gz --> rsunx.crn.cogs.susx.ac.uk /rsunx/home/andrewop/TempLap/MatlabFiles/NewStrength/Resdata solsp_100burst_0.1t_0.1.mat.gz
2003.07.28 12:16 B C:\Documents and Settings\Administrator\My Documents\WorkPrograms\MatlabFiles\NewStrength\Resdata\solsp_100burst_0.1t_0.175.mat.gz --> rsunx.crn.cogs.susx.ac.uk /rsunx/home/andrewop/TempLap/MatlabFiles/NewStrength/Resdata solsp_100burst_0.1t_0.175.mat.gz
2003.07.28 12:16 B C:\Documents and Settings\Administrator\My Documents\WorkPrograms\MatlabFiles\NewStrength\Resdata\solsp_100burst_0.1t_0.3.mat.gz --> rsunx.crn.cogs.susx.ac.uk /rsunx/home/andrewop/TempLap/MatlabFiles/NewStrength/Resdata solsp_100burst_0.1t_0.3.mat.gz
2003.07.28 12:16 B C:\Documents and Settings\Administrator\My Documents\WorkPrograms\MatlabFiles\NewStrength\Resdata\solsp_100burst_0.1t_0.75.mat.gz --> rsunx.crn.cogs.susx.ac.uk /rsunx/home/andrewop/TempLap/MatlabFiles/NewStrength/Resdata solsp_100burst_0.1t_0.75.mat.gz
2003.07.28 12:16 B C:\Documents and Settings\Administrator\My Documents\WorkPrograms\MatlabFiles\NewStrength\Resdata\solsp_100burst_0.1t_1.5.mat.gz --> rsunx.crn.cogs.susx.ac.uk /rsunx/home/andrewop/TempLap/MatlabFiles/NewStrength/Resdata solsp_100burst_0.1t_1.5.mat.gz
2003.07.28 12:16 B C:\Documents and Settings\Administrator\My Documents\WorkPrograms\MatlabFiles\NewStrength\Resdata\solsp_100burst_0.5d_300.mat.gz --> rsunx.crn.cogs.susx.ac.uk /rsunx/home/andrewop/TempLap/MatlabFiles/NewStrength/Resdata solsp_100burst_0.5d_300.mat.gz
2004.03.08 13:44 B C:\Documents and Settings\Administrator\My Documents\WorkPrograms\MatlabFiles\NewStrength\Resdata\burst_0.1d_200.mat.gz --> rsunx.crn.cogs.susx.ac.uk /rsunx/home/andrewop/TempLap/MatlabFiles/NewStrength/Resdata burst_0.1d_200.mat.gz
2004.03.08 13:44 B C:\Documents and Settings\Administrator\My Documents\WorkPrograms\MatlabFiles\NewStrength\Resdata\holsp_100_50burst_0.01d_150.mat.gz --> rsunx.crn.cogs.susx.ac.uk /rsunx/home/andrewop/TempLap/MatlabFiles/NewStrength/Resdata holsp_100_50burst_0.01d_150.mat.gz
2004.03.08 13:44 B C:\Documents and Settings\Administrator\My Documents\WorkPrograms\MatlabFiles\NewStrength\Resdata\holsp_100_50burst_0.1d_150.mat.gz --> rsunx.crn.cogs.susx.ac.uk /rsunx/home/andrewop/TempLap/MatlabFiles/NewStrength/Resdata holsp_100_50burst_0.1d_150.mat.gz
2004.03.08 13:44 B C:\Documents and Settings\Administrator\My Documents\WorkPrograms\MatlabFiles\NewStrength\Resdata\holsp_100_50burst_0.1d_2.2204e-16.mat.gz --> rsunx.crn.cogs.susx.ac.uk /rsunx/home/andrewop/TempLap/MatlabFiles/NewStrength/Resdata holsp_100_50burst_0.1d_2.2204e-16.mat.gz
2004.03.08 13:44 B C:\Documents and Settings\Administrator\My Documents\WorkPrograms\MatlabFiles\NewStrength\Resdata\holsp_100_50burst_0.1d_225.mat.gz --> rsunx.crn.cogs.susx.ac.uk /rsunx/home/andrewop/TempLap/MatlabFiles/NewStrength/Resdata holsp_100_50burst_0.1d_225.mat.gz
2004.03.08 13:44 B C:\Documents and Settings\Administrator\My Documents\WorkPrograms\MatlabFiles\NewStrength\Resdata\holsp_100_50burst_0.1d_95.mat.gz --> rsunx.crn.cogs.susx.ac.uk /rsunx/home/andrewop/TempLap/MatlabFiles/NewStrength/Resdata holsp_100_50burst_0.1d_95.mat.gz
2004.03.08 13:44 B C:\Documents and Settings\Administrator\My Documents\WorkPrograms\MatlabFiles\NewStrength\Resdata\holsp_100_90burst_0.1d_150.mat.gz --> rsunx.crn.cogs.susx.ac.uk /rsunx/home/andrewop/TempLap/MatlabFiles/NewStrength/Resdata holsp_100_90burst_0.1d_150.mat.gz
2004.03.08 13:44 B C:\Documents and Settings\Administrator\My Documents\WorkPrograms\MatlabFiles\NewStrength\Resdata\holsp_100_90burst_0.1d_2.2204e-16.mat.gz --> rsunx.crn.cogs.susx.ac.uk /rsunx/home/andrewop/TempLap/MatlabFiles/NewStrength/Resdata holsp_100_90burst_0.1d_2.2204e-16.mat.gz
2004.03.08 13:44 B C:\Documents and Settings\Administrator\My Documents\WorkPrograms\MatlabFiles\NewStrength\Resdata\holsp_100_90burst_0.1d_225.mat.gz --> rsunx.crn.cogs.susx.ac.uk /rsunx/home/andrewop/TempLap/MatlabFiles/NewStrength/Resdata holsp_100_90burst_0.1d_225.mat.gz
2004.03.08 13:44 B C:\Documents and Settings\Administrator\My Documents\WorkPrograms\MatlabFiles\NewStrength\Resdata\holsp_100_90burst_0.1d_300.mat.gz --> rsunx.crn.cogs.susx.ac.uk /rsunx/home/andrewop/TempLap/MatlabFiles/NewStrength/Resdata holsp_100_90burst_0.1d_300.mat.gz
2004.03.08 13:44 B C:\Documents and Settings\Administrator\My Documents\WorkPrograms\MatlabFiles\NewStrength\Resdata\holsp_100_90burst_0.1d_75.mat.gz --> rsunx.crn.cogs.susx.ac.uk /rsunx/home/andrewop/TempLap/MatlabFiles/NewStrength/Resdata holsp_100_90burst_0.1d_75.mat.gz
2004.03.08 13:44 B C:\Documents and Settings\Administrator\My Documents\WorkPrograms\MatlabFiles\NewStrength\Resdata\holsp_100_90burst_0.1d_95.mat.gz --> rsunx.crn.cogs.susx.ac.uk /rsunx/home/andrewop/TempLap/MatlabFiles/NewStrength/Resdata holsp_100_90burst_0.1d_95.mat.gz
2004.03.08 13:44 B C:\Documents and Settings\Administrator\My Documents\WorkPrograms\MatlabFiles\NewStrength\Resdata\holsp_100_90burst_0.1t_0.05.mat.gz --> rsunx.crn.cogs.susx.ac.uk /rsunx/home/andrewop/TempLap/MatlabFiles/NewStrength/Resdata holsp_100_90burst_0.1t_0.05.mat.gz
2004.03.08 13:44 B C:\Documents and Settings\Administrator\My Documents\WorkPrograms\MatlabFiles\NewStrength\Resdata\holsp_100_90burst_0.1t_0.1.mat.gz --> rsunx.crn.cogs.susx.ac.uk /rsunx/home/andrewop/TempLap/MatlabFiles/NewStrength/Resdata holsp_100_90burst_0.1t_0.1.mat.gz
2004.03.08 13:44 B C:\Documents and Settings\Administrator\My Documents\WorkPrograms\MatlabFiles\NewStrength\Resdata\holsp_100_90burst_0.1t_0.175.mat.gz --> rsunx.crn.cogs.susx.ac.uk /rsunx/home/andrewop/TempLap/MatlabFiles/NewStrength/Resdata holsp_100_90burst_0.1t_0.175.mat.gz
2004.03.08 13:44 B C:\Documents and Settings\Administrator\My Documents\WorkPrograms\MatlabFiles\NewStrength\Resdata\holsp_100_90burst_0.1t_0.3.mat.gz --> rsunx.crn.cogs.susx.ac.uk /rsunx/home/andrewop/TempLap/MatlabFiles/NewStrength/Resdata holsp_100_90burst_0.1t_0.3.mat.gz
2004.03.08 13:44 B C:\Documents and Settings\Administrator\My Documents\WorkPrograms\MatlabFiles\NewStrength\Resdata\holsp_100_90burst_0.1t_0.75.mat.gz --> rsunx.crn.cogs.susx.ac.uk /rsunx/home/andrewop/TempLap/MatlabFiles/NewStrength/Resdata holsp_100_90burst_0.1t_0.75.mat.gz
2004.03.08 13:44 B C:\Documents and Settings\Administrator\My Documents\WorkPrograms\MatlabFiles\NewStrength\Resdata\holsp_100_90burst_0.1t_1.5.mat.gz --> rsunx.crn.cogs.susx.ac.uk /rsunx/home/andrewop/TempLap/MatlabFiles/NewStrength/Resdata holsp_100_90burst_0.1t_1.5.mat.gz
2004.03.08 13:44 B C:\Documents and Settings\Administrator\My Documents\WorkPrograms\MatlabFiles\NewStrength\Resdata\holsp_100burst_0.01d_2.2204e-16.mat.gz --> rsunx.crn.cogs.susx.ac.uk /rsunx/home/andrewop/TempLap/MatlabFiles/NewStrength/Resdata holsp_100burst_0.01d_2.2204e-16.mat.gz
2004.03.08 13:44 B C:\Documents and Settings\Administrator\My Documents\WorkPrograms\MatlabFiles\NewStrength\Resdata\holsp_100burst_0.01d_300.mat.gz --> rsunx.crn.cogs.susx.ac.uk /rsunx/home/andrewop/TempLap/MatlabFiles/NewStrength/Resdata holsp_100burst_0.01d_300.mat.gz
2004.03.08 13:44 B C:\Documents and Settings\Administrator\My Documents\WorkPrograms\MatlabFiles\NewStrength\Resdata\holsp_100burst_0.01d_75.mat.gz --> rsunx.crn.cogs.susx.ac.uk /rsunx/home/andrewop/TempLap/MatlabFiles/NewStrength/Resdata holsp_100burst_0.01d_75.mat.gz
2004.03.08 13:44 B C:\Documents and Settings\Administrator\My Documents\WorkPrograms\MatlabFiles\NewStrength\Resdata\holsp_100burst_0.01t_0.05.mat.gz --> rsunx.crn.cogs.susx.ac.uk /rsunx/home/andrewop/TempLap/MatlabFiles/NewStrength/Resdata holsp_100burst_0.01t_0.05.mat.gz
2004.03.08 13:45 B C:\Documents and Settings\Administrator\My Documents\WorkPrograms\MatlabFiles\NewStrength\Resdata\holsp_100burst_0.01t_0.1.mat.gz --> rsunx.crn.cogs.susx.ac.uk /rsunx/home/andrewop/TempLap/MatlabFiles/NewStrength/Resdata holsp_100burst_0.01t_0.1.mat.gz
2004.03.08 13:45 B C:\Documents and Settings\Administrator\My Documents\WorkPrograms\MatlabFiles\NewStrength\Resdata\holsp_100burst_0.01t_0.175.mat.gz --> rsunx.crn.cogs.susx.ac.uk /rsunx/home/andrewop/TempLap/MatlabFiles/NewStrength/Resdata holsp_100burst_0.01t_0.175.mat.gz
2004.03.08 13:45 B C:\Documents and Settings\Administrator\My Documents\WorkPrograms\MatlabFiles\NewStrength\Resdata\holsp_100burst_0.01t_0.3.mat.gz --> rsunx.crn.cogs.susx.ac.uk /rsunx/home/andrewop/TempLap/MatlabFiles/NewStrength/Resdata holsp_100burst_0.01t_0.3.mat.gz
2004.03.08 13:45 B C:\Documents and Settings\Administrator\My Documents\WorkPrograms\MatlabFiles\NewStrength\Resdata\holsp_100burst_0.01t_0.75.mat.gz --> rsunx.crn.cogs.susx.ac.uk /rsunx/home/andrewop/TempLap/MatlabFiles/NewStrength/Resdata holsp_100burst_0.01t_0.75.mat.gz
2004.03.08 13:45 B C:\Documents and Settings\Administrator\My Documents\WorkPrograms\MatlabFiles\NewStrength\Resdata\holsp_100burst_0.01t_1.5.mat.gz --> rsunx.crn.cogs.susx.ac.uk /rsunx/home/andrewop/TempLap/MatlabFiles/NewStrength/Resdata holsp_100burst_0.01t_1.5.mat.gz
2004.03.08 13:45 B C:\Documents and Settings\Administrator\My Documents\WorkPrograms\MatlabFiles\NewStrength\Resdata\holsp_100burst_0.1d_2.2204e-16.mat.gz --> rsunx.crn.cogs.susx.ac.uk /rsunx/home/andrewop/TempLap/MatlabFiles/NewStrength/Resdata holsp_100burst_0.1d_2.2204e-16.mat.gz
2004.03.08 13:45 B C:\Documents and Settings\Administrator\My Documents\WorkPrograms\MatlabFiles\NewStrength\Resdata\holsp_100burst_0.1d_300.mat.gz --> rsunx.crn.cogs.susx.ac.uk /rsunx/home/andrewop/TempLap/MatlabFiles/NewStrength/Resdata holsp_100burst_0.1d_300.mat.gz
2004.03.08 13:45 B C:\Documents and Settings\Administrator\My Documents\WorkPrograms\MatlabFiles\NewStrength\Resdata\holsp_100burst_0.1d_75.mat.gz --> rsunx.crn.cogs.susx.ac.uk /rsunx/home/andrewop/TempLap/MatlabFiles/NewStrength/Resdata holsp_100burst_0.1d_75.mat.gz
2004.03.08 13:45 B C:\Documents and Settings\Administrator\My Documents\WorkPrograms\MatlabFiles\NewStrength\Resdata\holsp_100burst_0.5d_2.2204e-16.mat.gz --> rsunx.crn.cogs.susx.ac.uk /rsunx/home/andrewop/TempLap/MatlabFiles/NewStrength/Resdata holsp_100burst_0.5d_2.2204e-16.mat.gz
2004.03.08 13:45 B C:\Documents and Settings\Administrator\My Documents\WorkPrograms\MatlabFiles\NewStrength\Resdata\holsp_100burst_0.5d_300.mat.gz --> rsunx.crn.cogs.susx.ac.uk /rsunx/home/andrewop/TempLap/MatlabFiles/NewStrength/Resdata holsp_100burst_0.5d_300.mat.gz
2004.03.08 13:45 B C:\Documents and Settings\Administrator\My Documents\WorkPrograms\MatlabFiles\NewStrength\Resdata\holsp_100burst_0.5d_75.mat.gz --> rsunx.crn.cogs.susx.ac.uk /rsunx/home/andrewop/TempLap/MatlabFiles/NewStrength/Resdata holsp_100burst_0.5d_75.mat.gz
2004.03.08 13:45 B C:\Documents and Settings\Administrator\My Documents\WorkPrograms\MatlabFiles\NewStrength\Resdata\holsp_100burst_0.5t_0.05.mat.gz --> rsunx.crn.cogs.susx.ac.uk /rsunx/home/andrewop/TempLap/MatlabFiles/NewStrength/Resdata holsp_100burst_0.5t_0.05.mat.gz
2004.03.08 13:45 B C:\Documents and Settings\Administrator\My Documents\WorkPrograms\MatlabFiles\NewStrength\Resdata\holsp_100burst_0.5t_0.1.mat.gz --> rsunx.crn.cogs.susx.ac.uk /rsunx/home/andrewop/TempLap/MatlabFiles/NewStrength/Resdata holsp_100burst_0.5t_0.1.mat.gz
2004.03.08 13:45 B C:\Documents and Settings\Administrator\My Documents\WorkPrograms\MatlabFiles\NewStrength\Resdata\holsp_100burst_0.5t_0.175.mat.gz --> rsunx.crn.cogs.susx.ac.uk /rsunx/home/andrewop/TempLap/MatlabFiles/NewStrength/Resdata holsp_100burst_0.5t_0.175.mat.gz
2004.03.08 13:45 B C:\Documents and Settings\Administrator\My Documents\WorkPrograms\MatlabFiles\NewStrength\Resdata\holsp_100burst_0.5t_0.3.mat.gz --> rsunx.crn.cogs.susx.ac.uk /rsunx/home/andrewop/TempLap/MatlabFiles/NewStrength/Resdata holsp_100burst_0.5t_0.3.mat.gz
2004.03.08 13:45 B C:\Documents and Settings\Administrator\My Documents\WorkPrograms\MatlabFiles\NewStrength\Resdata\holsp_100burst_0.5t_0.75.mat.gz --> rsunx.crn.cogs.susx.ac.uk /rsunx/home/andrewop/TempLap/MatlabFiles/NewStrength/Resdata holsp_100burst_0.5t_0.75.mat.gz
2004.03.08 13:45 B C:\Documents and Settings\Administrator\My Documents\WorkPrograms\MatlabFiles\NewStrength\Resdata\holsp_100burst_0.5t_1.5.mat.gz --> rsunx.crn.cogs.susx.ac.uk /rsunx/home/andrewop/TempLap/MatlabFiles/NewStrength/Resdata holsp_100burst_0.5t_1.5.mat.gz
2004.03.08 13:45 B C:\Documents and Settings\Administrator\My Documents\WorkPrograms\MatlabFiles\NewStrength\Resdata\holsp_10_8burst_12d_10.mat --> rsunx.crn.cogs.susx.ac.uk /rsunx/home/andrewop/TempLap/MatlabFiles/NewStrength/Resdata holsp_10_8burst_12d_10.mat
2004.03.08 13:45 B C:\Documents and Settings\Administrator\My Documents\WorkPrograms\MatlabFiles\NewStrength\Resdata\holsp_10_9burst_12d_10.mat --> rsunx.crn.cogs.susx.ac.uk /rsunx/home/andrewop/TempLap/MatlabFiles/NewStrength/Resdata holsp_10_9burst_12d_10.mat
2004.03.08 13:45 B C:\Documents and Settings\Administrator\My Documents\WorkPrograms\MatlabFiles\NewStrength\Resdata\holsp_20_19burst_12d_20.mat.gz --> rsunx.crn.cogs.susx.ac.uk /rsunx/home/andrewop/TempLap/MatlabFiles/NewStrength/Resdata holsp_20_19burst_12d_20.mat.gz
2004.03.08 13:45 B C:\Documents and Settings\Administrator\My Documents\WorkPrograms\MatlabFiles\NewStrength\Resdata\solsp_100burst_0.01d_150.mat.gz --> rsunx.crn.cogs.susx.ac.uk /rsunx/home/andrewop/TempLap/MatlabFiles/NewStrength/Resdata solsp_100burst_0.01d_150.mat.gz
2004.03.08 13:45 B C:\Documents and Settings\Administrator\My Documents\WorkPrograms\MatlabFiles\NewStrength\Resdata\solsp_100burst_0.01d_200.mat.gz --> rsunx.crn.cogs.susx.ac.uk /rsunx/home/andrewop/TempLap/MatlabFiles/NewStrength/Resdata solsp_100burst_0.01d_200.mat.gz
2004.03.08 13:45 B C:\Documents and Settings\Administrator\My Documents\WorkPrograms\MatlabFiles\NewStrength\Resdata\solsp_100burst_0.01d_225.mat.gz --> rsunx.crn.cogs.susx.ac.uk /rsunx/home/andrewop/TempLap/MatlabFiles/NewStrength/Resdata solsp_100burst_0.01d_225.mat.gz
2004.03.08 13:45 B C:\Documents and Settings\Administrator\My Documents\WorkPrograms\MatlabFiles\NewStrength\Resdata\solsp_100burst_0.01d_300.mat.gz --> rsunx.crn.cogs.susx.ac.uk /rsunx/home/andrewop/TempLap/MatlabFiles/NewStrength/Resdata solsp_100burst_0.01d_300.mat.gz
2004.03.08 13:45 B C:\Documents and Settings\Administrator\My Documents\WorkPrograms\MatlabFiles\NewStrength\Resdata\solsp_100burst_0.1d_150.mat.gz --> rsunx.crn.cogs.susx.ac.uk /rsunx/home/andrewop/TempLap/MatlabFiles/NewStrength/Resdata solsp_100burst_0.1d_150.mat.gz
2004.03.08 13:45 B C:\Documents and Settings\Administrator\My Documents\WorkPrograms\MatlabFiles\NewStrength\Resdata\solsp_100burst_0.1d_2.2204e-16.mat.gz --> rsunx.crn.cogs.susx.ac.uk /rsunx/home/andrewop/TempLap/MatlabFiles/NewStrength/Resdata solsp_100burst_0.1d_2.2204e-16.mat.gz
2004.03.08 13:45 B C:\Documents and Settings\Administrator\My Documents\WorkPrograms\MatlabFiles\NewStrength\Resdata\solsp_100burst_0.1d_200.mat.gz --> rsunx.crn.cogs.susx.ac.uk /rsunx/home/andrewop/TempLap/MatlabFiles/NewStrength/Resdata solsp_100burst_0.1d_200.mat.gz
2004.03.08 13:45 B C:\Documents and Settings\Administrator\My Documents\WorkPrograms\MatlabFiles\NewStrength\Resdata\solsp_100burst_0.1d_225.mat.gz --> rsunx.crn.cogs.susx.ac.uk /rsunx/home/andrewop/TempLap/MatlabFiles/NewStrength/Resdata solsp_100burst_0.1d_225.mat.gz
2004.03.08 13:45 B C:\Documents and Settings\Administrator\My Documents\WorkPrograms\MatlabFiles\NewStrength\Resdata\solsp_100burst_0.1d_300.mat.gz --> rsunx.crn.cogs.susx.ac.uk /rsunx/home/andrewop/TempLap/MatlabFiles/NewStrength/Resdata solsp_100burst_0.1d_300.mat.gz
2004.03.08 13:45 B C:\Documents and Settings\Administrator\My Documents\WorkPrograms\MatlabFiles\NewStrength\Resdata\solsp_100burst_0.1d_75.mat.gz --> rsunx.crn.cogs.susx.ac.uk /rsunx/home/andrewop/TempLap/MatlabFiles/NewStrength/Resdata solsp_100burst_0.1d_75.mat.gz
2004.03.08 13:45 B C:\Documents and Settings\Administrator\My Documents\WorkPrograms\MatlabFiles\NewStrength\Resdata\solsp_100burst_0.1d_95.mat.gz --> rsunx.crn.cogs.susx.ac.uk /rsunx/home/andrewop/TempLap/MatlabFiles/NewStrength/Resdata solsp_100burst_0.1d_95.mat.gz
2004.03.08 13:45 B C:\Documents and Settings\Administrator\My Documents\WorkPrograms\MatlabFiles\NewStrength\Resdata\solsp_100burst_0.1t_0.05.mat.gz --> rsunx.crn.cogs.susx.ac.uk /rsunx/home/andrewop/TempLap/MatlabFiles/NewStrength/Resdata solsp_100burst_0.1t_0.05.mat.gz
2004.03.08 13:45 B C:\Documents and Settings\Administrator\My Documents\WorkPrograms\MatlabFiles\NewStrength\Resdata\solsp_100burst_0.1t_0.1.mat.gz --> rsunx.crn.cogs.susx.ac.uk /rsunx/home/andrewop/TempLap/MatlabFiles/NewStrength/Resdata solsp_100burst_0.1t_0.1.mat.gz
2004.03.08 13:45 B C:\Documents and Settings\Administrator\My Documents\WorkPrograms\MatlabFiles\NewStrength\Resdata\solsp_100burst_0.1t_0.175.mat.gz --> rsunx.crn.cogs.susx.ac.uk /rsunx/home/andrewop/TempLap/MatlabFiles/NewStrength/Resdata solsp_100burst_0.1t_0.175.mat.gz
2004.03.08 13:45 B C:\Documents and Settings\Administrator\My Documents\WorkPrograms\MatlabFiles\NewStrength\Resdata\solsp_100burst_0.1t_0.3.mat.gz --> rsunx.crn.cogs.susx.ac.uk /rsunx/home/andrewop/TempLap/MatlabFiles/NewStrength/Resdata solsp_100burst_0.1t_0.3.mat.gz
2004.03.08 13:45 B C:\Documents and Settings\Administrator\My Documents\WorkPrograms\MatlabFiles\NewStrength\Resdata\solsp_100burst_0.1t_0.75.mat.gz --> rsunx.crn.cogs.susx.ac.uk /rsunx/home/andrewop/TempLap/MatlabFiles/NewStrength/Resdata solsp_100burst_0.1t_0.75.mat.gz
2004.03.08 13:45 B C:\Documents and Settings\Administrator\My Documents\WorkPrograms\MatlabFiles\NewStrength\Resdata\solsp_100burst_0.1t_1.5.mat.gz --> rsunx.crn.cogs.susx.ac.uk /rsunx/home/andrewop/TempLap/MatlabFiles/NewStrength/Resdata solsp_100burst_0.1t_1.5.mat.gz
2004.03.08 13:45 B C:\Documents and Settings\Administrator\My Documents\WorkPrograms\MatlabFiles\NewStrength\Resdata\solsp_100burst_0.5d_300.mat.gz --> rsunx.crn.cogs.susx.ac.uk /rsunx/home/andrewop/TempLap/MatlabFiles/NewStrength/Resdata solsp_100burst_0.5d_300.mat.gz
2004.03.08 13:45 B C:\Documents and Settings\Administrator\My Documents\WorkPrograms\MatlabFiles\NewStrength\Resdata\WS_FTP.LOG --> rsunx.crn.cogs.susx.ac.uk /rsunx/home/andrewop/TempLap/MatlabFiles/NewStrength/Resdata WS_FTP.LOG
