2003.07.28 12:13 B C:\Documents and Settings\Administrator\My Documents\WorkPrograms\MatlabFiles\MeshPaperFiles\WidthComp3d\d3dmm.m --> rsunx.crn.cogs.susx.ac.uk /rsunx/home/andrewop/TempLap/MatlabFiles/MeshPaperFiles/WidthComp3d d3dmm.m
2003.07.28 12:13 B C:\Documents and Settings\Administrator\My Documents\WorkPrograms\MatlabFiles\MeshPaperFiles\WidthComp3d\DelaysPlexus.m --> rsunx.crn.cogs.susx.ac.uk /rsunx/home/andrewop/TempLap/MatlabFiles/MeshPaperFiles/WidthComp3d DelaysPlexus.m
2003.07.28 12:13 B C:\Documents and Settings\Administrator\My Documents\WorkPrograms\MatlabFiles\MeshPaperFiles\WidthComp3d\dmm3d.m --> rsunx.crn.cogs.susx.ac.uk /rsunx/home/andrewop/TempLap/MatlabFiles/MeshPaperFiles/WidthComp3d dmm3d.m
2003.07.28 12:13 B C:\Documents and Settings\Administrator\My Documents\WorkPrograms\MatlabFiles\MeshPaperFiles\WidthComp3d\GetOneDSliceAvgs3d.m --> rsunx.crn.cogs.susx.ac.uk /rsunx/home/andrewop/TempLap/MatlabFiles/MeshPaperFiles/WidthComp3d GetOneDSliceAvgs3d.m
2003.07.28 12:13 B C:\Documents and Settings\Administrator\My Documents\WorkPrograms\MatlabFiles\MeshPaperFiles\WidthComp3d\GetSliceAvgs3d.m --> rsunx.crn.cogs.susx.ac.uk /rsunx/home/andrewop/TempLap/MatlabFiles/MeshPaperFiles/WidthComp3d GetSliceAvgs3d.m
2003.07.28 12:13 B C:\Documents and Settings\Administrator\My Documents\WorkPrograms\MatlabFiles\MeshPaperFiles\WidthComp3d\GetSPSSWidth3dData.m --> rsunx.crn.cogs.susx.ac.uk /rsunx/home/andrewop/TempLap/MatlabFiles/MeshPaperFiles/WidthComp3d GetSPSSWidth3dData.m
2003.07.28 12:13 B C:\Documents and Settings\Administrator\My Documents\WorkPrograms\MatlabFiles\MeshPaperFiles\WidthComp3d\GetWidthAvgs.m --> rsunx.crn.cogs.susx.ac.uk /rsunx/home/andrewop/TempLap/MatlabFiles/MeshPaperFiles/WidthComp3d GetWidthAvgs.m
2003.07.28 12:13 B C:\Documents and Settings\Administrator\My Documents\WorkPrograms\MatlabFiles\MeshPaperFiles\WidthComp3d\GetWidthDiff3dStats.m --> rsunx.crn.cogs.susx.ac.uk /rsunx/home/andrewop/TempLap/MatlabFiles/MeshPaperFiles/WidthComp3d GetWidthDiff3dStats.m
2003.07.28 12:13 B C:\Documents and Settings\Administrator\My Documents\WorkPrograms\MatlabFiles\MeshPaperFiles\WidthComp3d\SDBarChartWidth1V5.fig --> rsunx.crn.cogs.susx.ac.uk /rsunx/home/andrewop/TempLap/MatlabFiles/MeshPaperFiles/WidthComp3d SDBarChartWidth1V5.fig
2003.07.28 12:13 B C:\Documents and Settings\Administrator\My Documents\WorkPrograms\MatlabFiles\MeshPaperFiles\WidthComp3d\SDBarChartWidth1V5.m --> rsunx.crn.cogs.susx.ac.uk /rsunx/home/andrewop/TempLap/MatlabFiles/MeshPaperFiles/WidthComp3d SDBarChartWidth1V5.m
2003.07.28 12:13 B C:\Documents and Settings\Administrator\My Documents\WorkPrograms\MatlabFiles\MeshPaperFiles\WidthComp3d\ShortPaperStats.m --> rsunx.crn.cogs.susx.ac.uk /rsunx/home/andrewop/TempLap/MatlabFiles/MeshPaperFiles/WidthComp3d ShortPaperStats.m
2003.07.28 12:13 B C:\Documents and Settings\Administrator\My Documents\WorkPrograms\MatlabFiles\MeshPaperFiles\WidthComp3d\ShowSliceAvgDiffs3d.m --> rsunx.crn.cogs.susx.ac.uk /rsunx/home/andrewop/TempLap/MatlabFiles/MeshPaperFiles/WidthComp3d ShowSliceAvgDiffs3d.m
2003.07.28 12:13 B C:\Documents and Settings\Administrator\My Documents\WorkPrograms\MatlabFiles\MeshPaperFiles\WidthComp3d\ShowSliceSDDiffs.m --> rsunx.crn.cogs.susx.ac.uk /rsunx/home/andrewop/TempLap/MatlabFiles/MeshPaperFiles/WidthComp3d ShowSliceSDDiffs.m
2003.07.28 12:13 B C:\Documents and Settings\Administrator\My Documents\WorkPrograms\MatlabFiles\MeshPaperFiles\WidthComp3d\ShowSliceSDDiffsV2.m --> rsunx.crn.cogs.susx.ac.uk /rsunx/home/andrewop/TempLap/MatlabFiles/MeshPaperFiles/WidthComp3d ShowSliceSDDiffsV2.m
2003.07.28 12:13 B C:\Documents and Settings\Administrator\My Documents\WorkPrograms\MatlabFiles\MeshPaperFiles\WidthComp3d\ShowSliceSDDiffsV3.m --> rsunx.crn.cogs.susx.ac.uk /rsunx/home/andrewop/TempLap/MatlabFiles/MeshPaperFiles/WidthComp3d ShowSliceSDDiffsV3.m
2003.07.28 12:13 B C:\Documents and Settings\Administrator\My Documents\WorkPrograms\MatlabFiles\MeshPaperFiles\WidthComp3d\ShowWidthAvgDiffs.m --> rsunx.crn.cogs.susx.ac.uk /rsunx/home/andrewop/TempLap/MatlabFiles/MeshPaperFiles/WidthComp3d ShowWidthAvgDiffs.m
2003.07.28 12:13 B C:\Documents and Settings\Administrator\My Documents\WorkPrograms\MatlabFiles\MeshPaperFiles\WidthComp3d\Sl1OverBar.m --> rsunx.crn.cogs.susx.ac.uk /rsunx/home/andrewop/TempLap/MatlabFiles/MeshPaperFiles/WidthComp3d Sl1OverBar.m
2003.07.28 12:13 B C:\Documents and Settings\Administrator\My Documents\WorkPrograms\MatlabFiles\MeshPaperFiles\WidthComp3d\Sl1OverData.mat --> rsunx.crn.cogs.susx.ac.uk /rsunx/home/andrewop/TempLap/MatlabFiles/MeshPaperFiles/WidthComp3d Sl1OverData.mat
2003.07.28 12:13 B C:\Documents and Settings\Administrator\My Documents\WorkPrograms\MatlabFiles\MeshPaperFiles\WidthComp3d\tempwid.m --> rsunx.crn.cogs.susx.ac.uk /rsunx/home/andrewop/TempLap/MatlabFiles/MeshPaperFiles/WidthComp3d tempwid.m
2003.07.28 12:13 B C:\Documents and Settings\Administrator\My Documents\WorkPrograms\MatlabFiles\MeshPaperFiles\WidthComp3d\Test.ai --> rsunx.crn.cogs.susx.ac.uk /rsunx/home/andrewop/TempLap/MatlabFiles/MeshPaperFiles/WidthComp3d Test.ai
2003.07.28 12:13 B C:\Documents and Settings\Administrator\My Documents\WorkPrograms\MatlabFiles\MeshPaperFiles\WidthComp3d\WidthDiffs3d.m --> rsunx.crn.cogs.susx.ac.uk /rsunx/home/andrewop/TempLap/MatlabFiles/MeshPaperFiles/WidthComp3d WidthDiffs3d.m
2003.07.28 12:13 B C:\Documents and Settings\Administrator\My Documents\WorkPrograms\MatlabFiles\MeshPaperFiles\WidthComp3d\WidthDiffsFigs.m --> rsunx.crn.cogs.susx.ac.uk /rsunx/home/andrewop/TempLap/MatlabFiles/MeshPaperFiles/WidthComp3d WidthDiffsFigs.m
2003.07.28 12:13 B C:\Documents and Settings\Administrator\My Documents\WorkPrograms\MatlabFiles\MeshPaperFiles\WidthComp3d\WidthDiffsFigsV2.m --> rsunx.crn.cogs.susx.ac.uk /rsunx/home/andrewop/TempLap/MatlabFiles/MeshPaperFiles/WidthComp3d WidthDiffsFigsV2.m
2004.03.08 13:41 B C:\Documents and Settings\Administrator\My Documents\WorkPrograms\MatlabFiles\MeshPaperFiles\WidthComp3d\d3dmm.m --> rsunx.crn.cogs.susx.ac.uk /rsunx/home/andrewop/TempLap/MatlabFiles/MeshPaperFiles/WidthComp3d d3dmm.m
2004.03.08 13:41 B C:\Documents and Settings\Administrator\My Documents\WorkPrograms\MatlabFiles\MeshPaperFiles\WidthComp3d\DelaysPlexus.m --> rsunx.crn.cogs.susx.ac.uk /rsunx/home/andrewop/TempLap/MatlabFiles/MeshPaperFiles/WidthComp3d DelaysPlexus.m
2004.03.08 13:41 B C:\Documents and Settings\Administrator\My Documents\WorkPrograms\MatlabFiles\MeshPaperFiles\WidthComp3d\dmm3d.m --> rsunx.crn.cogs.susx.ac.uk /rsunx/home/andrewop/TempLap/MatlabFiles/MeshPaperFiles/WidthComp3d dmm3d.m
2004.03.08 13:41 B C:\Documents and Settings\Administrator\My Documents\WorkPrograms\MatlabFiles\MeshPaperFiles\WidthComp3d\GetOneDSliceAvgs3d.m --> rsunx.crn.cogs.susx.ac.uk /rsunx/home/andrewop/TempLap/MatlabFiles/MeshPaperFiles/WidthComp3d GetOneDSliceAvgs3d.m
2004.03.08 13:41 B C:\Documents and Settings\Administrator\My Documents\WorkPrograms\MatlabFiles\MeshPaperFiles\WidthComp3d\GetSliceAvgs3d.m --> rsunx.crn.cogs.susx.ac.uk /rsunx/home/andrewop/TempLap/MatlabFiles/MeshPaperFiles/WidthComp3d GetSliceAvgs3d.m
2004.03.08 13:41 B C:\Documents and Settings\Administrator\My Documents\WorkPrograms\MatlabFiles\MeshPaperFiles\WidthComp3d\GetSPSSWidth3dData.m --> rsunx.crn.cogs.susx.ac.uk /rsunx/home/andrewop/TempLap/MatlabFiles/MeshPaperFiles/WidthComp3d GetSPSSWidth3dData.m
2004.03.08 13:41 B C:\Documents and Settings\Administrator\My Documents\WorkPrograms\MatlabFiles\MeshPaperFiles\WidthComp3d\GetWidthAvgs.m --> rsunx.crn.cogs.susx.ac.uk /rsunx/home/andrewop/TempLap/MatlabFiles/MeshPaperFiles/WidthComp3d GetWidthAvgs.m
2004.03.08 13:41 B C:\Documents and Settings\Administrator\My Documents\WorkPrograms\MatlabFiles\MeshPaperFiles\WidthComp3d\GetWidthDiff3dStats.m --> rsunx.crn.cogs.susx.ac.uk /rsunx/home/andrewop/TempLap/MatlabFiles/MeshPaperFiles/WidthComp3d GetWidthDiff3dStats.m
2004.03.08 13:41 B C:\Documents and Settings\Administrator\My Documents\WorkPrograms\MatlabFiles\MeshPaperFiles\WidthComp3d\SDBarChartWidth1V5.fig --> rsunx.crn.cogs.susx.ac.uk /rsunx/home/andrewop/TempLap/MatlabFiles/MeshPaperFiles/WidthComp3d SDBarChartWidth1V5.fig
2004.03.08 13:41 B C:\Documents and Settings\Administrator\My Documents\WorkPrograms\MatlabFiles\MeshPaperFiles\WidthComp3d\SDBarChartWidth1V5.m --> rsunx.crn.cogs.susx.ac.uk /rsunx/home/andrewop/TempLap/MatlabFiles/MeshPaperFiles/WidthComp3d SDBarChartWidth1V5.m
2004.03.08 13:41 B C:\Documents and Settings\Administrator\My Documents\WorkPrograms\MatlabFiles\MeshPaperFiles\WidthComp3d\ShortPaperStats.m --> rsunx.crn.cogs.susx.ac.uk /rsunx/home/andrewop/TempLap/MatlabFiles/MeshPaperFiles/WidthComp3d ShortPaperStats.m
2004.03.08 13:41 B C:\Documents and Settings\Administrator\My Documents\WorkPrograms\MatlabFiles\MeshPaperFiles\WidthComp3d\ShowSliceAvgDiffs3d.m --> rsunx.crn.cogs.susx.ac.uk /rsunx/home/andrewop/TempLap/MatlabFiles/MeshPaperFiles/WidthComp3d ShowSliceAvgDiffs3d.m
2004.03.08 13:41 B C:\Documents and Settings\Administrator\My Documents\WorkPrograms\MatlabFiles\MeshPaperFiles\WidthComp3d\ShowSliceSDDiffs.m --> rsunx.crn.cogs.susx.ac.uk /rsunx/home/andrewop/TempLap/MatlabFiles/MeshPaperFiles/WidthComp3d ShowSliceSDDiffs.m
2004.03.08 13:41 B C:\Documents and Settings\Administrator\My Documents\WorkPrograms\MatlabFiles\MeshPaperFiles\WidthComp3d\ShowSliceSDDiffsV2.m --> rsunx.crn.cogs.susx.ac.uk /rsunx/home/andrewop/TempLap/MatlabFiles/MeshPaperFiles/WidthComp3d ShowSliceSDDiffsV2.m
2004.03.08 13:41 B C:\Documents and Settings\Administrator\My Documents\WorkPrograms\MatlabFiles\MeshPaperFiles\WidthComp3d\ShowSliceSDDiffsV3.m --> rsunx.crn.cogs.susx.ac.uk /rsunx/home/andrewop/TempLap/MatlabFiles/MeshPaperFiles/WidthComp3d ShowSliceSDDiffsV3.m
2004.03.08 13:41 B C:\Documents and Settings\Administrator\My Documents\WorkPrograms\MatlabFiles\MeshPaperFiles\WidthComp3d\ShowWidthAvgDiffs.m --> rsunx.crn.cogs.susx.ac.uk /rsunx/home/andrewop/TempLap/MatlabFiles/MeshPaperFiles/WidthComp3d ShowWidthAvgDiffs.m
2004.03.08 13:41 B C:\Documents and Settings\Administrator\My Documents\WorkPrograms\MatlabFiles\MeshPaperFiles\WidthComp3d\Sl1OverBar.m --> rsunx.crn.cogs.susx.ac.uk /rsunx/home/andrewop/TempLap/MatlabFiles/MeshPaperFiles/WidthComp3d Sl1OverBar.m
2004.03.08 13:41 B C:\Documents and Settings\Administrator\My Documents\WorkPrograms\MatlabFiles\MeshPaperFiles\WidthComp3d\Sl1OverData.mat --> rsunx.crn.cogs.susx.ac.uk /rsunx/home/andrewop/TempLap/MatlabFiles/MeshPaperFiles/WidthComp3d Sl1OverData.mat
2004.03.08 13:41 B C:\Documents and Settings\Administrator\My Documents\WorkPrograms\MatlabFiles\MeshPaperFiles\WidthComp3d\tempwid.m --> rsunx.crn.cogs.susx.ac.uk /rsunx/home/andrewop/TempLap/MatlabFiles/MeshPaperFiles/WidthComp3d tempwid.m
2004.03.08 13:42 B C:\Documents and Settings\Administrator\My Documents\WorkPrograms\MatlabFiles\MeshPaperFiles\WidthComp3d\Test.ai --> rsunx.crn.cogs.susx.ac.uk /rsunx/home/andrewop/TempLap/MatlabFiles/MeshPaperFiles/WidthComp3d Test.ai
2004.03.08 13:42 B C:\Documents and Settings\Administrator\My Documents\WorkPrograms\MatlabFiles\MeshPaperFiles\WidthComp3d\WidthDiffs3d.m --> rsunx.crn.cogs.susx.ac.uk /rsunx/home/andrewop/TempLap/MatlabFiles/MeshPaperFiles/WidthComp3d WidthDiffs3d.m
2004.03.08 13:42 B C:\Documents and Settings\Administrator\My Documents\WorkPrograms\MatlabFiles\MeshPaperFiles\WidthComp3d\WidthDiffsFigs.m --> rsunx.crn.cogs.susx.ac.uk /rsunx/home/andrewop/TempLap/MatlabFiles/MeshPaperFiles/WidthComp3d WidthDiffsFigs.m
2004.03.08 13:42 B C:\Documents and Settings\Administrator\My Documents\WorkPrograms\MatlabFiles\MeshPaperFiles\WidthComp3d\WidthDiffsFigsV2.m --> rsunx.crn.cogs.susx.ac.uk /rsunx/home/andrewop/TempLap/MatlabFiles/MeshPaperFiles/WidthComp3d WidthDiffsFigsV2.m
2004.03.08 13:42 B C:\Documents and Settings\Administrator\My Documents\WorkPrograms\MatlabFiles\MeshPaperFiles\WidthComp3d\WS_FTP.LOG --> rsunx.crn.cogs.susx.ac.uk /rsunx/home/andrewop/TempLap/MatlabFiles/MeshPaperFiles/WidthComp3d WS_FTP.LOG
