2003.07.28 12:17 B C:\Documents and Settings\Administrator\My Documents\WorkPrograms\MatlabFiles\ThesisFiles\BuildUp.m --> rsunx.crn.cogs.susx.ac.uk /rsunx/home/andrewop/TempLap/MatlabFiles/ThesisFiles BuildUp.m
2003.07.28 12:17 B C:\Documents and Settings\Administrator\My Documents\WorkPrograms\MatlabFiles\ThesisFiles\CheckTubesInLine.m --> rsunx.crn.cogs.susx.ac.uk /rsunx/home/andrewop/TempLap/MatlabFiles/ThesisFiles CheckTubesInLine.m
2003.07.28 12:17 B C:\Documents and Settings\Administrator\My Documents\WorkPrograms\MatlabFiles\ThesisFiles\CheckTubesInSquare.m --> rsunx.crn.cogs.susx.ac.uk /rsunx/home/andrewop/TempLap/MatlabFiles/ThesisFiles CheckTubesInSquare.m
2003.07.28 12:17 B C:\Documents and Settings\Administrator\My Documents\WorkPrograms\MatlabFiles\ThesisFiles\DensityEst.m --> rsunx.crn.cogs.susx.ac.uk /rsunx/home/andrewop/TempLap/MatlabFiles/ThesisFiles DensityEst.m
2003.07.28 12:17 B C:\Documents and Settings\Administrator\My Documents\WorkPrograms\MatlabFiles\ThesisFiles\DensityEst2.m --> rsunx.crn.cogs.susx.ac.uk /rsunx/home/andrewop/TempLap/MatlabFiles/ThesisFiles DensityEst2.m
2003.07.28 12:17 B C:\Documents and Settings\Administrator\My Documents\WorkPrograms\MatlabFiles\ThesisFiles\DensityEstTree.m --> rsunx.crn.cogs.susx.ac.uk /rsunx/home/andrewop/TempLap/MatlabFiles/ThesisFiles DensityEstTree.m
2003.07.28 12:17 B C:\Documents and Settings\Administrator\My Documents\WorkPrograms\MatlabFiles\ThesisFiles\DensityEstTreeX150.m --> rsunx.crn.cogs.susx.ac.uk /rsunx/home/andrewop/TempLap/MatlabFiles/ThesisFiles DensityEstTreeX150.m
2003.07.28 12:17 B C:\Documents and Settings\Administrator\My Documents\WorkPrograms\MatlabFiles\ThesisFiles\dthesis.m --> rsunx.crn.cogs.susx.ac.uk /rsunx/home/andrewop/TempLap/MatlabFiles/ThesisFiles dthesis.m
2003.07.28 12:17 B C:\Documents and Settings\Administrator\My Documents\WorkPrograms\MatlabFiles\ThesisFiles\dthesisdat.m --> rsunx.crn.cogs.susx.ac.uk /rsunx/home/andrewop/TempLap/MatlabFiles/ThesisFiles dthesisdat.m
2003.07.28 12:17 B C:\Documents and Settings\Administrator\My Documents\WorkPrograms\MatlabFiles\ThesisFiles\EndSphereBit.m --> rsunx.crn.cogs.susx.ac.uk /rsunx/home/andrewop/TempLap/MatlabFiles/ThesisFiles EndSphereBit.m
2003.07.28 12:17 B C:\Documents and Settings\Administrator\My Documents\WorkPrograms\MatlabFiles\ThesisFiles\Fin2InfPics.m --> rsunx.crn.cogs.susx.ac.uk /rsunx/home/andrewop/TempLap/MatlabFiles/ThesisFiles Fin2InfPics.m
2003.07.28 12:17 B C:\Documents and Settings\Administrator\My Documents\WorkPrograms\MatlabFiles\ThesisFiles\Fin2InfPicsV2.m --> rsunx.crn.cogs.susx.ac.uk /rsunx/home/andrewop/TempLap/MatlabFiles/ThesisFiles Fin2InfPicsV2.m
2003.07.28 12:17 B C:\Documents and Settings\Administrator\My Documents\WorkPrograms\MatlabFiles\ThesisFiles\Fin2InfPicsV3.m --> rsunx.crn.cogs.susx.ac.uk /rsunx/home/andrewop/TempLap/MatlabFiles/ThesisFiles Fin2InfPicsV3.m
2003.07.28 12:17 B C:\Documents and Settings\Administrator\My Documents\WorkPrograms\MatlabFiles\ThesisFiles\GetFin2InfData.m --> rsunx.crn.cogs.susx.ac.uk /rsunx/home/andrewop/TempLap/MatlabFiles/ThesisFiles GetFin2InfData.m
2003.07.28 12:17 B C:\Documents and Settings\Administrator\My Documents\WorkPrograms\MatlabFiles\ThesisFiles\HSpVsPtPic.m --> rsunx.crn.cogs.susx.ac.uk /rsunx/home/andrewop/TempLap/MatlabFiles/ThesisFiles HSpVsPtPic.m
2003.07.28 12:17 B C:\Documents and Settings\Administrator\My Documents\WorkPrograms\MatlabFiles\ThesisFiles\Lanc1dSS.m --> rsunx.crn.cogs.susx.ac.uk /rsunx/home/andrewop/TempLap/MatlabFiles/ThesisFiles Lanc1dSS.m
2003.07.28 12:17 B C:\Documents and Settings\Administrator\My Documents\WorkPrograms\MatlabFiles\ThesisFiles\LobeAllXT_5_2.m --> rsunx.crn.cogs.susx.ac.uk /rsunx/home/andrewop/TempLap/MatlabFiles/ThesisFiles LobeAllXT_5_2.m
2003.07.28 12:18 B C:\Documents and Settings\Administrator\My Documents\WorkPrograms\MatlabFiles\ThesisFiles\LobeX100B_5_2.m --> rsunx.crn.cogs.susx.ac.uk /rsunx/home/andrewop/TempLap/MatlabFiles/ThesisFiles LobeX100B_5_2.m
2003.07.28 12:18 B C:\Documents and Settings\Administrator\My Documents\WorkPrograms\MatlabFiles\ThesisFiles\LobeX9_36B1.m --> rsunx.crn.cogs.susx.ac.uk /rsunx/home/andrewop/TempLap/MatlabFiles/ThesisFiles LobeX9_36B1.m
2003.07.28 12:18 B C:\Documents and Settings\Administrator\My Documents\WorkPrograms\MatlabFiles\ThesisFiles\MaxMinDiffPics.m --> rsunx.crn.cogs.susx.ac.uk /rsunx/home/andrewop/TempLap/MatlabFiles/ThesisFiles MaxMinDiffPics.m
2003.07.28 12:18 B C:\Documents and Settings\Administrator\My Documents\WorkPrograms\MatlabFiles\ThesisFiles\MaxMinDiffPicsX100.m --> rsunx.crn.cogs.susx.ac.uk /rsunx/home/andrewop/TempLap/MatlabFiles/ThesisFiles MaxMinDiffPicsX100.m
2003.07.28 12:18 B C:\Documents and Settings\Administrator\My Documents\WorkPrograms\MatlabFiles\ThesisFiles\NewGasNetPics.m --> rsunx.crn.cogs.susx.ac.uk /rsunx/home/andrewop/TempLap/MatlabFiles/ThesisFiles NewGasNetPics.m
2003.07.28 12:18 B C:\Documents and Settings\Administrator\My Documents\WorkPrograms\MatlabFiles\ThesisFiles\OptLobeX4T_125_2.m --> rsunx.crn.cogs.susx.ac.uk /rsunx/home/andrewop/TempLap/MatlabFiles/ThesisFiles OptLobeX4T_125_2.m
2003.07.28 12:18 B C:\Documents and Settings\Administrator\My Documents\WorkPrograms\MatlabFiles\ThesisFiles\OrderedArrays.m --> rsunx.crn.cogs.susx.ac.uk /rsunx/home/andrewop/TempLap/MatlabFiles/ThesisFiles OrderedArrays.m
2003.07.28 12:18 B C:\Documents and Settings\Administrator\My Documents\WorkPrograms\MatlabFiles\ThesisFiles\PrettyPics.m --> rsunx.crn.cogs.susx.ac.uk /rsunx/home/andrewop/TempLap/MatlabFiles/ThesisFiles PrettyPics.m
2003.07.28 12:18 B C:\Documents and Settings\Administrator\My Documents\WorkPrograms\MatlabFiles\ThesisFiles\ProductionRatePics.m --> rsunx.crn.cogs.susx.ac.uk /rsunx/home/andrewop/TempLap/MatlabFiles/ThesisFiles ProductionRatePics.m
2003.07.28 12:18 B C:\Documents and Settings\Administrator\My Documents\WorkPrograms\MatlabFiles\ThesisFiles\PtSource1dVs3d.m --> rsunx.crn.cogs.susx.ac.uk /rsunx/home/andrewop/TempLap/MatlabFiles/ThesisFiles PtSource1dVs3d.m
2003.07.28 12:18 B C:\Documents and Settings\Administrator\My Documents\WorkPrograms\MatlabFiles\ThesisFiles\Singplot.m --> rsunx.crn.cogs.susx.ac.uk /rsunx/home/andrewop/TempLap/MatlabFiles/ThesisFiles Singplot.m
2003.07.28 12:18 B C:\Documents and Settings\Administrator\My Documents\WorkPrograms\MatlabFiles\ThesisFiles\SteadyStatePic.m --> rsunx.crn.cogs.susx.ac.uk /rsunx/home/andrewop/TempLap/MatlabFiles/ThesisFiles SteadyStatePic.m
2003.07.28 12:18 B C:\Documents and Settings\Administrator\My Documents\WorkPrograms\MatlabFiles\ThesisFiles\SteadyStateSpPt.m --> rsunx.crn.cogs.susx.ac.uk /rsunx/home/andrewop/TempLap/MatlabFiles/ThesisFiles SteadyStateSpPt.m
2003.07.28 12:18 B C:\Documents and Settings\Administrator\My Documents\WorkPrograms\MatlabFiles\ThesisFiles\StrengthCompFig.m --> rsunx.crn.cogs.susx.ac.uk /rsunx/home/andrewop/TempLap/MatlabFiles/ThesisFiles StrengthCompFig.m
2003.07.28 12:18 B C:\Documents and Settings\Administrator\My Documents\WorkPrograms\MatlabFiles\ThesisFiles\Subplot2.m --> rsunx.crn.cogs.susx.ac.uk /rsunx/home/andrewop/TempLap/MatlabFiles/ThesisFiles Subplot2.m
2003.07.28 12:18 B C:\Documents and Settings\Administrator\My Documents\WorkPrograms\MatlabFiles\ThesisFiles\Subplot4.m --> rsunx.crn.cogs.susx.ac.uk /rsunx/home/andrewop/TempLap/MatlabFiles/ThesisFiles Subplot4.m
2003.07.28 12:18 B C:\Documents and Settings\Administrator\My Documents\WorkPrograms\MatlabFiles\ThesisFiles\ThCols.m --> rsunx.crn.cogs.susx.ac.uk /rsunx/home/andrewop/TempLap/MatlabFiles/ThesisFiles ThCols.m
2003.07.28 12:18 B C:\Documents and Settings\Administrator\My Documents\WorkPrograms\MatlabFiles\ThesisFiles\TreeDiffX.m --> rsunx.crn.cogs.susx.ac.uk /rsunx/home/andrewop/TempLap/MatlabFiles/ThesisFiles TreeDiffX.m
2003.07.28 12:18 B C:\Documents and Settings\Administrator\My Documents\WorkPrograms\MatlabFiles\ThesisFiles\TreePicsX100.m --> rsunx.crn.cogs.susx.ac.uk /rsunx/home/andrewop/TempLap/MatlabFiles/ThesisFiles TreePicsX100.m
2003.07.28 12:18 B C:\Documents and Settings\Administrator\My Documents\WorkPrograms\MatlabFiles\ThesisFiles\TubeAnVsDEThes.m --> rsunx.crn.cogs.susx.ac.uk /rsunx/home/andrewop/TempLap/MatlabFiles/ThesisFiles TubeAnVsDEThes.m
2003.07.28 12:18 B C:\Documents and Settings\Administrator\My Documents\WorkPrograms\MatlabFiles\ThesisFiles\TubeAnVsDEThesV2.m --> rsunx.crn.cogs.susx.ac.uk /rsunx/home/andrewop/TempLap/MatlabFiles/ThesisFiles TubeAnVsDEThesV2.m
2003.07.28 12:18 B C:\Documents and Settings\Administrator\My Documents\WorkPrograms\MatlabFiles\ThesisFiles\TubeAnVsDEThesV3.m --> rsunx.crn.cogs.susx.ac.uk /rsunx/home/andrewop/TempLap/MatlabFiles/ThesisFiles TubeAnVsDEThesV3.m
2003.07.28 12:18 B C:\Documents and Settings\Administrator\My Documents\WorkPrograms\MatlabFiles\ThesisFiles\TubesInLine.m --> rsunx.crn.cogs.susx.ac.uk /rsunx/home/andrewop/TempLap/MatlabFiles/ThesisFiles TubesInLine.m
2003.07.28 12:18 B C:\Documents and Settings\Administrator\My Documents\WorkPrograms\MatlabFiles\ThesisFiles\TubesInSquare.m --> rsunx.crn.cogs.susx.ac.uk /rsunx/home/andrewop/TempLap/MatlabFiles/ThesisFiles TubesInSquare.m
2003.07.28 12:18 B C:\Documents and Settings\Administrator\My Documents\WorkPrograms\MatlabFiles\ThesisFiles\WidthDiffsThes.m --> rsunx.crn.cogs.susx.ac.uk /rsunx/home/andrewop/TempLap/MatlabFiles/ThesisFiles WidthDiffsThes.m
2004.03.08 13:46 B C:\Documents and Settings\Administrator\My Documents\WorkPrograms\MatlabFiles\ThesisFiles\BuildUp.m --> rsunx.crn.cogs.susx.ac.uk /rsunx/home/andrewop/TempLap/MatlabFiles/ThesisFiles BuildUp.m
2004.03.08 13:46 B C:\Documents and Settings\Administrator\My Documents\WorkPrograms\MatlabFiles\ThesisFiles\CheckTubesInLine.m --> rsunx.crn.cogs.susx.ac.uk /rsunx/home/andrewop/TempLap/MatlabFiles/ThesisFiles CheckTubesInLine.m
2004.03.08 13:46 B C:\Documents and Settings\Administrator\My Documents\WorkPrograms\MatlabFiles\ThesisFiles\CheckTubesInSquare.m --> rsunx.crn.cogs.susx.ac.uk /rsunx/home/andrewop/TempLap/MatlabFiles/ThesisFiles CheckTubesInSquare.m
2004.03.08 13:46 B C:\Documents and Settings\Administrator\My Documents\WorkPrograms\MatlabFiles\ThesisFiles\DensityEst.m --> rsunx.crn.cogs.susx.ac.uk /rsunx/home/andrewop/TempLap/MatlabFiles/ThesisFiles DensityEst.m
2004.03.08 13:46 B C:\Documents and Settings\Administrator\My Documents\WorkPrograms\MatlabFiles\ThesisFiles\DensityEst2.m --> rsunx.crn.cogs.susx.ac.uk /rsunx/home/andrewop/TempLap/MatlabFiles/ThesisFiles DensityEst2.m
2004.03.08 13:46 B C:\Documents and Settings\Administrator\My Documents\WorkPrograms\MatlabFiles\ThesisFiles\DensityEstTree.m --> rsunx.crn.cogs.susx.ac.uk /rsunx/home/andrewop/TempLap/MatlabFiles/ThesisFiles DensityEstTree.m
2004.03.08 13:46 B C:\Documents and Settings\Administrator\My Documents\WorkPrograms\MatlabFiles\ThesisFiles\DensityEstTreeX150.m --> rsunx.crn.cogs.susx.ac.uk /rsunx/home/andrewop/TempLap/MatlabFiles/ThesisFiles DensityEstTreeX150.m
2004.03.08 13:46 B C:\Documents and Settings\Administrator\My Documents\WorkPrograms\MatlabFiles\ThesisFiles\dthesis.m --> rsunx.crn.cogs.susx.ac.uk /rsunx/home/andrewop/TempLap/MatlabFiles/ThesisFiles dthesis.m
2004.03.08 13:46 B C:\Documents and Settings\Administrator\My Documents\WorkPrograms\MatlabFiles\ThesisFiles\EndSphereBit.m --> rsunx.crn.cogs.susx.ac.uk /rsunx/home/andrewop/TempLap/MatlabFiles/ThesisFiles EndSphereBit.m
2004.03.08 13:46 B C:\Documents and Settings\Administrator\My Documents\WorkPrograms\MatlabFiles\ThesisFiles\Fin2InfPics.m --> rsunx.crn.cogs.susx.ac.uk /rsunx/home/andrewop/TempLap/MatlabFiles/ThesisFiles Fin2InfPics.m
2004.03.08 13:46 B C:\Documents and Settings\Administrator\My Documents\WorkPrograms\MatlabFiles\ThesisFiles\Fin2InfPicsV2.m --> rsunx.crn.cogs.susx.ac.uk /rsunx/home/andrewop/TempLap/MatlabFiles/ThesisFiles Fin2InfPicsV2.m
2004.03.08 13:46 B C:\Documents and Settings\Administrator\My Documents\WorkPrograms\MatlabFiles\ThesisFiles\Fin2InfPicsV3.m --> rsunx.crn.cogs.susx.ac.uk /rsunx/home/andrewop/TempLap/MatlabFiles/ThesisFiles Fin2InfPicsV3.m
2004.03.08 13:46 B C:\Documents and Settings\Administrator\My Documents\WorkPrograms\MatlabFiles\ThesisFiles\GetFin2InfData.m --> rsunx.crn.cogs.susx.ac.uk /rsunx/home/andrewop/TempLap/MatlabFiles/ThesisFiles GetFin2InfData.m
2004.03.08 13:46 B C:\Documents and Settings\Administrator\My Documents\WorkPrograms\MatlabFiles\ThesisFiles\HSpVsPtPic.m --> rsunx.crn.cogs.susx.ac.uk /rsunx/home/andrewop/TempLap/MatlabFiles/ThesisFiles HSpVsPtPic.m
2004.03.08 13:46 B C:\Documents and Settings\Administrator\My Documents\WorkPrograms\MatlabFiles\ThesisFiles\Lanc1dSS.m --> rsunx.crn.cogs.susx.ac.uk /rsunx/home/andrewop/TempLap/MatlabFiles/ThesisFiles Lanc1dSS.m
2004.03.08 13:46 B C:\Documents and Settings\Administrator\My Documents\WorkPrograms\MatlabFiles\ThesisFiles\LobeAllXT_5_2.m --> rsunx.crn.cogs.susx.ac.uk /rsunx/home/andrewop/TempLap/MatlabFiles/ThesisFiles LobeAllXT_5_2.m
2004.03.08 13:46 B C:\Documents and Settings\Administrator\My Documents\WorkPrograms\MatlabFiles\ThesisFiles\LobeX100B_5_2.m --> rsunx.crn.cogs.susx.ac.uk /rsunx/home/andrewop/TempLap/MatlabFiles/ThesisFiles LobeX100B_5_2.m
2004.03.08 13:46 B C:\Documents and Settings\Administrator\My Documents\WorkPrograms\MatlabFiles\ThesisFiles\LobeX9_36B1.m --> rsunx.crn.cogs.susx.ac.uk /rsunx/home/andrewop/TempLap/MatlabFiles/ThesisFiles LobeX9_36B1.m
2004.03.08 13:46 B C:\Documents and Settings\Administrator\My Documents\WorkPrograms\MatlabFiles\ThesisFiles\MaxMinDiffPics.m --> rsunx.crn.cogs.susx.ac.uk /rsunx/home/andrewop/TempLap/MatlabFiles/ThesisFiles MaxMinDiffPics.m
2004.03.08 13:46 B C:\Documents and Settings\Administrator\My Documents\WorkPrograms\MatlabFiles\ThesisFiles\MaxMinDiffPicsX100.m --> rsunx.crn.cogs.susx.ac.uk /rsunx/home/andrewop/TempLap/MatlabFiles/ThesisFiles MaxMinDiffPicsX100.m
2004.03.08 13:46 B C:\Documents and Settings\Administrator\My Documents\WorkPrograms\MatlabFiles\ThesisFiles\NewGasNetPics.m --> rsunx.crn.cogs.susx.ac.uk /rsunx/home/andrewop/TempLap/MatlabFiles/ThesisFiles NewGasNetPics.m
2004.03.08 13:46 B C:\Documents and Settings\Administrator\My Documents\WorkPrograms\MatlabFiles\ThesisFiles\OptLobeX4T_125_2.m --> rsunx.crn.cogs.susx.ac.uk /rsunx/home/andrewop/TempLap/MatlabFiles/ThesisFiles OptLobeX4T_125_2.m
2004.03.08 13:46 B C:\Documents and Settings\Administrator\My Documents\WorkPrograms\MatlabFiles\ThesisFiles\PrettyPics.m --> rsunx.crn.cogs.susx.ac.uk /rsunx/home/andrewop/TempLap/MatlabFiles/ThesisFiles PrettyPics.m
2004.03.08 13:46 B C:\Documents and Settings\Administrator\My Documents\WorkPrograms\MatlabFiles\ThesisFiles\ProductionRatePics.m --> rsunx.crn.cogs.susx.ac.uk /rsunx/home/andrewop/TempLap/MatlabFiles/ThesisFiles ProductionRatePics.m
2004.03.08 13:46 B C:\Documents and Settings\Administrator\My Documents\WorkPrograms\MatlabFiles\ThesisFiles\PtSource1dVs3d.m --> rsunx.crn.cogs.susx.ac.uk /rsunx/home/andrewop/TempLap/MatlabFiles/ThesisFiles PtSource1dVs3d.m
2004.03.08 13:46 B C:\Documents and Settings\Administrator\My Documents\WorkPrograms\MatlabFiles\ThesisFiles\Singplot.m --> rsunx.crn.cogs.susx.ac.uk /rsunx/home/andrewop/TempLap/MatlabFiles/ThesisFiles Singplot.m
2004.03.08 13:46 B C:\Documents and Settings\Administrator\My Documents\WorkPrograms\MatlabFiles\ThesisFiles\SteadyStatePic.m --> rsunx.crn.cogs.susx.ac.uk /rsunx/home/andrewop/TempLap/MatlabFiles/ThesisFiles SteadyStatePic.m
2004.03.08 13:46 B C:\Documents and Settings\Administrator\My Documents\WorkPrograms\MatlabFiles\ThesisFiles\SteadyStateSpPt.m --> rsunx.crn.cogs.susx.ac.uk /rsunx/home/andrewop/TempLap/MatlabFiles/ThesisFiles SteadyStateSpPt.m
2004.03.08 13:46 B C:\Documents and Settings\Administrator\My Documents\WorkPrograms\MatlabFiles\ThesisFiles\StrengthCompFig.m --> rsunx.crn.cogs.susx.ac.uk /rsunx/home/andrewop/TempLap/MatlabFiles/ThesisFiles StrengthCompFig.m
2004.03.08 13:46 B C:\Documents and Settings\Administrator\My Documents\WorkPrograms\MatlabFiles\ThesisFiles\Subplot2.m --> rsunx.crn.cogs.susx.ac.uk /rsunx/home/andrewop/TempLap/MatlabFiles/ThesisFiles Subplot2.m
2004.03.08 13:46 B C:\Documents and Settings\Administrator\My Documents\WorkPrograms\MatlabFiles\ThesisFiles\Subplot4.m --> rsunx.crn.cogs.susx.ac.uk /rsunx/home/andrewop/TempLap/MatlabFiles/ThesisFiles Subplot4.m
2004.03.08 13:46 B C:\Documents and Settings\Administrator\My Documents\WorkPrograms\MatlabFiles\ThesisFiles\ThCols.m --> rsunx.crn.cogs.susx.ac.uk /rsunx/home/andrewop/TempLap/MatlabFiles/ThesisFiles ThCols.m
2004.03.08 13:46 B C:\Documents and Settings\Administrator\My Documents\WorkPrograms\MatlabFiles\ThesisFiles\TreeDiffX.m --> rsunx.crn.cogs.susx.ac.uk /rsunx/home/andrewop/TempLap/MatlabFiles/ThesisFiles TreeDiffX.m
2004.03.08 13:46 B C:\Documents and Settings\Administrator\My Documents\WorkPrograms\MatlabFiles\ThesisFiles\TreePicsX100.m --> rsunx.crn.cogs.susx.ac.uk /rsunx/home/andrewop/TempLap/MatlabFiles/ThesisFiles TreePicsX100.m
2004.03.08 13:46 B C:\Documents and Settings\Administrator\My Documents\WorkPrograms\MatlabFiles\ThesisFiles\TubeAnVsDEThes.m --> rsunx.crn.cogs.susx.ac.uk /rsunx/home/andrewop/TempLap/MatlabFiles/ThesisFiles TubeAnVsDEThes.m
2004.03.08 13:46 B C:\Documents and Settings\Administrator\My Documents\WorkPrograms\MatlabFiles\ThesisFiles\TubeAnVsDEThesV2.m --> rsunx.crn.cogs.susx.ac.uk /rsunx/home/andrewop/TempLap/MatlabFiles/ThesisFiles TubeAnVsDEThesV2.m
2004.03.08 13:46 B C:\Documents and Settings\Administrator\My Documents\WorkPrograms\MatlabFiles\ThesisFiles\TubeAnVsDEThesV3.m --> rsunx.crn.cogs.susx.ac.uk /rsunx/home/andrewop/TempLap/MatlabFiles/ThesisFiles TubeAnVsDEThesV3.m
2004.03.08 13:46 B C:\Documents and Settings\Administrator\My Documents\WorkPrograms\MatlabFiles\ThesisFiles\TubesInLine.m --> rsunx.crn.cogs.susx.ac.uk /rsunx/home/andrewop/TempLap/MatlabFiles/ThesisFiles TubesInLine.m
2004.03.08 13:46 B C:\Documents and Settings\Administrator\My Documents\WorkPrograms\MatlabFiles\ThesisFiles\TubesInSquare.m --> rsunx.crn.cogs.susx.ac.uk /rsunx/home/andrewop/TempLap/MatlabFiles/ThesisFiles TubesInSquare.m
2004.03.08 13:46 B C:\Documents and Settings\Administrator\My Documents\WorkPrograms\MatlabFiles\ThesisFiles\WidthDiffsThes.m --> rsunx.crn.cogs.susx.ac.uk /rsunx/home/andrewop/TempLap/MatlabFiles/ThesisFiles WidthDiffsThes.m
2004.03.08 13:46 B C:\Documents and Settings\Administrator\My Documents\WorkPrograms\MatlabFiles\ThesisFiles\WS_FTP.LOG --> rsunx.crn.cogs.susx.ac.uk /rsunx/home/andrewop/TempLap/MatlabFiles/ThesisFiles WS_FTP.LOG
