2003.07.28 12:12 B C:\Documents and Settings\Administrator\My Documents\WorkPrograms\MatlabFiles\FastICA_21\Contents.m --> rsunx.crn.cogs.susx.ac.uk /rsunx/home/andrewop/TempLap/MatlabFiles/FastICA_21 Contents.m
2003.07.28 12:12 B C:\Documents and Settings\Administrator\My Documents\WorkPrograms\MatlabFiles\FastICA_21\demosig.m --> rsunx.crn.cogs.susx.ac.uk /rsunx/home/andrewop/TempLap/MatlabFiles/FastICA_21 demosig.m
2003.07.28 12:12 B C:\Documents and Settings\Administrator\My Documents\WorkPrograms\MatlabFiles\FastICA_21\dispsig.m --> rsunx.crn.cogs.susx.ac.uk /rsunx/home/andrewop/TempLap/MatlabFiles/FastICA_21 dispsig.m
2003.07.28 12:12 B C:\Documents and Settings\Administrator\My Documents\WorkPrograms\MatlabFiles\FastICA_21\fastica.m --> rsunx.crn.cogs.susx.ac.uk /rsunx/home/andrewop/TempLap/MatlabFiles/FastICA_21 fastica.m
2003.07.28 12:12 B C:\Documents and Settings\Administrator\My Documents\WorkPrograms\MatlabFiles\FastICA_21\fasticag.m --> rsunx.crn.cogs.susx.ac.uk /rsunx/home/andrewop/TempLap/MatlabFiles/FastICA_21 fasticag.m
2003.07.28 12:12 B C:\Documents and Settings\Administrator\My Documents\WorkPrograms\MatlabFiles\FastICA_21\fpica.m --> rsunx.crn.cogs.susx.ac.uk /rsunx/home/andrewop/TempLap/MatlabFiles/FastICA_21 fpica.m
2003.07.28 12:12 B C:\Documents and Settings\Administrator\My Documents\WorkPrograms\MatlabFiles\FastICA_21\gui_adv.m --> rsunx.crn.cogs.susx.ac.uk /rsunx/home/andrewop/TempLap/MatlabFiles/FastICA_21 gui_adv.m
2003.07.28 12:12 B C:\Documents and Settings\Administrator\My Documents\WorkPrograms\MatlabFiles\FastICA_21\gui_advc.m --> rsunx.crn.cogs.susx.ac.uk /rsunx/home/andrewop/TempLap/MatlabFiles/FastICA_21 gui_advc.m
2003.07.28 12:12 B C:\Documents and Settings\Administrator\My Documents\WorkPrograms\MatlabFiles\FastICA_21\gui_cb.m --> rsunx.crn.cogs.susx.ac.uk /rsunx/home/andrewop/TempLap/MatlabFiles/FastICA_21 gui_cb.m
2003.07.28 12:12 B C:\Documents and Settings\Administrator\My Documents\WorkPrograms\MatlabFiles\FastICA_21\gui_cg.m --> rsunx.crn.cogs.susx.ac.uk /rsunx/home/andrewop/TempLap/MatlabFiles/FastICA_21 gui_cg.m
2003.07.28 12:12 B C:\Documents and Settings\Administrator\My Documents\WorkPrograms\MatlabFiles\FastICA_21\gui_help.m --> rsunx.crn.cogs.susx.ac.uk /rsunx/home/andrewop/TempLap/MatlabFiles/FastICA_21 gui_help.m
2003.07.28 12:12 B C:\Documents and Settings\Administrator\My Documents\WorkPrograms\MatlabFiles\FastICA_21\gui_l.m --> rsunx.crn.cogs.susx.ac.uk /rsunx/home/andrewop/TempLap/MatlabFiles/FastICA_21 gui_l.m
2003.07.28 12:12 B C:\Documents and Settings\Administrator\My Documents\WorkPrograms\MatlabFiles\FastICA_21\gui_lc.m --> rsunx.crn.cogs.susx.ac.uk /rsunx/home/andrewop/TempLap/MatlabFiles/FastICA_21 gui_lc.m
2003.07.28 12:12 B C:\Documents and Settings\Administrator\My Documents\WorkPrograms\MatlabFiles\FastICA_21\gui_s.m --> rsunx.crn.cogs.susx.ac.uk /rsunx/home/andrewop/TempLap/MatlabFiles/FastICA_21 gui_s.m
2003.07.28 12:12 B C:\Documents and Settings\Administrator\My Documents\WorkPrograms\MatlabFiles\FastICA_21\gui_sc.m --> rsunx.crn.cogs.susx.ac.uk /rsunx/home/andrewop/TempLap/MatlabFiles/FastICA_21 gui_sc.m
2003.07.28 12:12 B C:\Documents and Settings\Administrator\My Documents\WorkPrograms\MatlabFiles\FastICA_21\icaplot.m --> rsunx.crn.cogs.susx.ac.uk /rsunx/home/andrewop/TempLap/MatlabFiles/FastICA_21 icaplot.m
2003.07.28 12:12 B C:\Documents and Settings\Administrator\My Documents\WorkPrograms\MatlabFiles\FastICA_21\pcamat.m --> rsunx.crn.cogs.susx.ac.uk /rsunx/home/andrewop/TempLap/MatlabFiles/FastICA_21 pcamat.m
2003.07.28 12:12 B C:\Documents and Settings\Administrator\My Documents\WorkPrograms\MatlabFiles\FastICA_21\remmean.m --> rsunx.crn.cogs.susx.ac.uk /rsunx/home/andrewop/TempLap/MatlabFiles/FastICA_21 remmean.m
2003.07.28 12:12 B C:\Documents and Settings\Administrator\My Documents\WorkPrograms\MatlabFiles\FastICA_21\whitenv.m --> rsunx.crn.cogs.susx.ac.uk /rsunx/home/andrewop/TempLap/MatlabFiles/FastICA_21 whitenv.m
2004.03.08 13:40 B C:\Documents and Settings\Administrator\My Documents\WorkPrograms\MatlabFiles\FastICA_21\Contents.m --> rsunx.crn.cogs.susx.ac.uk /rsunx/home/andrewop/TempLap/MatlabFiles/FastICA_21 Contents.m
2004.03.08 13:40 B C:\Documents and Settings\Administrator\My Documents\WorkPrograms\MatlabFiles\FastICA_21\demosig.m --> rsunx.crn.cogs.susx.ac.uk /rsunx/home/andrewop/TempLap/MatlabFiles/FastICA_21 demosig.m
2004.03.08 13:40 B C:\Documents and Settings\Administrator\My Documents\WorkPrograms\MatlabFiles\FastICA_21\dispsig.m --> rsunx.crn.cogs.susx.ac.uk /rsunx/home/andrewop/TempLap/MatlabFiles/FastICA_21 dispsig.m
2004.03.08 13:40 B C:\Documents and Settings\Administrator\My Documents\WorkPrograms\MatlabFiles\FastICA_21\fastica.m --> rsunx.crn.cogs.susx.ac.uk /rsunx/home/andrewop/TempLap/MatlabFiles/FastICA_21 fastica.m
2004.03.08 13:40 B C:\Documents and Settings\Administrator\My Documents\WorkPrograms\MatlabFiles\FastICA_21\fasticag.m --> rsunx.crn.cogs.susx.ac.uk /rsunx/home/andrewop/TempLap/MatlabFiles/FastICA_21 fasticag.m
2004.03.08 13:40 B C:\Documents and Settings\Administrator\My Documents\WorkPrograms\MatlabFiles\FastICA_21\fpica.m --> rsunx.crn.cogs.susx.ac.uk /rsunx/home/andrewop/TempLap/MatlabFiles/FastICA_21 fpica.m
2004.03.08 13:40 B C:\Documents and Settings\Administrator\My Documents\WorkPrograms\MatlabFiles\FastICA_21\gui_adv.m --> rsunx.crn.cogs.susx.ac.uk /rsunx/home/andrewop/TempLap/MatlabFiles/FastICA_21 gui_adv.m
2004.03.08 13:40 B C:\Documents and Settings\Administrator\My Documents\WorkPrograms\MatlabFiles\FastICA_21\gui_advc.m --> rsunx.crn.cogs.susx.ac.uk /rsunx/home/andrewop/TempLap/MatlabFiles/FastICA_21 gui_advc.m
2004.03.08 13:40 B C:\Documents and Settings\Administrator\My Documents\WorkPrograms\MatlabFiles\FastICA_21\gui_cb.m --> rsunx.crn.cogs.susx.ac.uk /rsunx/home/andrewop/TempLap/MatlabFiles/FastICA_21 gui_cb.m
2004.03.08 13:40 B C:\Documents and Settings\Administrator\My Documents\WorkPrograms\MatlabFiles\FastICA_21\gui_cg.m --> rsunx.crn.cogs.susx.ac.uk /rsunx/home/andrewop/TempLap/MatlabFiles/FastICA_21 gui_cg.m
2004.03.08 13:40 B C:\Documents and Settings\Administrator\My Documents\WorkPrograms\MatlabFiles\FastICA_21\gui_help.m --> rsunx.crn.cogs.susx.ac.uk /rsunx/home/andrewop/TempLap/MatlabFiles/FastICA_21 gui_help.m
2004.03.08 13:40 B C:\Documents and Settings\Administrator\My Documents\WorkPrograms\MatlabFiles\FastICA_21\gui_l.m --> rsunx.crn.cogs.susx.ac.uk /rsunx/home/andrewop/TempLap/MatlabFiles/FastICA_21 gui_l.m
2004.03.08 13:40 B C:\Documents and Settings\Administrator\My Documents\WorkPrograms\MatlabFiles\FastICA_21\gui_lc.m --> rsunx.crn.cogs.susx.ac.uk /rsunx/home/andrewop/TempLap/MatlabFiles/FastICA_21 gui_lc.m
2004.03.08 13:40 B C:\Documents and Settings\Administrator\My Documents\WorkPrograms\MatlabFiles\FastICA_21\gui_s.m --> rsunx.crn.cogs.susx.ac.uk /rsunx/home/andrewop/TempLap/MatlabFiles/FastICA_21 gui_s.m
2004.03.08 13:40 B C:\Documents and Settings\Administrator\My Documents\WorkPrograms\MatlabFiles\FastICA_21\gui_sc.m --> rsunx.crn.cogs.susx.ac.uk /rsunx/home/andrewop/TempLap/MatlabFiles/FastICA_21 gui_sc.m
2004.03.08 13:40 B C:\Documents and Settings\Administrator\My Documents\WorkPrograms\MatlabFiles\FastICA_21\icaplot.m --> rsunx.crn.cogs.susx.ac.uk /rsunx/home/andrewop/TempLap/MatlabFiles/FastICA_21 icaplot.m
2004.03.08 13:40 B C:\Documents and Settings\Administrator\My Documents\WorkPrograms\MatlabFiles\FastICA_21\pcamat.m --> rsunx.crn.cogs.susx.ac.uk /rsunx/home/andrewop/TempLap/MatlabFiles/FastICA_21 pcamat.m
2004.03.08 13:40 B C:\Documents and Settings\Administrator\My Documents\WorkPrograms\MatlabFiles\FastICA_21\remmean.m --> rsunx.crn.cogs.susx.ac.uk /rsunx/home/andrewop/TempLap/MatlabFiles/FastICA_21 remmean.m
2004.03.08 13:40 B C:\Documents and Settings\Administrator\My Documents\WorkPrograms\MatlabFiles\FastICA_21\whitenv.m --> rsunx.crn.cogs.susx.ac.uk /rsunx/home/andrewop/TempLap/MatlabFiles/FastICA_21 whitenv.m
2004.03.08 13:40 B C:\Documents and Settings\Administrator\My Documents\WorkPrograms\MatlabFiles\FastICA_21\WS_FTP.LOG --> rsunx.crn.cogs.susx.ac.uk /rsunx/home/andrewop/TempLap/MatlabFiles/FastICA_21 WS_FTP.LOG
