2003.07.28 12:13 B C:\Documents and Settings\Administrator\My Documents\WorkPrograms\MatlabFiles\MeshPaperFiles\SingTube\CheckAccFig1.m --> rsunx.crn.cogs.susx.ac.uk /rsunx/home/andrewop/TempLap/MatlabFiles/MeshPaperFiles/SingTube CheckAccFig1.m
2003.07.28 12:13 B C:\Documents and Settings\Administrator\My Documents\WorkPrograms\MatlabFiles\MeshPaperFiles\SingTube\Fig1Pic.m --> rsunx.crn.cogs.susx.ac.uk /rsunx/home/andrewop/TempLap/MatlabFiles/MeshPaperFiles/SingTube Fig1Pic.m
2003.07.28 12:13 B C:\Documents and Settings\Administrator\My Documents\WorkPrograms\MatlabFiles\MeshPaperFiles\SingTube\Fig1PicV2.m --> rsunx.crn.cogs.susx.ac.uk /rsunx/home/andrewop/TempLap/MatlabFiles/MeshPaperFiles/SingTube Fig1PicV2.m
2003.07.28 12:13 B C:\Documents and Settings\Administrator\My Documents\WorkPrograms\MatlabFiles\MeshPaperFiles\SingTube\Fig1PicV3.m --> rsunx.crn.cogs.susx.ac.uk /rsunx/home/andrewop/TempLap/MatlabFiles/MeshPaperFiles/SingTube Fig1PicV3.m
2003.07.28 12:13 B C:\Documents and Settings\Administrator\My Documents\WorkPrograms\MatlabFiles\MeshPaperFiles\SingTube\Fig1PicV4.m --> rsunx.crn.cogs.susx.ac.uk /rsunx/home/andrewop/TempLap/MatlabFiles/MeshPaperFiles/SingTube Fig1PicV4.m
2003.07.28 12:13 B C:\Documents and Settings\Administrator\My Documents\WorkPrograms\MatlabFiles\MeshPaperFiles\SingTube\GetFig1Data.m --> rsunx.crn.cogs.susx.ac.uk /rsunx/home/andrewop/TempLap/MatlabFiles/MeshPaperFiles/SingTube GetFig1Data.m
2003.07.28 12:13 B C:\Documents and Settings\Administrator\My Documents\WorkPrograms\MatlabFiles\MeshPaperFiles\SingTube\InteractionThresh.m --> rsunx.crn.cogs.susx.ac.uk /rsunx/home/andrewop/TempLap/MatlabFiles/MeshPaperFiles/SingTube InteractionThresh.m
2003.07.28 12:13 B C:\Documents and Settings\Administrator\My Documents\WorkPrograms\MatlabFiles\MeshPaperFiles\SingTube\SurfaceConcsPic.m --> rsunx.crn.cogs.susx.ac.uk /rsunx/home/andrewop/TempLap/MatlabFiles/MeshPaperFiles/SingTube SurfaceConcsPic.m
2003.07.28 12:13 B C:\Documents and Settings\Administrator\My Documents\WorkPrograms\MatlabFiles\MeshPaperFiles\SingTube\ThreshLimsPic.m --> rsunx.crn.cogs.susx.ac.uk /rsunx/home/andrewop/TempLap/MatlabFiles/MeshPaperFiles/SingTube ThreshLimsPic.m
2004.03.08 13:41 B C:\Documents and Settings\Administrator\My Documents\WorkPrograms\MatlabFiles\MeshPaperFiles\SingTube\CheckAccFig1.m --> rsunx.crn.cogs.susx.ac.uk /rsunx/home/andrewop/TempLap/MatlabFiles/MeshPaperFiles/SingTube CheckAccFig1.m
2004.03.08 13:41 B C:\Documents and Settings\Administrator\My Documents\WorkPrograms\MatlabFiles\MeshPaperFiles\SingTube\Fig1Pic.m --> rsunx.crn.cogs.susx.ac.uk /rsunx/home/andrewop/TempLap/MatlabFiles/MeshPaperFiles/SingTube Fig1Pic.m
2004.03.08 13:41 B C:\Documents and Settings\Administrator\My Documents\WorkPrograms\MatlabFiles\MeshPaperFiles\SingTube\Fig1PicV2.m --> rsunx.crn.cogs.susx.ac.uk /rsunx/home/andrewop/TempLap/MatlabFiles/MeshPaperFiles/SingTube Fig1PicV2.m
2004.03.08 13:41 B C:\Documents and Settings\Administrator\My Documents\WorkPrograms\MatlabFiles\MeshPaperFiles\SingTube\Fig1PicV3.m --> rsunx.crn.cogs.susx.ac.uk /rsunx/home/andrewop/TempLap/MatlabFiles/MeshPaperFiles/SingTube Fig1PicV3.m
2004.03.08 13:41 B C:\Documents and Settings\Administrator\My Documents\WorkPrograms\MatlabFiles\MeshPaperFiles\SingTube\Fig1PicV4.m --> rsunx.crn.cogs.susx.ac.uk /rsunx/home/andrewop/TempLap/MatlabFiles/MeshPaperFiles/SingTube Fig1PicV4.m
2004.03.08 13:41 B C:\Documents and Settings\Administrator\My Documents\WorkPrograms\MatlabFiles\MeshPaperFiles\SingTube\GetFig1Data.m --> rsunx.crn.cogs.susx.ac.uk /rsunx/home/andrewop/TempLap/MatlabFiles/MeshPaperFiles/SingTube GetFig1Data.m
2004.03.08 13:41 B C:\Documents and Settings\Administrator\My Documents\WorkPrograms\MatlabFiles\MeshPaperFiles\SingTube\GetTubeRangeData.m --> rsunx.crn.cogs.susx.ac.uk /rsunx/home/andrewop/TempLap/MatlabFiles/MeshPaperFiles/SingTube GetTubeRangeData.m
2004.03.08 13:41 B C:\Documents and Settings\Administrator\My Documents\WorkPrograms\MatlabFiles\MeshPaperFiles\SingTube\InteractionThresh.m --> rsunx.crn.cogs.susx.ac.uk /rsunx/home/andrewop/TempLap/MatlabFiles/MeshPaperFiles/SingTube InteractionThresh.m
2004.03.08 13:41 B C:\Documents and Settings\Administrator\My Documents\WorkPrograms\MatlabFiles\MeshPaperFiles\SingTube\SurfaceConcsPic.m --> rsunx.crn.cogs.susx.ac.uk /rsunx/home/andrewop/TempLap/MatlabFiles/MeshPaperFiles/SingTube SurfaceConcsPic.m
2004.03.08 13:41 B C:\Documents and Settings\Administrator\My Documents\WorkPrograms\MatlabFiles\MeshPaperFiles\SingTube\ThreshLimsPic.m --> rsunx.crn.cogs.susx.ac.uk /rsunx/home/andrewop/TempLap/MatlabFiles/MeshPaperFiles/SingTube ThreshLimsPic.m
2004.03.08 13:41 B C:\Documents and Settings\Administrator\My Documents\WorkPrograms\MatlabFiles\MeshPaperFiles\SingTube\WS_FTP.LOG --> rsunx.crn.cogs.susx.ac.uk /rsunx/home/andrewop/TempLap/MatlabFiles/MeshPaperFiles/SingTube WS_FTP.LOG
