2003.09.30 12:41 B C:\Documents and Settings\Administrator\My Documents\WorkPrograms\MatlabFiles\Metripol\AdjustGamMask.m --> rsunx.crn.cogs.susx.ac.uk /rsunx/home/andrewop/TempLap/MatlabFiles/Metripol AdjustGamMask.m
2003.09.30 12:41 B C:\Documents and Settings\Administrator\My Documents\WorkPrograms\MatlabFiles\Metripol\CrystalProcessing.asv --> rsunx.crn.cogs.susx.ac.uk /rsunx/home/andrewop/TempLap/MatlabFiles/Metripol CrystalProcessing.asv
2003.09.30 12:41 B C:\Documents and Settings\Administrator\My Documents\WorkPrograms\MatlabFiles\Metripol\CrystalProcessing.m --> rsunx.crn.cogs.susx.ac.uk /rsunx/home/andrewop/TempLap/MatlabFiles/Metripol CrystalProcessing.m
2003.09.30 12:41 B C:\Documents and Settings\Administrator\My Documents\WorkPrograms\MatlabFiles\Metripol\DataFitFunc.asv --> rsunx.crn.cogs.susx.ac.uk /rsunx/home/andrewop/TempLap/MatlabFiles/Metripol DataFitFunc.asv
2003.09.30 12:41 B C:\Documents and Settings\Administrator\My Documents\WorkPrograms\MatlabFiles\Metripol\DataFitFunc.m --> rsunx.crn.cogs.susx.ac.uk /rsunx/home/andrewop/TempLap/MatlabFiles/Metripol DataFitFunc.m
2003.09.30 12:41 B C:\Documents and Settings\Administrator\My Documents\WorkPrograms\MatlabFiles\Metripol\DataFitFunc2.m --> rsunx.crn.cogs.susx.ac.uk /rsunx/home/andrewop/TempLap/MatlabFiles/Metripol DataFitFunc2.m
2003.09.30 12:41 B C:\Documents and Settings\Administrator\My Documents\WorkPrograms\MatlabFiles\Metripol\DiffThresholdValues.asv --> rsunx.crn.cogs.susx.ac.uk /rsunx/home/andrewop/TempLap/MatlabFiles/Metripol DiffThresholdValues.asv
2003.09.30 12:41 B C:\Documents and Settings\Administrator\My Documents\WorkPrograms\MatlabFiles\Metripol\DiffThresholdValues.m --> rsunx.crn.cogs.susx.ac.uk /rsunx/home/andrewop/TempLap/MatlabFiles/Metripol DiffThresholdValues.m
2003.09.30 12:41 B C:\Documents and Settings\Administrator\My Documents\WorkPrograms\MatlabFiles\Metripol\FitSin.asv --> rsunx.crn.cogs.susx.ac.uk /rsunx/home/andrewop/TempLap/MatlabFiles/Metripol FitSin.asv
2003.09.30 12:41 B C:\Documents and Settings\Administrator\My Documents\WorkPrograms\MatlabFiles\Metripol\FitSin.m --> rsunx.crn.cogs.susx.ac.uk /rsunx/home/andrewop/TempLap/MatlabFiles/Metripol FitSin.m
2003.09.30 12:41 B C:\Documents and Settings\Administrator\My Documents\WorkPrograms\MatlabFiles\Metripol\FitSin2.m --> rsunx.crn.cogs.susx.ac.uk /rsunx/home/andrewop/TempLap/MatlabFiles/Metripol FitSin2.m
2003.09.30 12:41 B C:\Documents and Settings\Administrator\My Documents\WorkPrograms\MatlabFiles\Metripol\gabormask.m --> rsunx.crn.cogs.susx.ac.uk /rsunx/home/andrewop/TempLap/MatlabFiles/Metripol gabormask.m
2003.09.30 12:41 B C:\Documents and Settings\Administrator\My Documents\WorkPrograms\MatlabFiles\Metripol\GetLoop.asv --> rsunx.crn.cogs.susx.ac.uk /rsunx/home/andrewop/TempLap/MatlabFiles/Metripol GetLoop.asv
2003.09.30 12:41 B C:\Documents and Settings\Administrator\My Documents\WorkPrograms\MatlabFiles\Metripol\GetLoop.m --> rsunx.crn.cogs.susx.ac.uk /rsunx/home/andrewop/TempLap/MatlabFiles/Metripol GetLoop.m
2003.09.30 12:41 B C:\Documents and Settings\Administrator\My Documents\WorkPrograms\MatlabFiles\Metripol\ImageProcessing.asv --> rsunx.crn.cogs.susx.ac.uk /rsunx/home/andrewop/TempLap/MatlabFiles/Metripol ImageProcessing.asv
2003.09.30 12:41 B C:\Documents and Settings\Administrator\My Documents\WorkPrograms\MatlabFiles\Metripol\ImageProcessing.m --> rsunx.crn.cogs.susx.ac.uk /rsunx/home/andrewop/TempLap/MatlabFiles/Metripol ImageProcessing.m
2003.09.30 12:41 B C:\Documents and Settings\Administrator\My Documents\WorkPrograms\MatlabFiles\Metripol\ImposeBBox.m --> rsunx.crn.cogs.susx.ac.uk /rsunx/home/andrewop/TempLap/MatlabFiles/Metripol ImposeBBox.m
2003.09.30 12:41 B C:\Documents and Settings\Administrator\My Documents\WorkPrograms\MatlabFiles\Metripol\max_min_filter.zip --> rsunx.crn.cogs.susx.ac.uk /rsunx/home/andrewop/TempLap/MatlabFiles/Metripol max_min_filter.zip
2003.09.30 12:41 B C:\Documents and Settings\Administrator\My Documents\WorkPrograms\MatlabFiles\Metripol\ReadSSF.m --> rsunx.crn.cogs.susx.ac.uk /rsunx/home/andrewop/TempLap/MatlabFiles/Metripol ReadSSF.m
2003.09.30 12:41 B C:\Documents and Settings\Administrator\My Documents\WorkPrograms\MatlabFiles\Metripol\ReadSSFOld.m --> rsunx.crn.cogs.susx.ac.uk /rsunx/home/andrewop/TempLap/MatlabFiles/Metripol ReadSSFOld.m
2003.09.30 12:41 B C:\Documents and Settings\Administrator\My Documents\WorkPrograms\MatlabFiles\Metripol\SetToCol.m --> rsunx.crn.cogs.susx.ac.uk /rsunx/home/andrewop/TempLap/MatlabFiles/Metripol SetToCol.m
2003.09.30 12:41 B C:\Documents and Settings\Administrator\My Documents\WorkPrograms\MatlabFiles\Metripol\SetToColFilt.m --> rsunx.crn.cogs.susx.ac.uk /rsunx/home/andrewop/TempLap/MatlabFiles/Metripol SetToColFilt.m
2003.09.30 12:41 B C:\Documents and Settings\Administrator\My Documents\WorkPrograms\MatlabFiles\Metripol\SetToColMask.asv --> rsunx.crn.cogs.susx.ac.uk /rsunx/home/andrewop/TempLap/MatlabFiles/Metripol SetToColMask.asv
2003.09.30 12:41 B C:\Documents and Settings\Administrator\My Documents\WorkPrograms\MatlabFiles\Metripol\SetToColMask.m --> rsunx.crn.cogs.susx.ac.uk /rsunx/home/andrewop/TempLap/MatlabFiles/Metripol SetToColMask.m
2003.09.30 12:41 B C:\Documents and Settings\Administrator\My Documents\WorkPrograms\MatlabFiles\Metripol\ShowBoundaries.m --> rsunx.crn.cogs.susx.ac.uk /rsunx/home/andrewop/TempLap/MatlabFiles/Metripol ShowBoundaries.m
2003.09.30 12:41 B C:\Documents and Settings\Administrator\My Documents\WorkPrograms\MatlabFiles\Metripol\ShowTom.asv --> rsunx.crn.cogs.susx.ac.uk /rsunx/home/andrewop/TempLap/MatlabFiles/Metripol ShowTom.asv
2003.09.30 12:41 B C:\Documents and Settings\Administrator\My Documents\WorkPrograms\MatlabFiles\Metripol\ShowTom.m --> rsunx.crn.cogs.susx.ac.uk /rsunx/home/andrewop/TempLap/MatlabFiles/Metripol ShowTom.m
2003.09.30 12:41 B C:\Documents and Settings\Administrator\My Documents\WorkPrograms\MatlabFiles\Metripol\ThreshAndBound.m --> rsunx.crn.cogs.susx.ac.uk /rsunx/home/andrewop/TempLap/MatlabFiles/Metripol ThreshAndBound.m
2003.09.30 12:41 B C:\Documents and Settings\Administrator\My Documents\WorkPrograms\MatlabFiles\Metripol\ThreshAndBoundReg.m --> rsunx.crn.cogs.susx.ac.uk /rsunx/home/andrewop/TempLap/MatlabFiles/Metripol ThreshAndBoundReg.m
2003.09.30 12:41 B C:\Documents and Settings\Administrator\My Documents\WorkPrograms\MatlabFiles\Metripol\WidthAnalysis.asv --> rsunx.crn.cogs.susx.ac.uk /rsunx/home/andrewop/TempLap/MatlabFiles/Metripol WidthAnalysis.asv
2003.09.30 12:41 B C:\Documents and Settings\Administrator\My Documents\WorkPrograms\MatlabFiles\Metripol\WidthAnalysis.m --> rsunx.crn.cogs.susx.ac.uk /rsunx/home/andrewop/TempLap/MatlabFiles/Metripol WidthAnalysis.m
